<?xml version="1.0" encoding="UTF-8"?>
<robot generator="Robot 3.2.2 (Python 3.8.5 on darwin)" generated="20201027 18:41:33.081" rpa="false">
<suite id="s1" name="Loops" source="/Users/anrisawada/20projects/robot-scripts/conditional/Tests/Loops.robot">
<test id="s1-t1" name="FOR Loop with Upper Bounds Range">
<kw name="${Index} IN RANGE [ 5 ]" type="for">
<kw name="${Index} = 0" type="foritem">
<kw name="Do Something">
<arguments>
<arg>${Index}</arg>
</arguments>
<kw name="Log" library="BuiltIn">
<doc>Logs the given message with the given level.</doc>
<arguments>
<arg>I was passed a value of ${PassedIndex}!</arg>
</arguments>
<msg timestamp="20201027 18:41:33.112" level="INFO">I was passed a value of 0!</msg>
<status status="PASS" starttime="20201027 18:41:33.112" endtime="20201027 18:41:33.112"></status>
</kw>
<status status="PASS" starttime="20201027 18:41:33.111" endtime="20201027 18:41:33.112"></status>
</kw>
<kw name="Generate Random String" library="String">
<doc>Generates a string with a desired ``length`` from the given ``chars``.</doc>
<arguments>
<arg>${Index}</arg>
</arguments>
<assign>
<var>${RANDOM_STRING}</var>
</assign>
<msg timestamp="20201027 18:41:33.113" level="INFO">${RANDOM_STRING} = </msg>
<status status="PASS" starttime="20201027 18:41:33.112" endtime="20201027 18:41:33.113"></status>
</kw>
<kw name="Log" library="BuiltIn">
<doc>Logs the given message with the given level.</doc>
<arguments>
<arg>${RANDOM_STRING}</arg>
</arguments>
<msg timestamp="20201027 18:41:33.113" level="INFO"></msg>
<status status="PASS" starttime="20201027 18:41:33.113" endtime="20201027 18:41:33.113"></status>
</kw>
<status status="PASS" starttime="20201027 18:41:33.111" endtime="20201027 18:41:33.113"></status>
</kw>
<kw name="${Index} = 1" type="foritem">
<kw name="Do Something">
<arguments>
<arg>${Index}</arg>
</arguments>
<kw name="Log" library="BuiltIn">
<doc>Logs the given message with the given level.</doc>
<arguments>
<arg>I was passed a value of ${PassedIndex}!</arg>
</arguments>
<msg timestamp="20201027 18:41:33.114" level="INFO">I was passed a value of 1!</msg>
<status status="PASS" starttime="20201027 18:41:33.114" endtime="20201027 18:41:33.114"></status>
</kw>
<status status="PASS" starttime="20201027 18:41:33.113" endtime="20201027 18:41:33.114"></status>
</kw>
<kw name="Generate Random String" library="String">
<doc>Generates a string with a desired ``length`` from the given ``chars``.</doc>
<arguments>
<arg>${Index}</arg>
</arguments>
<assign>
<var>${RANDOM_STRING}</var>
</assign>
<msg timestamp="20201027 18:41:33.114" level="INFO">${RANDOM_STRING} = 2</msg>
<status status="PASS" starttime="20201027 18:41:33.114" endtime="20201027 18:41:33.114"></status>
</kw>
<kw name="Log" library="BuiltIn">
<doc>Logs the given message with the given level.</doc>
<arguments>
<arg>${RANDOM_STRING}</arg>
</arguments>
<msg timestamp="20201027 18:41:33.115" level="INFO">2</msg>
<status status="PASS" starttime="20201027 18:41:33.114" endtime="20201027 18:41:33.115"></status>
</kw>
<status status="PASS" starttime="20201027 18:41:33.113" endtime="20201027 18:41:33.115"></status>
</kw>
<kw name="${Index} = 2" type="foritem">
<kw name="Do Something">
<arguments>
<arg>${Index}</arg>
</arguments>
<kw name="Log" library="BuiltIn">
<doc>Logs the given message with the given level.</doc>
<arguments>
<arg>I was passed a value of ${PassedIndex}!</arg>
</arguments>
<msg timestamp="20201027 18:41:33.115" level="INFO">I was passed a value of 2!</msg>
<status status="PASS" starttime="20201027 18:41:33.115" endtime="20201027 18:41:33.115"></status>
</kw>
<status status="PASS" starttime="20201027 18:41:33.115" endtime="20201027 18:41:33.116"></status>
</kw>
<kw name="Generate Random String" library="String">
<doc>Generates a string with a desired ``length`` from the given ``chars``.</doc>
<arguments>
<arg>${Index}</arg>
</arguments>
<assign>
<var>${RANDOM_STRING}</var>
</assign>
<msg timestamp="20201027 18:41:33.116" level="INFO">${RANDOM_STRING} = gJ</msg>
<status status="PASS" starttime="20201027 18:41:33.116" endtime="20201027 18:41:33.116"></status>
</kw>
<kw name="Log" library="BuiltIn">
<doc>Logs the given message with the given level.</doc>
<arguments>
<arg>${RANDOM_STRING}</arg>
</arguments>
<msg timestamp="20201027 18:41:33.116" level="INFO">gJ</msg>
<status status="PASS" starttime="20201027 18:41:33.116" endtime="20201027 18:41:33.116"></status>
</kw>
<status status="PASS" starttime="20201027 18:41:33.115" endtime="20201027 18:41:33.116"></status>
</kw>
<kw name="${Index} = 3" type="foritem">
<kw name="Do Something">
<arguments>
<arg>${Index}</arg>
</arguments>
<kw name="Log" library="BuiltIn">
<doc>Logs the given message with the given level.</doc>
<arguments>
<arg>I was passed a value of ${PassedIndex}!</arg>
</arguments>
<msg timestamp="20201027 18:41:33.117" level="INFO">I was passed a value of 3!</msg>
<status status="PASS" starttime="20201027 18:41:33.117" endtime="20201027 18:41:33.117"></status>
</kw>
<status status="PASS" starttime="20201027 18:41:33.116" endtime="20201027 18:41:33.117"></status>
</kw>
<kw name="Generate Random String" library="String">
<doc>Generates a string with a desired ``length`` from the given ``chars``.</doc>
<arguments>
<arg>${Index}</arg>
</arguments>
<assign>
<var>${RANDOM_STRING}</var>
</assign>
<msg timestamp="20201027 18:41:33.117" level="INFO">${RANDOM_STRING} = jSk</msg>
<status status="PASS" starttime="20201027 18:41:33.117" endtime="20201027 18:41:33.117"></status>
</kw>
<kw name="Log" library="BuiltIn">
<doc>Logs the given message with the given level.</doc>
<arguments>
<arg>${RANDOM_STRING}</arg>
</arguments>
<msg timestamp="20201027 18:41:33.118" level="INFO">jSk</msg>
<status status="PASS" starttime="20201027 18:41:33.117" endtime="20201027 18:41:33.118"></status>
</kw>
<status status="PASS" starttime="20201027 18:41:33.116" endtime="20201027 18:41:33.118"></status>
</kw>
<kw name="${Index} = 4" type="foritem">
<kw name="Do Something">
<arguments>
<arg>${Index}</arg>
</arguments>
<kw name="Log" library="BuiltIn">
<doc>Logs the given message with the given level.</doc>
<arguments>
<arg>I was passed a value of ${PassedIndex}!</arg>
</arguments>
<msg timestamp="20201027 18:41:33.119" level="INFO">I was passed a value of 4!</msg>
<status status="PASS" starttime="20201027 18:41:33.118" endtime="20201027 18:41:33.119"></status>
</kw>
<status status="PASS" starttime="20201027 18:41:33.118" endtime="20201027 18:41:33.119"></status>
</kw>
<kw name="Generate Random String" library="String">
<doc>Generates a string with a desired ``length`` from the given ``chars``.</doc>
<arguments>
<arg>${Index}</arg>
</arguments>
<assign>
<var>${RANDOM_STRING}</var>
</assign>
<msg timestamp="20201027 18:41:33.119" level="INFO">${RANDOM_STRING} = fdSu</msg>
<status status="PASS" starttime="20201027 18:41:33.119" endtime="20201027 18:41:33.119"></status>
</kw>
<kw name="Log" library="BuiltIn">
<doc>Logs the given message with the given level.</doc>
<arguments>
<arg>${RANDOM_STRING}</arg>
</arguments>
<msg timestamp="20201027 18:41:33.120" level="INFO">fdSu</msg>
<status status="PASS" starttime="20201027 18:41:33.119" endtime="20201027 18:41:33.120"></status>
</kw>
<status status="PASS" starttime="20201027 18:41:33.118" endtime="20201027 18:41:33.120"></status>
</kw>
<status status="PASS" starttime="20201027 18:41:33.111" endtime="20201027 18:41:33.120"></status>
</kw>
<doc>This gives us a 0 based range</doc>
<status status="PASS" starttime="20201027 18:41:33.110" endtime="20201027 18:41:33.120" critical="yes"></status>
</test>
<test id="s1-t2" name="FOR Loop with Start and Finish Range">
<kw name="${Index} IN RANGE [ 1 | 4 ]" type="for">
<kw name="${Index} = 1" type="foritem">
<kw name="Do Something">
<arguments>
<arg>${Index}</arg>
</arguments>
<kw name="Log" library="BuiltIn">
<doc>Logs the given message with the given level.</doc>
<arguments>
<arg>I was passed a value of ${PassedIndex}!</arg>
</arguments>
<msg timestamp="20201027 18:41:33.122" level="INFO">I was passed a value of 1!</msg>
<status status="PASS" starttime="20201027 18:41:33.122" endtime="20201027 18:41:33.122"></status>
</kw>
<status status="PASS" starttime="20201027 18:41:33.122" endtime="20201027 18:41:33.123"></status>
</kw>
<kw name="Generate Random String" library="String">
<doc>Generates a string with a desired ``length`` from the given ``chars``.</doc>
<arguments>
<arg>${Index}</arg>
</arguments>
<assign>
<var>${RANDOM_STRING}</var>
</assign>
<msg timestamp="20201027 18:41:33.123" level="INFO">${RANDOM_STRING} = l</msg>
<status status="PASS" starttime="20201027 18:41:33.123" endtime="20201027 18:41:33.123"></status>
</kw>
<kw name="Log" library="BuiltIn">
<doc>Logs the given message with the given level.</doc>
<arguments>
<arg>${RANDOM_STRING}</arg>
</arguments>
<msg timestamp="20201027 18:41:33.124" level="INFO">l</msg>
<status status="PASS" starttime="20201027 18:41:33.123" endtime="20201027 18:41:33.124"></status>
</kw>
<status status="PASS" starttime="20201027 18:41:33.122" endtime="20201027 18:41:33.124"></status>
</kw>
<kw name="${Index} = 2" type="foritem">
<kw name="Do Something">
<arguments>
<arg>${Index}</arg>
</arguments>
<kw name="Log" library="BuiltIn">
<doc>Logs the given message with the given level.</doc>
<arguments>
<arg>I was passed a value of ${PassedIndex}!</arg>
</arguments>
<msg timestamp="20201027 18:41:33.125" level="INFO">I was passed a value of 2!</msg>
<status status="PASS" starttime="20201027 18:41:33.124" endtime="20201027 18:41:33.125"></status>
</kw>
<status status="PASS" starttime="20201027 18:41:33.124" endtime="20201027 18:41:33.125"></status>
</kw>
<kw name="Generate Random String" library="String">
<doc>Generates a string with a desired ``length`` from the given ``chars``.</doc>
<arguments>
<arg>${Index}</arg>
</arguments>
<assign>
<var>${RANDOM_STRING}</var>
</assign>
<msg timestamp="20201027 18:41:33.125" level="INFO">${RANDOM_STRING} = Wm</msg>
<status status="PASS" starttime="20201027 18:41:33.125" endtime="20201027 18:41:33.125"></status>
</kw>
<kw name="Log" library="BuiltIn">
<doc>Logs the given message with the given level.</doc>
<arguments>
<arg>${RANDOM_STRING}</arg>
</arguments>
<msg timestamp="20201027 18:41:33.125" level="INFO">Wm</msg>
<status status="PASS" starttime="20201027 18:41:33.125" endtime="20201027 18:41:33.125"></status>
</kw>
<status status="PASS" starttime="20201027 18:41:33.124" endtime="20201027 18:41:33.125"></status>
</kw>
<kw name="${Index} = 3" type="foritem">
<kw name="Do Something">
<arguments>
<arg>${Index}</arg>
</arguments>
<kw name="Log" library="BuiltIn">
<doc>Logs the given message with the given level.</doc>
<arguments>
<arg>I was passed a value of ${PassedIndex}!</arg>
</arguments>
<msg timestamp="20201027 18:41:33.126" level="INFO">I was passed a value of 3!</msg>
<status status="PASS" starttime="20201027 18:41:33.126" endtime="20201027 18:41:33.126"></status>
</kw>
<status status="PASS" starttime="20201027 18:41:33.126" endtime="20201027 18:41:33.126"></status>
</kw>
<kw name="Generate Random String" library="String">
<doc>Generates a string with a desired ``length`` from the given ``chars``.</doc>
<arguments>
<arg>${Index}</arg>
</arguments>
<assign>
<var>${RANDOM_STRING}</var>
</assign>
<msg timestamp="20201027 18:41:33.127" level="INFO">${RANDOM_STRING} = vT9</msg>
<status status="PASS" starttime="20201027 18:41:33.126" endtime="20201027 18:41:33.127"></status>
</kw>
<kw name="Log" library="BuiltIn">
<doc>Logs the given message with the given level.</doc>
<arguments>
<arg>${RANDOM_STRING}</arg>
</arguments>
<msg timestamp="20201027 18:41:33.127" level="INFO">vT9</msg>
<status status="PASS" starttime="20201027 18:41:33.127" endtime="20201027 18:41:33.127"></status>
</kw>
<status status="PASS" starttime="20201027 18:41:33.126" endtime="20201027 18:41:33.127"></status>
</kw>
<status status="PASS" starttime="20201027 18:41:33.121" endtime="20201027 18:41:33.127"></status>
</kw>
<doc>No longer a 0 based range because I provided start</doc>
<status status="PASS" starttime="20201027 18:41:33.121" endtime="20201027 18:41:33.128" critical="yes"></status>
</test>
<test id="s1-t3" name="FOR Loop with Start, Finish, and Step Range">
<kw name="${Index} IN RANGE [ 1 | 10 | 2 ]" type="for">
<kw name="${Index} = 1" type="foritem">
<kw name="Do Something">
<arguments>
<arg>${Index}</arg>
</arguments>
<kw name="Log" library="BuiltIn">
<doc>Logs the given message with the given level.</doc>
<arguments>
<arg>I was passed a value of ${PassedIndex}!</arg>
</arguments>
<msg timestamp="20201027 18:41:33.129" level="INFO">I was passed a value of 1!</msg>
<status status="PASS" starttime="20201027 18:41:33.129" endtime="20201027 18:41:33.129"></status>
</kw>
<status status="PASS" starttime="20201027 18:41:33.129" endtime="20201027 18:41:33.129"></status>
</kw>
<kw name="Generate Random String" library="String">
<doc>Generates a string with a desired ``length`` from the given ``chars``.</doc>
<arguments>
<arg>${Index}</arg>
</arguments>
<assign>
<var>${RANDOM_STRING}</var>
</assign>
<msg timestamp="20201027 18:41:33.130" level="INFO">${RANDOM_STRING} = W</msg>
<status status="PASS" starttime="20201027 18:41:33.129" endtime="20201027 18:41:33.130"></status>
</kw>
<kw name="Log" library="BuiltIn">
<doc>Logs the given message with the given level.</doc>
<arguments>
<arg>${RANDOM_STRING}</arg>
</arguments>
<msg timestamp="20201027 18:41:33.130" level="INFO">W</msg>
<status status="PASS" starttime="20201027 18:41:33.130" endtime="20201027 18:41:33.130"></status>
</kw>
<status status="PASS" starttime="20201027 18:41:33.128" endtime="20201027 18:41:33.130"></status>
</kw>
<kw name="${Index} = 3" type="foritem">
<kw name="Do Something">
<arguments>
<arg>${Index}</arg>
</arguments>
<kw name="Log" library="BuiltIn">
<doc>Logs the given message with the given level.</doc>
<arguments>
<arg>I was passed a value of ${PassedIndex}!</arg>
</arguments>
<msg timestamp="20201027 18:41:33.131" level="INFO">I was passed a value of 3!</msg>
<status status="PASS" starttime="20201027 18:41:33.131" endtime="20201027 18:41:33.131"></status>
</kw>
<status status="PASS" starttime="20201027 18:41:33.130" endtime="20201027 18:41:33.131"></status>
</kw>
<kw name="Generate Random String" library="String">
<doc>Generates a string with a desired ``length`` from the given ``chars``.</doc>
<arguments>
<arg>${Index}</arg>
</arguments>
<assign>
<var>${RANDOM_STRING}</var>
</assign>
<msg timestamp="20201027 18:41:33.131" level="INFO">${RANDOM_STRING} = ZrS</msg>
<status status="PASS" starttime="20201027 18:41:33.131" endtime="20201027 18:41:33.131"></status>
</kw>
<kw name="Log" library="BuiltIn">
<doc>Logs the given message with the given level.</doc>
<arguments>
<arg>${RANDOM_STRING}</arg>
</arguments>
<msg timestamp="20201027 18:41:33.132" level="INFO">ZrS</msg>
<status status="PASS" starttime="20201027 18:41:33.132" endtime="20201027 18:41:33.132"></status>
</kw>
<status status="PASS" starttime="20201027 18:41:33.130" endtime="20201027 18:41:33.132"></status>
</kw>
<kw name="${Index} = 5" type="foritem">
<kw name="Do Something">
<arguments>
<arg>${Index}</arg>
</arguments>
<kw name="Log" library="BuiltIn">
<doc>Logs the given message with the given level.</doc>
<arguments>
<arg>I was passed a value of ${PassedIndex}!</arg>
</arguments>
<msg timestamp="20201027 18:41:33.132" level="INFO">I was passed a value of 5!</msg>
<status status="PASS" starttime="20201027 18:41:33.132" endtime="20201027 18:41:33.133"></status>
</kw>
<status status="PASS" starttime="20201027 18:41:33.132" endtime="20201027 18:41:33.133"></status>
</kw>
<kw name="Generate Random String" library="String">
<doc>Generates a string with a desired ``length`` from the given ``chars``.</doc>
<arguments>
<arg>${Index}</arg>
</arguments>
<assign>
<var>${RANDOM_STRING}</var>
</assign>
<msg timestamp="20201027 18:41:33.133" level="INFO">${RANDOM_STRING} = hujJ6</msg>
<status status="PASS" starttime="20201027 18:41:33.133" endtime="20201027 18:41:33.133"></status>
</kw>
<kw name="Log" library="BuiltIn">
<doc>Logs the given message with the given level.</doc>
<arguments>
<arg>${RANDOM_STRING}</arg>
</arguments>
<msg timestamp="20201027 18:41:33.133" level="INFO">hujJ6</msg>
<status status="PASS" starttime="20201027 18:41:33.133" endtime="20201027 18:41:33.133"></status>
</kw>
<status status="PASS" starttime="20201027 18:41:33.132" endtime="20201027 18:41:33.133"></status>
</kw>
<kw name="${Index} = 7" type="foritem">
<kw name="Do Something">
<arguments>
<arg>${Index}</arg>
</arguments>
<kw name="Log" library="BuiltIn">
<doc>Logs the given message with the given level.</doc>
<arguments>
<arg>I was passed a value of ${PassedIndex}!</arg>
</arguments>
<msg timestamp="20201027 18:41:33.135" level="INFO">I was passed a value of 7!</msg>
<status status="PASS" starttime="20201027 18:41:33.134" endtime="20201027 18:41:33.135"></status>
</kw>
<status status="PASS" starttime="20201027 18:41:33.134" endtime="20201027 18:41:33.135"></status>
</kw>
<kw name="Generate Random String" library="String">
<doc>Generates a string with a desired ``length`` from the given ``chars``.</doc>
<arguments>
<arg>${Index}</arg>
</arguments>
<assign>
<var>${RANDOM_STRING}</var>
</assign>
<msg timestamp="20201027 18:41:33.136" level="INFO">${RANDOM_STRING} = 7oISnsk</msg>
<status status="PASS" starttime="20201027 18:41:33.135" endtime="20201027 18:41:33.136"></status>
</kw>
<kw name="Log" library="BuiltIn">
<doc>Logs the given message with the given level.</doc>
<arguments>
<arg>${RANDOM_STRING}</arg>
</arguments>
<msg timestamp="20201027 18:41:33.136" level="INFO">7oISnsk</msg>
<status status="PASS" starttime="20201027 18:41:33.136" endtime="20201027 18:41:33.136"></status>
</kw>
<status status="PASS" starttime="20201027 18:41:33.134" endtime="20201027 18:41:33.137"></status>
</kw>
<kw name="${Index} = 9" type="foritem">
<kw name="Do Something">
<arguments>
<arg>${Index}</arg>
</arguments>
<kw name="Log" library="BuiltIn">
<doc>Logs the given message with the given level.</doc>
<arguments>
<arg>I was passed a value of ${PassedIndex}!</arg>
</arguments>
<msg timestamp="20201027 18:41:33.137" level="INFO">I was passed a value of 9!</msg>
<status status="PASS" starttime="20201027 18:41:33.137" endtime="20201027 18:41:33.137"></status>
</kw>
<status status="PASS" starttime="20201027 18:41:33.137" endtime="20201027 18:41:33.137"></status>
</kw>
<kw name="Generate Random String" library="String">
<doc>Generates a string with a desired ``length`` from the given ``chars``.</doc>
<arguments>
<arg>${Index}</arg>
</arguments>
<assign>
<var>${RANDOM_STRING}</var>
</assign>
<msg timestamp="20201027 18:41:33.138" level="INFO">${RANDOM_STRING} = 4jVFPbDIg</msg>
<status status="PASS" starttime="20201027 18:41:33.137" endtime="20201027 18:41:33.138"></status>
</kw>
<kw name="Log" library="BuiltIn">
<doc>Logs the given message with the given level.</doc>
<arguments>
<arg>${RANDOM_STRING}</arg>
</arguments>
<msg timestamp="20201027 18:41:33.138" level="INFO">4jVFPbDIg</msg>
<status status="PASS" starttime="20201027 18:41:33.138" endtime="20201027 18:41:33.138"></status>
</kw>
<status status="PASS" starttime="20201027 18:41:33.137" endtime="20201027 18:41:33.138"></status>
</kw>
<status status="PASS" starttime="20201027 18:41:33.128" endtime="20201027 18:41:33.138"></status>
</kw>
<doc>The counter will jump by 2 each time ("step" value = 2)</doc>
<status status="PASS" starttime="20201027 18:41:33.128" endtime="20201027 18:41:33.139" critical="yes"></status>
</test>
<test id="s1-t4" name="FOR Loop with List">
<kw name="Create List" library="BuiltIn">
<doc>Returns a list containing given items.</doc>
<arguments>
<arg>Item 1</arg>
<arg>Item 2</arg>
<arg>Item 3</arg>
</arguments>
<assign>
<var>@{ITEMS}</var>
</assign>
<msg timestamp="20201027 18:41:33.140" level="INFO">@{ITEMS} = [ Item 1 | Item 2 | Item 3 ]</msg>
<status status="PASS" starttime="20201027 18:41:33.139" endtime="20201027 18:41:33.140"></status>
</kw>
<kw name="${ELEMENT} IN [ @{ITEMS} ]" type="for">
<kw name="${ELEMENT} = Item 1" type="foritem">
<kw name="Do Something">
<arguments>
<arg>${ELEMENT}</arg>
</arguments>
<kw name="Log" library="BuiltIn">
<doc>Logs the given message with the given level.</doc>
<arguments>
<arg>I was passed a value of ${PassedIndex}!</arg>
</arguments>
<msg timestamp="20201027 18:41:33.141" level="INFO">I was passed a value of Item 1!</msg>
<status status="PASS" starttime="20201027 18:41:33.141" endtime="20201027 18:41:33.141"></status>
</kw>
<status status="PASS" starttime="20201027 18:41:33.140" endtime="20201027 18:41:33.141"></status>
</kw>
<status status="PASS" starttime="20201027 18:41:33.140" endtime="20201027 18:41:33.141"></status>
</kw>
<kw name="${ELEMENT} = Item 2" type="foritem">
<kw name="Do Something">
<arguments>
<arg>${ELEMENT}</arg>
</arguments>
<kw name="Log" library="BuiltIn">
<doc>Logs the given message with the given level.</doc>
<arguments>
<arg>I was passed a value of ${PassedIndex}!</arg>
</arguments>
<msg timestamp="20201027 18:41:33.142" level="INFO">I was passed a value of Item 2!</msg>
<status status="PASS" starttime="20201027 18:41:33.142" endtime="20201027 18:41:33.142"></status>
</kw>
<status status="PASS" starttime="20201027 18:41:33.141" endtime="20201027 18:41:33.142"></status>
</kw>
<status status="PASS" starttime="20201027 18:41:33.141" endtime="20201027 18:41:33.142"></status>
</kw>
<kw name="${ELEMENT} = Item 3" type="foritem">
<kw name="Do Something">
<arguments>
<arg>${ELEMENT}</arg>
</arguments>
<kw name="Log" library="BuiltIn">
<doc>Logs the given message with the given level.</doc>
<arguments>
<arg>I was passed a value of ${PassedIndex}!</arg>
</arguments>
<msg timestamp="20201027 18:41:33.143" level="INFO">I was passed a value of Item 3!</msg>
<status status="PASS" starttime="20201027 18:41:33.143" endtime="20201027 18:41:33.143"></status>
</kw>
<status status="PASS" starttime="20201027 18:41:33.142" endtime="20201027 18:41:33.143"></status>
</kw>
<status status="PASS" starttime="20201027 18:41:33.142" endtime="20201027 18:41:33.143"></status>
</kw>
<status status="PASS" starttime="20201027 18:41:33.140" endtime="20201027 18:41:33.143"></status>
</kw>
<status status="PASS" starttime="20201027 18:41:33.139" endtime="20201027 18:41:33.143" critical="yes"></status>
</test>
<test id="s1-t5" name="Exit a FOR Loop">
<kw name="Create List" library="BuiltIn">
<doc>Returns a list containing given items.</doc>
<arguments>
<arg>Item 1</arg>
<arg>Item 2</arg>
<arg>Item 3</arg>
</arguments>
<assign>
<var>@{ITEMS}</var>
</assign>
<msg timestamp="20201027 18:41:33.144" level="INFO">@{ITEMS} = [ Item 1 | Item 2 | Item 3 ]</msg>
<status status="PASS" starttime="20201027 18:41:33.144" endtime="20201027 18:41:33.145"></status>
</kw>
<kw name="${MYItem} IN [ @{ITEMS} ]" type="for">
<kw name="${MYItem} = Item 1" type="foritem">
<kw name="Log" library="BuiltIn">
<doc>Logs the given message with the given level.</doc>
<arguments>
<arg>${MYItem}</arg>
</arguments>
<msg timestamp="20201027 18:41:33.145" level="INFO">Item 1</msg>
<status status="PASS" starttime="20201027 18:41:33.145" endtime="20201027 18:41:33.145"></status>
</kw>
<kw name="Run Keyword If" library="BuiltIn">
<doc>Runs the given keyword with the given arguments, if ``condition`` is true.</doc>
<arguments>
<arg>"${MyItem}" == "Item 3"</arg>
<arg>Exit For Loop</arg>
</arguments>
<status status="PASS" starttime="20201027 18:41:33.145" endtime="20201027 18:41:33.146"></status>
</kw>
<kw name="Log" library="BuiltIn">
<doc>Logs the given message with the given level.</doc>
<arguments>
<arg>Item 3 didn't exit yet</arg>
</arguments>
<msg timestamp="20201027 18:41:33.146" level="INFO">Item 3 didn't exit yet</msg>
<status status="PASS" starttime="20201027 18:41:33.146" endtime="20201027 18:41:33.146"></status>
</kw>
<status status="PASS" starttime="20201027 18:41:33.145" endtime="20201027 18:41:33.146"></status>
</kw>
<kw name="${MYItem} = Item 2" type="foritem">
<kw name="Log" library="BuiltIn">
<doc>Logs the given message with the given level.</doc>
<arguments>
<arg>${MYItem}</arg>
</arguments>
<msg timestamp="20201027 18:41:33.147" level="INFO">Item 2</msg>
<status status="PASS" starttime="20201027 18:41:33.146" endtime="20201027 18:41:33.147"></status>
</kw>
<kw name="Run Keyword If" library="BuiltIn">
<doc>Runs the given keyword with the given arguments, if ``condition`` is true.</doc>
<arguments>
<arg>"${MyItem}" == "Item 3"</arg>
<arg>Exit For Loop</arg>
</arguments>
<status status="PASS" starttime="20201027 18:41:33.147" endtime="20201027 18:41:33.147"></status>
</kw>
<kw name="Log" library="BuiltIn">
<doc>Logs the given message with the given level.</doc>
<arguments>
<arg>Item 3 didn't exit yet</arg>
</arguments>
<msg timestamp="20201027 18:41:33.148" level="INFO">Item 3 didn't exit yet</msg>
<status status="PASS" starttime="20201027 18:41:33.147" endtime="20201027 18:41:33.148"></status>
</kw>
<status status="PASS" starttime="20201027 18:41:33.146" endtime="20201027 18:41:33.148"></status>
</kw>
<kw name="${MYItem} = Item 3" type="foritem">
<kw name="Log" library="BuiltIn">
<doc>Logs the given message with the given level.</doc>
<arguments>
<arg>${MYItem}</arg>
</arguments>
<msg timestamp="20201027 18:41:33.148" level="INFO">Item 3</msg>
<status status="PASS" starttime="20201027 18:41:33.148" endtime="20201027 18:41:33.148"></status>
</kw>
<kw name="Run Keyword If" library="BuiltIn">
<doc>Runs the given keyword with the given arguments, if ``condition`` is true.</doc>
<arguments>
<arg>"${MyItem}" == "Item 3"</arg>
<arg>Exit For Loop</arg>
</arguments>
<kw name="Exit For Loop" library="BuiltIn">
<doc>Stops executing the enclosing for loop.</doc>
<msg timestamp="20201027 18:41:33.148" level="INFO">Exiting for loop altogether.</msg>
<status status="PASS" starttime="20201027 18:41:33.148" endtime="20201027 18:41:33.149"></status>
</kw>
<status status="PASS" starttime="20201027 18:41:33.148" endtime="20201027 18:41:33.149"></status>
</kw>
<status status="PASS" starttime="20201027 18:41:33.148" endtime="20201027 18:41:33.149"></status>
</kw>
<status status="PASS" starttime="20201027 18:41:33.145" endtime="20201027 18:41:33.149"></status>
</kw>
<kw name="Log" library="BuiltIn">
<doc>Logs the given message with the given level.</doc>
<arguments>
<arg>Out of the loop</arg>
</arguments>
<msg timestamp="20201027 18:41:33.149" level="INFO">Out of the loop</msg>
<status status="PASS" starttime="20201027 18:41:33.149" endtime="20201027 18:41:33.149"></status>
</kw>
<status status="PASS" starttime="20201027 18:41:33.144" endtime="20201027 18:41:33.149" critical="yes"></status>
</test>
<status status="PASS" starttime="20201027 18:41:33.084" endtime="20201027 18:41:33.149"></status>
</suite>
<statistics>
<total>
<stat pass="5" fail="0">Critical Tests</stat>
<stat pass="5" fail="0">All Tests</stat>
</total>
<tag>
</tag>
<suite>
<stat pass="5" fail="0" id="s1" name="Loops">Loops</stat>
</suite>
</statistics>
<errors>
</errors>
</robot>
