<?xml version="1.0" encoding="UTF-8"?>
<robot generator="Robot 3.2.2 (Python 3.8.5 on darwin)" generated="20201026 18:30:03.294" rpa="false">
<suite id="s1" name="Loops" source="/Users/anrisawada/20projects/robot-scripts/conditional/Tests/Loops.robot">
<test id="s1-t1" name="FOR Loop with Upper Bounds Range">
<kw name="${Index} IN RANGE [ 5 ]" type="for">
<kw name="${Index} = 0" type="foritem">
<kw name="Log" library="BuiltIn">
<doc>Logs the given message with the given level.</doc>
<arguments>
<arg>${Index}</arg>
</arguments>
<msg timestamp="20201026 18:30:03.325" level="INFO">0</msg>
<status status="PASS" starttime="20201026 18:30:03.325" endtime="20201026 18:30:03.325"></status>
</kw>
<kw name="Generate Random String" library="String">
<doc>Generates a string with a desired ``length`` from the given ``chars``.</doc>
<arguments>
<arg>${Index}</arg>
</arguments>
<assign>
<var>${RANDOM_STRING}</var>
</assign>
<msg timestamp="20201026 18:30:03.326" level="INFO">${RANDOM_STRING} = </msg>
<status status="PASS" starttime="20201026 18:30:03.325" endtime="20201026 18:30:03.326"></status>
</kw>
<kw name="Log" library="BuiltIn">
<doc>Logs the given message with the given level.</doc>
<arguments>
<arg>${RANDOM_STRING}</arg>
</arguments>
<msg timestamp="20201026 18:30:03.326" level="INFO"></msg>
<status status="PASS" starttime="20201026 18:30:03.326" endtime="20201026 18:30:03.326"></status>
</kw>
<status status="PASS" starttime="20201026 18:30:03.325" endtime="20201026 18:30:03.326"></status>
</kw>
<kw name="${Index} = 1" type="foritem">
<kw name="Log" library="BuiltIn">
<doc>Logs the given message with the given level.</doc>
<arguments>
<arg>${Index}</arg>
</arguments>
<msg timestamp="20201026 18:30:03.327" level="INFO">1</msg>
<status status="PASS" starttime="20201026 18:30:03.326" endtime="20201026 18:30:03.327"></status>
</kw>
<kw name="Generate Random String" library="String">
<doc>Generates a string with a desired ``length`` from the given ``chars``.</doc>
<arguments>
<arg>${Index}</arg>
</arguments>
<assign>
<var>${RANDOM_STRING}</var>
</assign>
<msg timestamp="20201026 18:30:03.327" level="INFO">${RANDOM_STRING} = R</msg>
<status status="PASS" starttime="20201026 18:30:03.327" endtime="20201026 18:30:03.327"></status>
</kw>
<kw name="Log" library="BuiltIn">
<doc>Logs the given message with the given level.</doc>
<arguments>
<arg>${RANDOM_STRING}</arg>
</arguments>
<msg timestamp="20201026 18:30:03.327" level="INFO">R</msg>
<status status="PASS" starttime="20201026 18:30:03.327" endtime="20201026 18:30:03.327"></status>
</kw>
<status status="PASS" starttime="20201026 18:30:03.326" endtime="20201026 18:30:03.327"></status>
</kw>
<kw name="${Index} = 2" type="foritem">
<kw name="Log" library="BuiltIn">
<doc>Logs the given message with the given level.</doc>
<arguments>
<arg>${Index}</arg>
</arguments>
<msg timestamp="20201026 18:30:03.328" level="INFO">2</msg>
<status status="PASS" starttime="20201026 18:30:03.328" endtime="20201026 18:30:03.328"></status>
</kw>
<kw name="Generate Random String" library="String">
<doc>Generates a string with a desired ``length`` from the given ``chars``.</doc>
<arguments>
<arg>${Index}</arg>
</arguments>
<assign>
<var>${RANDOM_STRING}</var>
</assign>
<msg timestamp="20201026 18:30:03.328" level="INFO">${RANDOM_STRING} = Qi</msg>
<status status="PASS" starttime="20201026 18:30:03.328" endtime="20201026 18:30:03.328"></status>
</kw>
<kw name="Log" library="BuiltIn">
<doc>Logs the given message with the given level.</doc>
<arguments>
<arg>${RANDOM_STRING}</arg>
</arguments>
<msg timestamp="20201026 18:30:03.328" level="INFO">Qi</msg>
<status status="PASS" starttime="20201026 18:30:03.328" endtime="20201026 18:30:03.328"></status>
</kw>
<status status="PASS" starttime="20201026 18:30:03.327" endtime="20201026 18:30:03.328"></status>
</kw>
<kw name="${Index} = 3" type="foritem">
<kw name="Log" library="BuiltIn">
<doc>Logs the given message with the given level.</doc>
<arguments>
<arg>${Index}</arg>
</arguments>
<msg timestamp="20201026 18:30:03.329" level="INFO">3</msg>
<status status="PASS" starttime="20201026 18:30:03.328" endtime="20201026 18:30:03.329"></status>
</kw>
<kw name="Generate Random String" library="String">
<doc>Generates a string with a desired ``length`` from the given ``chars``.</doc>
<arguments>
<arg>${Index}</arg>
</arguments>
<assign>
<var>${RANDOM_STRING}</var>
</assign>
<msg timestamp="20201026 18:30:03.329" level="INFO">${RANDOM_STRING} = I9Y</msg>
<status status="PASS" starttime="20201026 18:30:03.329" endtime="20201026 18:30:03.329"></status>
</kw>
<kw name="Log" library="BuiltIn">
<doc>Logs the given message with the given level.</doc>
<arguments>
<arg>${RANDOM_STRING}</arg>
</arguments>
<msg timestamp="20201026 18:30:03.329" level="INFO">I9Y</msg>
<status status="PASS" starttime="20201026 18:30:03.329" endtime="20201026 18:30:03.329"></status>
</kw>
<status status="PASS" starttime="20201026 18:30:03.328" endtime="20201026 18:30:03.329"></status>
</kw>
<kw name="${Index} = 4" type="foritem">
<kw name="Log" library="BuiltIn">
<doc>Logs the given message with the given level.</doc>
<arguments>
<arg>${Index}</arg>
</arguments>
<msg timestamp="20201026 18:30:03.330" level="INFO">4</msg>
<status status="PASS" starttime="20201026 18:30:03.329" endtime="20201026 18:30:03.330"></status>
</kw>
<kw name="Generate Random String" library="String">
<doc>Generates a string with a desired ``length`` from the given ``chars``.</doc>
<arguments>
<arg>${Index}</arg>
</arguments>
<assign>
<var>${RANDOM_STRING}</var>
</assign>
<msg timestamp="20201026 18:30:03.330" level="INFO">${RANDOM_STRING} = bSm7</msg>
<status status="PASS" starttime="20201026 18:30:03.330" endtime="20201026 18:30:03.330"></status>
</kw>
<kw name="Log" library="BuiltIn">
<doc>Logs the given message with the given level.</doc>
<arguments>
<arg>${RANDOM_STRING}</arg>
</arguments>
<msg timestamp="20201026 18:30:03.330" level="INFO">bSm7</msg>
<status status="PASS" starttime="20201026 18:30:03.330" endtime="20201026 18:30:03.330"></status>
</kw>
<status status="PASS" starttime="20201026 18:30:03.329" endtime="20201026 18:30:03.330"></status>
</kw>
<status status="PASS" starttime="20201026 18:30:03.325" endtime="20201026 18:30:03.330"></status>
</kw>
<doc>This gives us a 0 based range</doc>
<status status="PASS" starttime="20201026 18:30:03.324" endtime="20201026 18:30:03.330" critical="yes"></status>
</test>
<test id="s1-t2" name="FOR Loop with Start and Finish Range">
<kw name="${Index} IN RANGE [ 1 | 4 ]" type="for">
<kw name="${Index} = 1" type="foritem">
<kw name="Log" library="BuiltIn">
<doc>Logs the given message with the given level.</doc>
<arguments>
<arg>${Index}</arg>
</arguments>
<msg timestamp="20201026 18:30:03.332" level="INFO">1</msg>
<status status="PASS" starttime="20201026 18:30:03.331" endtime="20201026 18:30:03.332"></status>
</kw>
<kw name="Generate Random String" library="String">
<doc>Generates a string with a desired ``length`` from the given ``chars``.</doc>
<arguments>
<arg>${Index}</arg>
</arguments>
<assign>
<var>${RANDOM_STRING}</var>
</assign>
<msg timestamp="20201026 18:30:03.332" level="INFO">${RANDOM_STRING} = z</msg>
<status status="PASS" starttime="20201026 18:30:03.332" endtime="20201026 18:30:03.332"></status>
</kw>
<kw name="Log" library="BuiltIn">
<doc>Logs the given message with the given level.</doc>
<arguments>
<arg>${RANDOM_STRING}</arg>
</arguments>
<msg timestamp="20201026 18:30:03.332" level="INFO">z</msg>
<status status="PASS" starttime="20201026 18:30:03.332" endtime="20201026 18:30:03.332"></status>
</kw>
<status status="PASS" starttime="20201026 18:30:03.331" endtime="20201026 18:30:03.332"></status>
</kw>
<kw name="${Index} = 2" type="foritem">
<kw name="Log" library="BuiltIn">
<doc>Logs the given message with the given level.</doc>
<arguments>
<arg>${Index}</arg>
</arguments>
<msg timestamp="20201026 18:30:03.333" level="INFO">2</msg>
<status status="PASS" starttime="20201026 18:30:03.333" endtime="20201026 18:30:03.333"></status>
</kw>
<kw name="Generate Random String" library="String">
<doc>Generates a string with a desired ``length`` from the given ``chars``.</doc>
<arguments>
<arg>${Index}</arg>
</arguments>
<assign>
<var>${RANDOM_STRING}</var>
</assign>
<msg timestamp="20201026 18:30:03.334" level="INFO">${RANDOM_STRING} = 1Q</msg>
<status status="PASS" starttime="20201026 18:30:03.333" endtime="20201026 18:30:03.334"></status>
</kw>
<kw name="Log" library="BuiltIn">
<doc>Logs the given message with the given level.</doc>
<arguments>
<arg>${RANDOM_STRING}</arg>
</arguments>
<msg timestamp="20201026 18:30:03.334" level="INFO">1Q</msg>
<status status="PASS" starttime="20201026 18:30:03.334" endtime="20201026 18:30:03.334"></status>
</kw>
<status status="PASS" starttime="20201026 18:30:03.332" endtime="20201026 18:30:03.334"></status>
</kw>
<kw name="${Index} = 3" type="foritem">
<kw name="Log" library="BuiltIn">
<doc>Logs the given message with the given level.</doc>
<arguments>
<arg>${Index}</arg>
</arguments>
<msg timestamp="20201026 18:30:03.335" level="INFO">3</msg>
<status status="PASS" starttime="20201026 18:30:03.335" endtime="20201026 18:30:03.335"></status>
</kw>
<kw name="Generate Random String" library="String">
<doc>Generates a string with a desired ``length`` from the given ``chars``.</doc>
<arguments>
<arg>${Index}</arg>
</arguments>
<assign>
<var>${RANDOM_STRING}</var>
</assign>
<msg timestamp="20201026 18:30:03.336" level="INFO">${RANDOM_STRING} = OWt</msg>
<status status="PASS" starttime="20201026 18:30:03.335" endtime="20201026 18:30:03.336"></status>
</kw>
<kw name="Log" library="BuiltIn">
<doc>Logs the given message with the given level.</doc>
<arguments>
<arg>${RANDOM_STRING}</arg>
</arguments>
<msg timestamp="20201026 18:30:03.336" level="INFO">OWt</msg>
<status status="PASS" starttime="20201026 18:30:03.336" endtime="20201026 18:30:03.336"></status>
</kw>
<status status="PASS" starttime="20201026 18:30:03.335" endtime="20201026 18:30:03.336"></status>
</kw>
<status status="PASS" starttime="20201026 18:30:03.331" endtime="20201026 18:30:03.336"></status>
</kw>
<doc>No longer a 0 based range because I provided start</doc>
<status status="PASS" starttime="20201026 18:30:03.331" endtime="20201026 18:30:03.337" critical="yes"></status>
</test>
<status status="PASS" starttime="20201026 18:30:03.295" endtime="20201026 18:30:03.337"></status>
</suite>
<statistics>
<total>
<stat pass="2" fail="0">Critical Tests</stat>
<stat pass="2" fail="0">All Tests</stat>
</total>
<tag>
</tag>
<suite>
<stat pass="2" fail="0" id="s1" name="Loops">Loops</stat>
</suite>
</statistics>
<errors>
</errors>
</robot>
