<?xml version="1.0" encoding="UTF-8"?>
<robot generator="Robot 3.2.2 (Python 3.8.5 on darwin)" generated="20201119 07:41:31.284" rpa="false">
<suite id="s1" name="Cars" source="/Users/anrisawada/20projects/robot-scripts/data-driven-ext-csv/Tests/Cars.robot">
<test id="s1-t1" name="Should see correct error messages with invalid">
<kw name="DataManager.Get CSV data">
<arguments>
<arg>${INVALID_CREDENTIALS_PATH_CSV}</arg>
</arguments>
<assign>
<var>${InvalidLoginScenarios}</var>
</assign>
<msg timestamp="20201119 07:41:31.320" level="FAIL">No keyword with name 'DataManager.Get CSV data' found.</msg>
<status status="FAIL" starttime="20201119 07:41:31.320" endtime="20201119 07:41:31.320"></status>
</kw>
<status status="FAIL" starttime="20201119 07:41:31.317" endtime="20201119 07:41:31.320" critical="yes">No keyword with name 'DataManager.Get CSV data' found.</status>
</test>
<status status="FAIL" starttime="20201119 07:41:31.287" endtime="20201119 07:41:31.321"></status>
</suite>
<statistics>
<total>
<stat pass="0" fail="1">Critical Tests</stat>
<stat pass="0" fail="1">All Tests</stat>
</total>
<tag>
</tag>
<suite>
<stat pass="0" fail="1" id="s1" name="Cars">Cars</stat>
</suite>
</statistics>
<errors>
<msg timestamp="20201119 07:41:31.287" level="ERROR">Error in test case file '/Users/anrisawada/20projects/robot-scripts/data-driven-ext-csv/Tests/Cars.robot': Creating keyword 'Resource' failed: Keyword with same name defined multiple times.</msg>
<msg timestamp="20201119 07:41:31.287" level="ERROR">Error in test case file '/Users/anrisawada/20projects/robot-scripts/data-driven-ext-csv/Tests/Cars.robot': Creating keyword 'Resource' failed: Keyword with same name defined multiple times.</msg>
<msg timestamp="20201119 07:41:31.287" level="ERROR">Error in test case file '/Users/anrisawada/20projects/robot-scripts/data-driven-ext-csv/Tests/Cars.robot': Creating keyword 'Resource' failed: Keyword with same name defined multiple times.</msg>
<msg timestamp="20201119 07:41:31.287" level="ERROR">Error in test case file '/Users/anrisawada/20projects/robot-scripts/data-driven-ext-csv/Tests/Cars.robot': Creating keyword 'Resource' failed: Keyword with same name defined multiple times.</msg>
</errors>
</robot>
