<?xml version="1.0" encoding="UTF-8"?>
<robot generator="Robot 3.2.1 (Python 3.8.5 on darwin)" generated="20200818 21:39:35.127" rpa="false">
<suite id="s1" name="Demo" source="/Users/anrisawada/20projects/robot-scripts/keyword-demo/demo.robot">
<test id="s1-t1" name="Test case 1">
<kw name="Do Something">
<kw name="Log" library="BuiltIn">
<doc>Logs the given message with the given level.</doc>
<arguments>
<arg>I am doing something...</arg>
</arguments>
<msg timestamp="20200818 21:39:35.166" level="INFO">I am doing something...</msg>
<status status="PASS" starttime="20200818 21:39:35.165" endtime="20200818 21:39:35.166"></status>
</kw>
<status status="PASS" starttime="20200818 21:39:35.165" endtime="20200818 21:39:35.166"></status>
</kw>
<kw name="Do Something Else">
<kw name="Log" library="BuiltIn">
<doc>Logs the given message with the given level.</doc>
<arguments>
<arg>I am doing something else...</arg>
</arguments>
<msg timestamp="20200818 21:39:35.166" level="INFO">I am doing something else...</msg>
<status status="PASS" starttime="20200818 21:39:35.166" endtime="20200818 21:39:35.167"></status>
</kw>
<status status="PASS" starttime="20200818 21:39:35.166" endtime="20200818 21:39:35.167"></status>
</kw>
<status status="PASS" starttime="20200818 21:39:35.165" endtime="20200818 21:39:35.167" critical="yes"></status>
</test>
<test id="s1-t2" name="Test case 2">
<kw name="Do Something">
<kw name="Log" library="BuiltIn">
<doc>Logs the given message with the given level.</doc>
<arguments>
<arg>I am doing something...</arg>
</arguments>
<msg timestamp="20200818 21:39:35.168" level="INFO">I am doing something...</msg>
<status status="PASS" starttime="20200818 21:39:35.168" endtime="20200818 21:39:35.168"></status>
</kw>
<status status="PASS" starttime="20200818 21:39:35.167" endtime="20200818 21:39:35.168"></status>
</kw>
<kw name="Do Something Else">
<kw name="Log" library="BuiltIn">
<doc>Logs the given message with the given level.</doc>
<arguments>
<arg>I am doing something else...</arg>
</arguments>
<msg timestamp="20200818 21:39:35.168" level="INFO">I am doing something else...</msg>
<status status="PASS" starttime="20200818 21:39:35.168" endtime="20200818 21:39:35.168"></status>
</kw>
<status status="PASS" starttime="20200818 21:39:35.168" endtime="20200818 21:39:35.169"></status>
</kw>
<status status="PASS" starttime="20200818 21:39:35.167" endtime="20200818 21:39:35.169" critical="yes"></status>
</test>
<status status="PASS" starttime="20200818 21:39:35.130" endtime="20200818 21:39:35.169"></status>
</suite>
<statistics>
<total>
<stat pass="2" fail="0">Critical Tests</stat>
<stat pass="2" fail="0">All Tests</stat>
</total>
<tag>
</tag>
<suite>
<stat pass="2" fail="0" id="s1" name="Demo">Demo</stat>
</suite>
</statistics>
<errors>
</errors>
</robot>
