<?xml version="1.0" encoding="UTF-8"?>
<robot generator="Robot 3.2.1 (Python 3.8.5 on darwin)" generated="20200911 07:19:45.653" rpa="false">
<suite id="s1" name="Front Office" source="/Users/anrisawada/20projects/robot-scripts/frontoffice-1/Tests/Front_Office.robot">
<test id="s1-t1" name="Should be able to access &quot;Team&quot; page">
<kw name="Begin Web Test" library="CommonWeb" type="setup">
<kw name="Open Browser" library="SeleniumLibrary">
<doc>Opens a new browser instance to the optional ``url``.</doc>
<arguments>
<arg>about:blank</arg>
<arg>${BROWSER}</arg>
</arguments>
<msg timestamp="20200911 07:19:45.958" level="INFO">Opening browser 'firefox' to base url 'about:blank'.</msg>
<msg timestamp="20200911 07:19:45.961" level="INFO">Firefox driver log is always forced to to: /Users/anrisawada/20projects/robot-scripts/frontoffice-1/Results/geckodriver-11.log</msg>
<status status="PASS" starttime="20200911 07:19:45.957" endtime="20200911 07:19:49.102"></status>
</kw>
<status status="PASS" starttime="20200911 07:19:45.957" endtime="20200911 07:19:49.103"></status>
</kw>
<kw name="Go to Landing Page" library="FrontOfficeApp">
<kw name="Navigate To" library="Landing">
<kw name="Go To" library="SeleniumLibrary">
<doc>Navigates the current browser window to the provided ``url``.</doc>
<arguments>
<arg>${URL}</arg>
</arguments>
<msg timestamp="20200911 07:19:49.106" level="INFO">Opening url 'http://www.robotframeworktutorial.com/front-office/'</msg>
<status status="PASS" starttime="20200911 07:19:49.105" endtime="20200911 07:19:50.957"></status>
</kw>
<status status="PASS" starttime="20200911 07:19:49.104" endtime="20200911 07:19:50.958"></status>
</kw>
<kw name="Verify Page Loaded" library="Landing">
<kw name="Wait Until Page Contains Element" library="SeleniumLibrary">
<doc>Waits until the element ``locator`` appears on the current page.</doc>
<arguments>
<arg>${LANDING_NAVIGATION_ELEMENT}</arg>
</arguments>
<status status="PASS" starttime="20200911 07:19:50.958" endtime="20200911 07:19:50.964"></status>
</kw>
<status status="PASS" starttime="20200911 07:19:50.958" endtime="20200911 07:19:50.964"></status>
</kw>
<status status="PASS" starttime="20200911 07:19:49.103" endtime="20200911 07:19:50.964"></status>
</kw>
<kw name="Go to &quot;Team&quot; Page" library="FrontOfficeApp">
<kw name="Select &quot;Team&quot; Page" library="TopNav">
<kw name="Click Link" library="SeleniumLibrary">
<doc>Clicks a link identified by ``locator``.</doc>
<arguments>
<arg>${TOP_NAV_TEAM_LINK}</arg>
</arguments>
<msg timestamp="20200911 07:19:50.967" level="INFO">Clicking link 'Team'.</msg>
<status status="PASS" starttime="20200911 07:19:50.966" endtime="20200911 07:19:51.234"></status>
</kw>
<kw name="Sleep" library="BuiltIn">
<doc>Pauses the test executed for the given time.</doc>
<arguments>
<arg>3s</arg>
</arguments>
<msg timestamp="20200911 07:19:54.235" level="INFO">Slept 3 seconds</msg>
<status status="PASS" starttime="20200911 07:19:51.235" endtime="20200911 07:19:54.235"></status>
</kw>
<status status="PASS" starttime="20200911 07:19:50.966" endtime="20200911 07:19:54.236"></status>
</kw>
<kw name="Verify Page Loaded" library="Team">
<kw name="Wait Until Page Contains Element" library="SeleniumLibrary">
<doc>Waits until the element ``locator`` appears on the current page.</doc>
<arguments>
<arg>${TEAM_HEADER_LABEL}</arg>
</arguments>
<status status="PASS" starttime="20200911 07:19:54.237" endtime="20200911 07:19:54.243"></status>
</kw>
<status status="PASS" starttime="20200911 07:19:54.236" endtime="20200911 07:19:54.244"></status>
</kw>
<status status="PASS" starttime="20200911 07:19:50.965" endtime="20200911 07:19:54.244"></status>
</kw>
<kw name="End Web Test" library="CommonWeb" type="teardown">
<kw name="Close All Browsers" library="SeleniumLibrary">
<doc>Closes all open browsers and resets the browser cache.</doc>
<status status="PASS" starttime="20200911 07:19:54.245" endtime="20200911 07:19:54.759"></status>
</kw>
<status status="PASS" starttime="20200911 07:19:54.244" endtime="20200911 07:19:54.759"></status>
</kw>
<doc>This is test 1</doc>
<tags>
<tag>test1</tag>
</tags>
<status status="PASS" starttime="20200911 07:19:45.956" endtime="20200911 07:19:54.759" critical="yes"></status>
</test>
<test id="s1-t2" name="&quot;Team&quot; page should match requirements">
<kw name="Begin Web Test" library="CommonWeb" type="setup">
<kw name="Open Browser" library="SeleniumLibrary">
<doc>Opens a new browser instance to the optional ``url``.</doc>
<arguments>
<arg>about:blank</arg>
<arg>${BROWSER}</arg>
</arguments>
<msg timestamp="20200911 07:19:54.761" level="INFO">Opening browser 'firefox' to base url 'about:blank'.</msg>
<msg timestamp="20200911 07:19:54.763" level="INFO">Firefox driver log is always forced to to: /Users/anrisawada/20projects/robot-scripts/frontoffice-1/Results/geckodriver-12.log</msg>
<status status="PASS" starttime="20200911 07:19:54.761" endtime="20200911 07:19:58.458"></status>
</kw>
<status status="PASS" starttime="20200911 07:19:54.760" endtime="20200911 07:19:58.458"></status>
</kw>
<kw name="Go to Landing Page" library="FrontOfficeApp">
<kw name="Navigate To" library="Landing">
<kw name="Go To" library="SeleniumLibrary">
<doc>Navigates the current browser window to the provided ``url``.</doc>
<arguments>
<arg>${URL}</arg>
</arguments>
<msg timestamp="20200911 07:19:58.461" level="INFO">Opening url 'http://www.robotframeworktutorial.com/front-office/'</msg>
<status status="PASS" starttime="20200911 07:19:58.460" endtime="20200911 07:19:59.884"></status>
</kw>
<status status="PASS" starttime="20200911 07:19:58.460" endtime="20200911 07:19:59.884"></status>
</kw>
<kw name="Verify Page Loaded" library="Landing">
<kw name="Wait Until Page Contains Element" library="SeleniumLibrary">
<doc>Waits until the element ``locator`` appears on the current page.</doc>
<arguments>
<arg>${LANDING_NAVIGATION_ELEMENT}</arg>
</arguments>
<status status="PASS" starttime="20200911 07:19:59.885" endtime="20200911 07:19:59.892"></status>
</kw>
<status status="PASS" starttime="20200911 07:19:59.884" endtime="20200911 07:19:59.893"></status>
</kw>
<status status="PASS" starttime="20200911 07:19:58.459" endtime="20200911 07:19:59.893"></status>
</kw>
<kw name="Go to &quot;Team&quot; Page" library="FrontOfficeApp">
<kw name="Select &quot;Team&quot; Page" library="TopNav">
<kw name="Click Link" library="SeleniumLibrary">
<doc>Clicks a link identified by ``locator``.</doc>
<arguments>
<arg>${TOP_NAV_TEAM_LINK}</arg>
</arguments>
<msg timestamp="20200911 07:19:59.894" level="INFO">Clicking link 'Team'.</msg>
<status status="PASS" starttime="20200911 07:19:59.894" endtime="20200911 07:20:00.160"></status>
</kw>
<kw name="Sleep" library="BuiltIn">
<doc>Pauses the test executed for the given time.</doc>
<arguments>
<arg>3s</arg>
</arguments>
<msg timestamp="20200911 07:20:03.162" level="INFO">Slept 3 seconds</msg>
<status status="PASS" starttime="20200911 07:20:00.161" endtime="20200911 07:20:03.163"></status>
</kw>
<status status="PASS" starttime="20200911 07:19:59.893" endtime="20200911 07:20:03.163"></status>
</kw>
<kw name="Verify Page Loaded" library="Team">
<kw name="Wait Until Page Contains Element" library="SeleniumLibrary">
<doc>Waits until the element ``locator`` appears on the current page.</doc>
<arguments>
<arg>${TEAM_HEADER_LABEL}</arg>
</arguments>
<status status="PASS" starttime="20200911 07:20:03.164" endtime="20200911 07:20:03.170"></status>
</kw>
<status status="PASS" starttime="20200911 07:20:03.163" endtime="20200911 07:20:03.171"></status>
</kw>
<status status="PASS" starttime="20200911 07:19:59.893" endtime="20200911 07:20:03.171"></status>
</kw>
<kw name="Validate &quot;Team&quot; Page" library="FrontOfficeApp">
<kw name="Validate Page Contents" library="Team">
<kw name="Get Text" library="SeleniumLibrary">
<doc>Returns the text value of the element identified by ``locator``.</doc>
<arguments>
<arg>${TEAM_HEADER_LABEL}</arg>
</arguments>
<assign>
<var>${ElementText}</var>
</assign>
<msg timestamp="20200911 07:20:03.191" level="INFO">${ElementText} = OUR AMAZING TEAM</msg>
<status status="PASS" starttime="20200911 07:20:03.172" endtime="20200911 07:20:03.191"></status>
</kw>
<kw name="Should Be Equal As Strings" library="BuiltIn">
<doc>Fails if objects are unequal after converting them to strings.</doc>
<arguments>
<arg>${ElementText}</arg>
<arg>Our Amazing Team</arg>
<arg>ignore_case=true</arg>
</arguments>
<status status="PASS" starttime="20200911 07:20:03.192" endtime="20200911 07:20:03.193"></status>
</kw>
<status status="PASS" starttime="20200911 07:20:03.172" endtime="20200911 07:20:03.193"></status>
</kw>
<status status="PASS" starttime="20200911 07:20:03.171" endtime="20200911 07:20:03.193"></status>
</kw>
<kw name="End Web Test" library="CommonWeb" type="teardown">
<kw name="Close All Browsers" library="SeleniumLibrary">
<doc>Closes all open browsers and resets the browser cache.</doc>
<status status="PASS" starttime="20200911 07:20:03.194" endtime="20200911 07:20:03.825"></status>
</kw>
<status status="PASS" starttime="20200911 07:20:03.194" endtime="20200911 07:20:03.825"></status>
</kw>
<doc>This is test 2</doc>
<tags>
<tag>test2</tag>
</tags>
<status status="PASS" starttime="20200911 07:19:54.760" endtime="20200911 07:20:03.825" critical="yes"></status>
</test>
<doc>Test</doc>
<status status="PASS" starttime="20200911 07:19:45.655" endtime="20200911 07:20:03.827"></status>
</suite>
<statistics>
<total>
<stat pass="2" fail="0">Critical Tests</stat>
<stat pass="2" fail="0">All Tests</stat>
</total>
<tag>
<stat pass="1" fail="0">test1</stat>
<stat pass="1" fail="0">test2</stat>
</tag>
<suite>
<stat pass="2" fail="0" id="s1" name="Front Office">Front Office</stat>
</suite>
</statistics>
<errors>
</errors>
</robot>
