<?xml version="1.0" encoding="UTF-8"?>
<robot generator="Robot 3.2.1 (Python 3.8.5 on darwin)" generated="20200909 19:20:25.623" rpa="false">
<suite id="s1" name="Front Office" source="/Users/anrisawada/20projects/robot-scripts/frontoffice-1/Tests/Front_Office.robot">
<test id="s1-t1" name="Should be able to access &quot;Team&quot; page">
<kw name="Begin Web Test" library="CommonWeb" type="setup">
<kw name="Open Browser" library="SeleniumLibrary">
<doc>Opens a new browser instance to the optional ``url``.</doc>
<arguments>
<arg>about:blank</arg>
<arg>${BROWSER}</arg>
</arguments>
<msg timestamp="20200909 19:20:26.035" level="INFO">Opening browser 'firefox' to base url 'about:blank'.</msg>
<msg timestamp="20200909 19:20:26.037" level="INFO">Firefox driver log is always forced to to: /Users/anrisawada/20projects/robot-scripts/frontoffice-1/Results/geckodriver-1.log</msg>
<status status="PASS" starttime="20200909 19:20:26.034" endtime="20200909 19:20:33.081"></status>
</kw>
<status status="PASS" starttime="20200909 19:20:26.034" endtime="20200909 19:20:33.082"></status>
</kw>
<kw name="Log" library="BuiltIn">
<doc>Logs the given message with the given level.</doc>
<arguments>
<arg>Executing test 1</arg>
</arguments>
<msg timestamp="20200909 19:20:33.084" level="INFO">Executing test 1</msg>
<status status="PASS" starttime="20200909 19:20:33.083" endtime="20200909 19:20:33.084"></status>
</kw>
<kw name="Sleep" library="BuiltIn">
<doc>Pauses the test executed for the given time.</doc>
<arguments>
<arg>2s</arg>
</arguments>
<msg timestamp="20200909 19:20:35.085" level="INFO">Slept 2 seconds</msg>
<status status="PASS" starttime="20200909 19:20:33.084" endtime="20200909 19:20:35.085"></status>
</kw>
<kw name="End Web Test" library="CommonWeb" type="teardown">
<kw name="Close All Browsers" library="SeleniumLibrary">
<doc>Closes all open browsers and resets the browser cache.</doc>
<status status="PASS" starttime="20200909 19:20:35.087" endtime="20200909 19:20:35.716"></status>
</kw>
<status status="PASS" starttime="20200909 19:20:35.086" endtime="20200909 19:20:35.716"></status>
</kw>
<doc>This is test 1</doc>
<tags>
<tag>test1</tag>
</tags>
<status status="PASS" starttime="20200909 19:20:26.033" endtime="20200909 19:20:35.717" critical="yes"></status>
</test>
<test id="s1-t2" name="&quot;Team&quot; page should match requirements">
<kw name="Begin Web Test" library="CommonWeb" type="setup">
<kw name="Open Browser" library="SeleniumLibrary">
<doc>Opens a new browser instance to the optional ``url``.</doc>
<arguments>
<arg>about:blank</arg>
<arg>${BROWSER}</arg>
</arguments>
<msg timestamp="20200909 19:20:35.719" level="INFO">Opening browser 'firefox' to base url 'about:blank'.</msg>
<msg timestamp="20200909 19:20:35.719" level="INFO">Firefox driver log is always forced to to: /Users/anrisawada/20projects/robot-scripts/frontoffice-1/Results/geckodriver-2.log</msg>
<status status="PASS" starttime="20200909 19:20:35.719" endtime="20200909 19:20:39.647"></status>
</kw>
<status status="PASS" starttime="20200909 19:20:35.718" endtime="20200909 19:20:39.648"></status>
</kw>
<kw name="Log" library="BuiltIn">
<doc>Logs the given message with the given level.</doc>
<arguments>
<arg>Executing test 2</arg>
</arguments>
<msg timestamp="20200909 19:20:39.648" level="INFO">Executing test 2</msg>
<status status="PASS" starttime="20200909 19:20:39.648" endtime="20200909 19:20:39.649"></status>
</kw>
<kw name="Sleep" library="BuiltIn">
<doc>Pauses the test executed for the given time.</doc>
<arguments>
<arg>2s</arg>
</arguments>
<msg timestamp="20200909 19:20:41.652" level="INFO">Slept 2 seconds</msg>
<status status="PASS" starttime="20200909 19:20:39.649" endtime="20200909 19:20:41.652"></status>
</kw>
<kw name="End Web Test" library="CommonWeb" type="teardown">
<kw name="Close All Browsers" library="SeleniumLibrary">
<doc>Closes all open browsers and resets the browser cache.</doc>
<status status="PASS" starttime="20200909 19:20:41.654" endtime="20200909 19:20:42.330"></status>
</kw>
<status status="PASS" starttime="20200909 19:20:41.653" endtime="20200909 19:20:42.331"></status>
</kw>
<doc>This is test 2</doc>
<tags>
<tag>test2</tag>
</tags>
<status status="PASS" starttime="20200909 19:20:35.717" endtime="20200909 19:20:42.331" critical="yes"></status>
</test>
<doc>Test</doc>
<status status="PASS" starttime="20200909 19:20:25.633" endtime="20200909 19:20:42.334"></status>
</suite>
<statistics>
<total>
<stat pass="2" fail="0">Critical Tests</stat>
<stat pass="2" fail="0">All Tests</stat>
</total>
<tag>
<stat pass="1" fail="0">test1</stat>
<stat pass="1" fail="0">test2</stat>
</tag>
<suite>
<stat pass="2" fail="0" id="s1" name="Front Office">Front Office</stat>
</suite>
</statistics>
<errors>
</errors>
</robot>
