<?xml version="1.0" encoding="UTF-8"?>
<robot generator="Robot 3.2.2 (Python 3.8.5 on darwin)" generated="20201128 13:57:47.437" rpa="false">
<suite id="s1" name="Tests" source="/Users/anrisawada/20projects/robot-scripts/end-to-end/Tests">
<suite id="s1-s1" name="BackOffice" source="/Users/anrisawada/20projects/robot-scripts/end-to-end/Tests/BackOffice">
<suite id="s1-s1-s1" name="Back Office" source="/Users/anrisawada/20projects/robot-scripts/end-to-end/Tests/BackOffice/Back_Office.robot">
<test id="s1-s1-s1-t1" name="Should be able to access &quot;Landing&quot; page">
<kw name="Begin Web Test" library="CommonWeb" type="setup">
<kw name="Open Browser" library="SeleniumLibrary">
<doc>Opens a new browser instance to the optional ``url``.</doc>
<arguments>
<arg>about:blank</arg>
<arg>${BROWSER}</arg>
</arguments>
<msg timestamp="20201128 13:57:47.749" level="INFO">Opening browser 'firefox' to base url 'about:blank'.</msg>
<msg timestamp="20201128 13:57:47.751" level="INFO">Firefox driver log is always forced to to: /Users/anrisawada/20projects/robot-scripts/end-to-end/Results/geckodriver-1.log</msg>
<status status="PASS" starttime="20201128 13:57:47.749" endtime="20201128 13:57:51.573"></status>
</kw>
<status status="PASS" starttime="20201128 13:57:47.748" endtime="20201128 13:57:51.573"></status>
</kw>
<kw name="Go To Landing Page" library="BackOfficeApp">
<kw name="Navigate To" library="BackOffice.Landing">
<kw name="Go To" library="SeleniumLibrary">
<doc>Navigates the current browser window to the provided ``url``.</doc>
<arguments>
<arg>${BACK_OFFICE_URL}</arg>
</arguments>
<msg timestamp="20201128 13:57:51.576" level="INFO">Opening url 'http://www.robotframeworktutorial.com/back-office'</msg>
<status status="PASS" starttime="20201128 13:57:51.576" endtime="20201128 13:57:52.677"></status>
</kw>
<status status="PASS" starttime="20201128 13:57:51.576" endtime="20201128 13:57:52.677"></status>
</kw>
<status status="PASS" starttime="20201128 13:57:51.575" endtime="20201128 13:57:52.677"></status>
</kw>
<kw name="End Web Test" library="CommonWeb" type="teardown">
<kw name="Close All Browsers" library="SeleniumLibrary">
<doc>Closes all open browsers and resets the browser cache.</doc>
<status status="PASS" starttime="20201128 13:57:52.679" endtime="20201128 13:57:53.787"></status>
</kw>
<status status="PASS" starttime="20201128 13:57:52.678" endtime="20201128 13:57:53.787"></status>
</kw>
<doc>This is test 1</doc>
<tags>
<tag>test 1</tag>
</tags>
<status status="PASS" starttime="20201128 13:57:47.748" endtime="20201128 13:57:53.788" critical="yes"></status>
</test>
<status status="PASS" starttime="20201128 13:57:47.486" endtime="20201128 13:57:53.789"></status>
</suite>
<status status="PASS" starttime="20201128 13:57:47.479" endtime="20201128 13:57:53.793"></status>
</suite>
<suite id="s1-s2" name="EndToEnd" source="/Users/anrisawada/20projects/robot-scripts/end-to-end/Tests/EndToEnd">
<suite id="s1-s2-s1" name="End to End" source="/Users/anrisawada/20projects/robot-scripts/end-to-end/Tests/EndToEnd/End_to_End.robot">
<test id="s1-s2-s1-t1" name="Should be able to access both sites">
<kw name="Begin Web Test" library="CommonWeb" type="setup">
<kw name="Open Browser" library="SeleniumLibrary">
<doc>Opens a new browser instance to the optional ``url``.</doc>
<arguments>
<arg>about:blank</arg>
<arg>${BROWSER}</arg>
</arguments>
<msg timestamp="20201128 13:57:53.826" level="INFO">Opening browser 'firefox' to base url 'about:blank'.</msg>
<msg timestamp="20201128 13:57:53.826" level="INFO">Firefox driver log is always forced to to: /Users/anrisawada/20projects/robot-scripts/end-to-end/Results/geckodriver-2.log</msg>
<status status="PASS" starttime="20201128 13:57:53.825" endtime="20201128 13:57:57.599"></status>
</kw>
<status status="PASS" starttime="20201128 13:57:53.825" endtime="20201128 13:57:57.599"></status>
</kw>
<kw name="Go To Landing Page" library="FrontOfficeApp">
<kw name="Navigate To" library="FrontOffice.Landing">
<kw name="Go To" library="SeleniumLibrary">
<doc>Navigates the current browser window to the provided ``url``.</doc>
<arguments>
<arg>${FRONT_OFFICE_URL}</arg>
</arguments>
<msg timestamp="20201128 13:57:57.601" level="INFO">Opening url 'http://www.robotframeworktutorial.com/front-office'</msg>
<status status="PASS" starttime="20201128 13:57:57.601" endtime="20201128 13:57:59.202"></status>
</kw>
<status status="PASS" starttime="20201128 13:57:57.600" endtime="20201128 13:57:59.202"></status>
</kw>
<kw name="Verify Page Loaded" library="FrontOffice.Landing">
<kw name="Wait Until Page Contains Element" library="SeleniumLibrary">
<doc>Waits until the element ``locator`` appears on the current page.</doc>
<arguments>
<arg>${LANDING_NAVIGATION_ELEMEMT}</arg>
</arguments>
<status status="PASS" starttime="20201128 13:57:59.203" endtime="20201128 13:57:59.211"></status>
</kw>
<status status="PASS" starttime="20201128 13:57:59.202" endtime="20201128 13:57:59.212"></status>
</kw>
<status status="PASS" starttime="20201128 13:57:57.600" endtime="20201128 13:57:59.212"></status>
</kw>
<kw name="Go To Landing Page" library="BackOfficeApp">
<kw name="Navigate To" library="BackOffice.Landing">
<kw name="Go To" library="SeleniumLibrary">
<doc>Navigates the current browser window to the provided ``url``.</doc>
<arguments>
<arg>${BACK_OFFICE_URL}</arg>
</arguments>
<msg timestamp="20201128 13:57:59.213" level="INFO">Opening url 'http://www.robotframeworktutorial.com/back-office'</msg>
<status status="PASS" starttime="20201128 13:57:59.213" endtime="20201128 13:57:59.719"></status>
</kw>
<status status="PASS" starttime="20201128 13:57:59.212" endtime="20201128 13:57:59.719"></status>
</kw>
<status status="PASS" starttime="20201128 13:57:59.212" endtime="20201128 13:57:59.719"></status>
</kw>
<kw name="End Web Test" library="CommonWeb" type="teardown">
<kw name="Close All Browsers" library="SeleniumLibrary">
<doc>Closes all open browsers and resets the browser cache.</doc>
<status status="PASS" starttime="20201128 13:57:59.721" endtime="20201128 13:58:00.654"></status>
</kw>
<status status="PASS" starttime="20201128 13:57:59.720" endtime="20201128 13:58:00.655"></status>
</kw>
<doc>This is test 1</doc>
<tags>
<tag>test 1</tag>
</tags>
<status status="PASS" starttime="20201128 13:57:53.824" endtime="20201128 13:58:00.655" critical="yes"></status>
</test>
<doc>This is end to end suite</doc>
<status status="PASS" starttime="20201128 13:57:53.799" endtime="20201128 13:58:00.656"></status>
</suite>
<status status="PASS" starttime="20201128 13:57:53.795" endtime="20201128 13:58:00.658"></status>
</suite>
<suite id="s1-s3" name="FrontOffice" source="/Users/anrisawada/20projects/robot-scripts/end-to-end/Tests/FrontOffice">
<suite id="s1-s3-s1" name="Front Office" source="/Users/anrisawada/20projects/robot-scripts/end-to-end/Tests/FrontOffice/Front_Office.robot">
<test id="s1-s3-s1-t1" name="Should be able to access &quot;Team&quot; page">
<kw name="Begin Web Test" library="CommonWeb" type="setup">
<kw name="Open Browser" library="SeleniumLibrary">
<doc>Opens a new browser instance to the optional ``url``.</doc>
<arguments>
<arg>about:blank</arg>
<arg>${BROWSER}</arg>
</arguments>
<msg timestamp="20201128 13:58:00.677" level="INFO">Opening browser 'firefox' to base url 'about:blank'.</msg>
<msg timestamp="20201128 13:58:00.678" level="INFO">Firefox driver log is always forced to to: /Users/anrisawada/20projects/robot-scripts/end-to-end/Results/geckodriver-3.log</msg>
<status status="PASS" starttime="20201128 13:58:00.676" endtime="20201128 13:58:04.416"></status>
</kw>
<status status="PASS" starttime="20201128 13:58:00.675" endtime="20201128 13:58:04.418"></status>
</kw>
<kw name="Go To Landing Page" library="FrontOfficeApp">
<kw name="Navigate To" library="FrontOffice.Landing">
<kw name="Go To" library="SeleniumLibrary">
<doc>Navigates the current browser window to the provided ``url``.</doc>
<arguments>
<arg>${FRONT_OFFICE_URL}</arg>
</arguments>
<msg timestamp="20201128 13:58:04.421" level="INFO">Opening url 'http://www.robotframeworktutorial.com/front-office'</msg>
<status status="PASS" starttime="20201128 13:58:04.420" endtime="20201128 13:58:05.808"></status>
</kw>
<status status="PASS" starttime="20201128 13:58:04.420" endtime="20201128 13:58:05.809"></status>
</kw>
<kw name="Verify Page Loaded" library="FrontOffice.Landing">
<kw name="Wait Until Page Contains Element" library="SeleniumLibrary">
<doc>Waits until the element ``locator`` appears on the current page.</doc>
<arguments>
<arg>${LANDING_NAVIGATION_ELEMEMT}</arg>
</arguments>
<status status="PASS" starttime="20201128 13:58:05.810" endtime="20201128 13:58:05.817"></status>
</kw>
<status status="PASS" starttime="20201128 13:58:05.809" endtime="20201128 13:58:05.817"></status>
</kw>
<status status="PASS" starttime="20201128 13:58:04.419" endtime="20201128 13:58:05.817"></status>
</kw>
<kw name="Go To &quot;Team&quot; Page" library="FrontOfficeApp">
<kw name="Select &quot;Team&quot; Page" library="TopNav">
<kw name="Click Element" library="SeleniumLibrary">
<doc>Click the element identified by ``locator``.</doc>
<arguments>
<arg>${TOP_NAV_TEAM_LINK}</arg>
</arguments>
<msg timestamp="20201128 13:58:05.819" level="INFO">Clicking element 'css=#bs-example-navbar-collapse-1 &gt; ul &gt; li:nth-child(5) &gt; a'.</msg>
<status status="PASS" starttime="20201128 13:58:05.818" endtime="20201128 13:58:06.061"></status>
</kw>
<kw name="Sleep 3s">
<msg timestamp="20201128 13:58:06.067" level="FAIL">No keyword with name 'Sleep 3s' found. Did you mean:
    BuiltIn.Sleep</msg>
<status status="FAIL" starttime="20201128 13:58:06.067" endtime="20201128 13:58:06.067"></status>
</kw>
<status status="FAIL" starttime="20201128 13:58:05.818" endtime="20201128 13:58:06.067"></status>
</kw>
<status status="FAIL" starttime="20201128 13:58:05.818" endtime="20201128 13:58:06.067"></status>
</kw>
<kw name="End Web Test" library="CommonWeb" type="teardown">
<kw name="Close All Browsers" library="SeleniumLibrary">
<doc>Closes all open browsers and resets the browser cache.</doc>
<status status="PASS" starttime="20201128 13:58:06.069" endtime="20201128 13:58:06.745"></status>
</kw>
<status status="PASS" starttime="20201128 13:58:06.068" endtime="20201128 13:58:06.746"></status>
</kw>
<doc>This is test 1</doc>
<tags>
<tag>test 1</tag>
</tags>
<status status="FAIL" starttime="20201128 13:58:00.674" endtime="20201128 13:58:06.746" critical="yes">No keyword with name 'Sleep 3s' found. Did you mean:
    BuiltIn.Sleep</status>
</test>
<status status="FAIL" starttime="20201128 13:58:00.664" endtime="20201128 13:58:06.747"></status>
</suite>
<status status="FAIL" starttime="20201128 13:58:00.661" endtime="20201128 13:58:06.750"></status>
</suite>
<status status="FAIL" starttime="20201128 13:57:47.439" endtime="20201128 13:58:06.752"></status>
</suite>
<statistics>
<total>
<stat pass="2" fail="1">Critical Tests</stat>
<stat pass="2" fail="1">All Tests</stat>
</total>
<tag>
<stat pass="2" fail="1">test 1</stat>
</tag>
<suite>
<stat pass="2" fail="1" id="s1" name="Tests">Tests</stat>
<stat pass="1" fail="0" id="s1-s1" name="BackOffice">Tests.BackOffice</stat>
<stat pass="1" fail="0" id="s1-s1-s1" name="Back Office">Tests.BackOffice.Back Office</stat>
<stat pass="1" fail="0" id="s1-s2" name="EndToEnd">Tests.EndToEnd</stat>
<stat pass="1" fail="0" id="s1-s2-s1" name="End to End">Tests.EndToEnd.End to End</stat>
<stat pass="0" fail="1" id="s1-s3" name="FrontOffice">Tests.FrontOffice</stat>
<stat pass="0" fail="1" id="s1-s3-s1" name="Front Office">Tests.FrontOffice.Front Office</stat>
</suite>
</statistics>
<errors>
</errors>
</robot>
