<?xml version="1.0" encoding="UTF-8"?>
<robot generator="Robot 3.2.2 (Python 3.8.5 on darwin)" generated="20201122 15:42:12.511" rpa="false">
<suite id="s1" name="Front Office" source="/Users/anrisawada/20projects/robot-scripts/end-to-end/Tests/FrontOffice/Front_Office.robot">
<test id="s1-t1" name="Should be able to access &quot;Team&quot; page">
<kw name="Begin Web Test" library="CommonWeb" type="setup">
<kw name="Open Browser" library="SeleniumLibrary">
<doc>Opens a new browser instance to the optional ``url``.</doc>
<arguments>
<arg>about:blank</arg>
<arg>${BROWSER}</arg>
</arguments>
<msg timestamp="20201122 15:42:13.195" level="INFO">Opening browser 'firefox' to base url 'about:blank'.</msg>
<msg timestamp="20201122 15:42:13.197" level="INFO">Firefox driver log is always forced to to: /Users/anrisawada/20projects/robot-scripts/end-to-end/Results/geckodriver-2.log</msg>
<status status="PASS" starttime="20201122 15:42:13.195" endtime="20201122 15:42:16.732"></status>
</kw>
<status status="PASS" starttime="20201122 15:42:13.195" endtime="20201122 15:42:16.733"></status>
</kw>
<kw name="FrontOfficeApp.Go To Landing Page">
<msg timestamp="20201122 15:42:16.742" level="FAIL">No keyword with name 'FrontOfficeApp.Go To Landing Page' found.</msg>
<status status="FAIL" starttime="20201122 15:42:16.742" endtime="20201122 15:42:16.742"></status>
</kw>
<kw name="End Web Test" library="CommonWeb" type="teardown">
<kw name="Close All Browsers" library="SeleniumLibrary">
<doc>Closes all open browsers and resets the browser cache.</doc>
<status status="PASS" starttime="20201122 15:42:16.744" endtime="20201122 15:42:17.413"></status>
</kw>
<status status="PASS" starttime="20201122 15:42:16.743" endtime="20201122 15:42:17.413"></status>
</kw>
<doc>This is test 1</doc>
<tags>
<tag>test 1</tag>
</tags>
<status status="FAIL" starttime="20201122 15:42:13.194" endtime="20201122 15:42:17.413" critical="yes">No keyword with name 'FrontOfficeApp.Go To Landing Page' found.</status>
</test>
<test id="s1-t2" name="&quot;Team&quot; page should match requirements">
<status status="FAIL" starttime="20201122 15:42:17.414" endtime="20201122 15:42:17.415" critical="yes">Test case contains no keywords.</status>
</test>
<status status="FAIL" starttime="20201122 15:42:12.514" endtime="20201122 15:42:17.415"></status>
</suite>
<statistics>
<total>
<stat pass="0" fail="2">Critical Tests</stat>
<stat pass="0" fail="2">All Tests</stat>
</total>
<tag>
<stat pass="0" fail="1">test 1</stat>
</tag>
<suite>
<stat pass="0" fail="2" id="s1" name="Front Office">Front Office</stat>
</suite>
</statistics>
<errors>
<msg timestamp="20201122 15:42:12.555" level="ERROR">Error in file '/Users/anrisawada/20projects/robot-scripts/end-to-end/Tests/FrontOffice/Front_Office.robot' on line 3: Resource file '../../Resources/FrontOffice/FrontOfficeApp.robot' does not exist.</msg>
</errors>
</robot>
