<?xml version="1.0" encoding="UTF-8"?>
<robot generator="Robot 3.2.2 (Python 3.8.5 on darwin)" generated="20201124 07:47:30.720" rpa="false">
<suite id="s1" name="back Office" source="/Users/anrisawada/20projects/robot-scripts/end-to-end/Tests/BackOffice/back_Office.robot">
<test id="s1-t1" name="Should be able to access &quot;Landing&quot; page">
<kw name="Begin Web Test" library="CommonWeb" type="setup">
<kw name="Open Browser" library="SeleniumLibrary">
<doc>Opens a new browser instance to the optional ``url``.</doc>
<arguments>
<arg>about:blank</arg>
<arg>${BROWSER}</arg>
</arguments>
<msg timestamp="20201124 07:47:31.139" level="INFO">Opening browser 'firefox' to base url 'about:blank'.</msg>
<msg timestamp="20201124 07:47:31.141" level="INFO">Firefox driver log is always forced to to: /Users/anrisawada/20projects/robot-scripts/end-to-end/Results/geckodriver-5.log</msg>
<status status="PASS" starttime="20201124 07:47:31.139" endtime="20201124 07:47:37.564"></status>
</kw>
<status status="PASS" starttime="20201124 07:47:31.139" endtime="20201124 07:47:37.564"></status>
</kw>
<kw name="Go To Landing Page" library="BackOfficeApp">
<kw name="Navigate To" library="Landing">
<kw name="Go To" library="SeleniumLibrary">
<doc>Navigates the current browser window to the provided ``url``.</doc>
<arguments>
<arg>${URL}</arg>
</arguments>
<msg timestamp="20201124 07:47:37.566" level="INFO">Opening url 'http://www.robotframeworktutorial.com/back-office'</msg>
<status status="PASS" starttime="20201124 07:47:37.565" endtime="20201124 07:47:38.637"></status>
</kw>
<status status="PASS" starttime="20201124 07:47:37.565" endtime="20201124 07:47:38.637"></status>
</kw>
<status status="PASS" starttime="20201124 07:47:37.565" endtime="20201124 07:47:38.637"></status>
</kw>
<kw name="End Web Test" library="CommonWeb" type="teardown">
<kw name="Close All Browsers" library="SeleniumLibrary">
<doc>Closes all open browsers and resets the browser cache.</doc>
<status status="PASS" starttime="20201124 07:47:38.638" endtime="20201124 07:47:39.721"></status>
</kw>
<status status="PASS" starttime="20201124 07:47:38.638" endtime="20201124 07:47:39.721"></status>
</kw>
<doc>This is test 1</doc>
<tags>
<tag>test 1</tag>
</tags>
<status status="PASS" starttime="20201124 07:47:31.138" endtime="20201124 07:47:39.721" critical="yes"></status>
</test>
<status status="PASS" starttime="20201124 07:47:30.729" endtime="20201124 07:47:39.723"></status>
</suite>
<statistics>
<total>
<stat pass="1" fail="0">Critical Tests</stat>
<stat pass="1" fail="0">All Tests</stat>
</total>
<tag>
<stat pass="1" fail="0">test 1</stat>
</tag>
<suite>
<stat pass="1" fail="0" id="s1" name="back Office">back Office</stat>
</suite>
</statistics>
<errors>
</errors>
</robot>
