<?xml version="1.0" encoding="UTF-8"?>
<robot generator="Robot 3.2.1 (Python 3.8.5 on darwin)" generated="20200913 14:01:47.386" rpa="false">
<suite id="s1" name="Tests" source="/Users/anrisawada/20projects/robot-scripts/example/Tests">
<suite id="s1-s1" name="Built-In" source="/Users/anrisawada/20projects/robot-scripts/example/Tests/built-in.robot">
<test id="s1-s1-t1" name="Declare and set Variable">
<kw name="Set Variable" library="BuiltIn">
<doc>Returns the given values which can then be assigned to a variables.</doc>
<arguments>
<arg>This is a local variable</arg>
</arguments>
<assign>
<var>${some_test_data}</var>
</assign>
<msg timestamp="20200913 14:01:47.699" level="INFO">${some_test_data} = This is a local variable</msg>
<status status="PASS" starttime="20200913 14:01:47.699" endtime="20200913 14:01:47.699"></status>
</kw>
<kw name="Set Test Variable" library="BuiltIn">
<doc>Makes a variable available everywhere within the scope of the current test.</doc>
<arguments>
<arg>${more_test_data}</arg>
<arg>This is test variable</arg>
</arguments>
<msg timestamp="20200913 14:01:47.701" level="INFO">${more_test_data} = This is test variable</msg>
<status status="PASS" starttime="20200913 14:01:47.700" endtime="20200913 14:01:47.701"></status>
</kw>
<kw name="Set Suite Variable" library="BuiltIn">
<doc>Makes a variable available everywhere within the scope of the current suite.</doc>
<arguments>
<arg>${some_suite_data}</arg>
<arg>This is suite variable</arg>
</arguments>
<msg timestamp="20200913 14:01:47.702" level="INFO">${some_suite_data} = This is suite variable</msg>
<status status="PASS" starttime="20200913 14:01:47.701" endtime="20200913 14:01:47.702"></status>
</kw>
<kw name="Set Global Variable" library="BuiltIn">
<doc>Makes a variable available globally in all tests and suites.</doc>
<arguments>
<arg>${SOME_GLOBAL_DATA}</arg>
<arg>This is global variable</arg>
</arguments>
<msg timestamp="20200913 14:01:47.703" level="INFO">${SOME_GLOBAL_DATA} = This is global variable</msg>
<status status="PASS" starttime="20200913 14:01:47.702" endtime="20200913 14:01:47.703"></status>
</kw>
<status status="PASS" starttime="20200913 14:01:47.698" endtime="20200913 14:01:47.703" critical="yes"></status>
</test>
<test id="s1-s1-t2" name="Logging stuff">
<kw name="Comment" library="BuiltIn">
<doc>Displays the given messages in the log file as keyword arguments.</doc>
<arguments>
<arg>${unset_variable}</arg>
</arguments>
<status status="PASS" starttime="20200913 14:01:47.704" endtime="20200913 14:01:47.704"></status>
</kw>
<kw name="Comment" library="BuiltIn">
<doc>Displays the given messages in the log file as keyword arguments.</doc>
<arguments>
<arg>Just a random commeent</arg>
</arguments>
<status status="PASS" starttime="20200913 14:01:47.704" endtime="20200913 14:01:47.704"></status>
</kw>
<kw name="Comment" library="BuiltIn">
<doc>Displays the given messages in the log file as keyword arguments.</doc>
<arguments>
<arg>${GLOBAL1}</arg>
</arguments>
<status status="PASS" starttime="20200913 14:01:47.704" endtime="20200913 14:01:47.704"></status>
</kw>
<kw name="Log" library="BuiltIn">
<doc>Logs the given message with the given level.</doc>
<arguments>
<arg>I have something to say</arg>
</arguments>
<msg timestamp="20200913 14:01:47.705" level="INFO">I have something to say</msg>
<status status="PASS" starttime="20200913 14:01:47.704" endtime="20200913 14:01:47.705"></status>
</kw>
<kw name="Log Many" library="BuiltIn">
<doc>Logs the given messages as separate entries using the INFO level.</doc>
<arguments>
<arg>Something say 1</arg>
<arg>omething say 2</arg>
<arg>omething say 3</arg>
</arguments>
<msg timestamp="20200913 14:01:47.705" level="INFO">Something say 1</msg>
<msg timestamp="20200913 14:01:47.705" level="INFO">omething say 2</msg>
<msg timestamp="20200913 14:01:47.705" level="INFO">omething say 3</msg>
<status status="PASS" starttime="20200913 14:01:47.705" endtime="20200913 14:01:47.705"></status>
</kw>
<kw name="Log To Console" library="BuiltIn">
<doc>Logs the given message to the console.</doc>
<arguments>
<arg>This can only be seen in Console</arg>
</arguments>
<status status="PASS" starttime="20200913 14:01:47.705" endtime="20200913 14:01:47.705"></status>
</kw>
<kw name="Log Variables" library="BuiltIn">
<doc>Logs all variables in the current scope with given log level.</doc>
<msg timestamp="20200913 14:01:47.706" level="INFO">${/} = /</msg>
<msg timestamp="20200913 14:01:47.706" level="INFO">${:} = :</msg>
<msg timestamp="20200913 14:01:47.706" level="INFO">${\n} = 
</msg>
<msg timestamp="20200913 14:01:47.706" level="INFO">${DEBUG_FILE} = NONE</msg>
<msg timestamp="20200913 14:01:47.706" level="INFO">${EXECDIR} = /Users/anrisawada/20projects/robot-scripts/example</msg>
<msg timestamp="20200913 14:01:47.706" level="INFO">${False} = False</msg>
<msg timestamp="20200913 14:01:47.706" level="INFO">${GLOBAL1} = I am global variable</msg>
<msg timestamp="20200913 14:01:47.706" level="INFO">${LOG_FILE} = /Users/anrisawada/20projects/robot-scripts/example/Results/log.html</msg>
<msg timestamp="20200913 14:01:47.706" level="INFO">${LOG_LEVEL} = INFO</msg>
<msg timestamp="20200913 14:01:47.706" level="INFO">${None} = None</msg>
<msg timestamp="20200913 14:01:47.706" level="INFO">${null} = None</msg>
<msg timestamp="20200913 14:01:47.706" level="INFO">${OUTPUT_DIR} = /Users/anrisawada/20projects/robot-scripts/example/Results</msg>
<msg timestamp="20200913 14:01:47.706" level="INFO">${OUTPUT_FILE} = /Users/anrisawada/20projects/robot-scripts/example/Results/output.xml</msg>
<msg timestamp="20200913 14:01:47.706" level="INFO">${PREV_TEST_MESSAGE} = </msg>
<msg timestamp="20200913 14:01:47.706" level="INFO">${PREV_TEST_NAME} = Declare and set Variable</msg>
<msg timestamp="20200913 14:01:47.707" level="INFO">${PREV_TEST_STATUS} = PASS</msg>
<msg timestamp="20200913 14:01:47.707" level="INFO">${REPORT_FILE} = /Users/anrisawada/20projects/robot-scripts/example/Results/report.html</msg>
<msg timestamp="20200913 14:01:47.707" level="INFO">${SOME_GLOBAL_DATA} = This is global variable</msg>
<msg timestamp="20200913 14:01:47.707" level="INFO">${some_suite_data} = This is suite variable</msg>
<msg timestamp="20200913 14:01:47.707" level="INFO">${SPACE} =  </msg>
<msg timestamp="20200913 14:01:47.707" level="INFO">${SUITE_DOCUMENTATION} = </msg>
<msg timestamp="20200913 14:01:47.707" level="INFO">&amp;{SUITE_METADATA} = { }</msg>
<msg timestamp="20200913 14:01:47.707" level="INFO">${SUITE_NAME} = Tests.Built-In</msg>
<msg timestamp="20200913 14:01:47.707" level="INFO">${SUITE_SOURCE} = /Users/anrisawada/20projects/robot-scripts/example/Tests/built-in.robot</msg>
<msg timestamp="20200913 14:01:47.707" level="INFO">${TEMPDIR} = /var/folders/m9/371mwl655ds7x7ckk1dy76z00000gn/T</msg>
<msg timestamp="20200913 14:01:47.707" level="INFO">${TEST_DOCUMENTATION} = </msg>
<msg timestamp="20200913 14:01:47.707" level="INFO">${TEST_NAME} = Logging stuff</msg>
<msg timestamp="20200913 14:01:47.707" level="INFO">@{TEST_TAGS} = [ BuiltIn ]</msg>
<msg timestamp="20200913 14:01:47.707" level="INFO">${True} = True</msg>
<status status="PASS" starttime="20200913 14:01:47.705" endtime="20200913 14:01:47.707"></status>
</kw>
<kw name="Log" library="BuiltIn">
<doc>Logs the given message with the given level.</doc>
<arguments>
<arg>${some_suite_data}</arg>
</arguments>
<msg timestamp="20200913 14:01:47.708" level="INFO">This is suite variable</msg>
<status status="PASS" starttime="20200913 14:01:47.707" endtime="20200913 14:01:47.708"></status>
</kw>
<kw name="Log" library="BuiltIn">
<doc>Logs the given message with the given level.</doc>
<arguments>
<arg>${SOME_GLOBAL_DATA}</arg>
</arguments>
<msg timestamp="20200913 14:01:47.709" level="INFO">This is global variable</msg>
<status status="PASS" starttime="20200913 14:01:47.708" endtime="20200913 14:01:47.709"></status>
</kw>
<tags>
<tag>BuiltIn</tag>
</tags>
<status status="PASS" starttime="20200913 14:01:47.703" endtime="20200913 14:01:47.709" critical="yes"></status>
</test>
<test id="s1-s1-t3" name="Ignore failures in this test">
<kw name="Open Browser" library="SeleniumLibrary">
<doc>Opens a new browser instance to the optional ``url``.</doc>
<arguments>
<arg>http://www.amazon.com</arg>
<arg>firefox</arg>
</arguments>
<msg timestamp="20200913 14:01:47.711" level="INFO">Opening browser 'firefox' to base url 'http://www.amazon.com'.</msg>
<msg timestamp="20200913 14:01:47.713" level="INFO">Firefox driver log is always forced to to: /Users/anrisawada/20projects/robot-scripts/example/Results/geckodriver-3.log</msg>
<status status="PASS" starttime="20200913 14:01:47.710" endtime="20200913 14:01:51.819"></status>
</kw>
<kw name="Run Keyword And Continue On Failure" library="BuiltIn">
<doc>Runs the keyword and continues execution even if a failure occurs.</doc>
<arguments>
<arg>Wait Until Page Contains</arg>
<arg>this text doesn't exist</arg>
</arguments>
<kw name="Wait Until Page Contains" library="SeleniumLibrary">
<doc>Waits until ``text`` appears on the current page.</doc>
<arguments>
<arg>this text doesn't exist</arg>
</arguments>
<kw name="Capture Page Screenshot" library="SeleniumLibrary">
<doc>Takes a screenshot of the current page and embeds it into a log file.</doc>
<msg timestamp="20200913 14:01:57.352" level="INFO" html="yes">&lt;/td&gt;&lt;/tr&gt;&lt;tr&gt;&lt;td colspan="3"&gt;&lt;a href="selenium-screenshot-5.png"&gt;&lt;img src="selenium-screenshot-5.png" width="800px"&gt;&lt;/a&gt;</msg>
<status status="PASS" starttime="20200913 14:01:56.832" endtime="20200913 14:01:57.353"></status>
</kw>
<msg timestamp="20200913 14:01:57.362" level="FAIL">Text 'this text doesn't exist' did not appear in 5 seconds.</msg>
<status status="FAIL" starttime="20200913 14:01:51.820" endtime="20200913 14:01:57.362"></status>
</kw>
<status status="FAIL" starttime="20200913 14:01:51.820" endtime="20200913 14:01:57.362"></status>
</kw>
<kw name="Run Keyword And Continue On Failure" library="BuiltIn">
<doc>Runs the keyword and continues execution even if a failure occurs.</doc>
<arguments>
<arg>Wait Until Page Contains</arg>
<arg>More text that doesn't exist</arg>
</arguments>
<kw name="Wait Until Page Contains" library="SeleniumLibrary">
<doc>Waits until ``text`` appears on the current page.</doc>
<arguments>
<arg>More text that doesn't exist</arg>
</arguments>
<kw name="Capture Page Screenshot" library="SeleniumLibrary">
<doc>Takes a screenshot of the current page and embeds it into a log file.</doc>
<msg timestamp="20200913 14:02:03.142" level="INFO" html="yes">&lt;/td&gt;&lt;/tr&gt;&lt;tr&gt;&lt;td colspan="3"&gt;&lt;a href="selenium-screenshot-6.png"&gt;&lt;img src="selenium-screenshot-6.png" width="800px"&gt;&lt;/a&gt;</msg>
<status status="PASS" starttime="20200913 14:02:02.437" endtime="20200913 14:02:03.142"></status>
</kw>
<msg timestamp="20200913 14:02:03.144" level="FAIL">Text 'More text that doesn't exist' did not appear in 5 seconds.</msg>
<status status="FAIL" starttime="20200913 14:01:57.362" endtime="20200913 14:02:03.144"></status>
</kw>
<status status="FAIL" starttime="20200913 14:01:57.362" endtime="20200913 14:02:03.144"></status>
</kw>
<kw name="Log" library="BuiltIn">
<doc>Logs the given message with the given level.</doc>
<arguments>
<arg>${GLOBAL1}</arg>
</arguments>
<msg timestamp="20200913 14:02:03.145" level="INFO">I am global variable</msg>
<status status="PASS" starttime="20200913 14:02:03.145" endtime="20200913 14:02:03.146"></status>
</kw>
<kw name="Log" library="BuiltIn">
<doc>Logs the given message with the given level.</doc>
<arguments>
<arg>${SOME_GLOBAL_DATA}</arg>
</arguments>
<msg timestamp="20200913 14:02:03.147" level="INFO">This is global variable</msg>
<status status="PASS" starttime="20200913 14:02:03.146" endtime="20200913 14:02:03.147"></status>
</kw>
<tags>
<tag>BuiltIn</tag>
</tags>
<status status="FAIL" starttime="20200913 14:01:47.710" endtime="20200913 14:02:03.148" critical="yes">Several failures occurred:

1) Text 'this text doesn't exist' did not appear in 5 seconds.

2) Text 'More text that doesn't exist' did not appear in 5 seconds.</status>
</test>
<test id="s1-s1-t4" name="Repeat things">
<kw name="Repeat Keyword" library="BuiltIn">
<doc>Executes the specified keyword multiple times.</doc>
<arguments>
<arg>3 Times</arg>
<arg>Say Something Funny</arg>
</arguments>
<msg timestamp="20200913 14:02:03.150" level="INFO">Repeating keyword, round 1/3.</msg>
<kw name="Say Something Funny">
<kw name="Log" library="BuiltIn">
<doc>Logs the given message with the given level.</doc>
<arguments>
<arg>These pretzels are making me thirsty...</arg>
</arguments>
<msg timestamp="20200913 14:02:03.152" level="INFO">These pretzels are making me thirsty...</msg>
<status status="PASS" starttime="20200913 14:02:03.152" endtime="20200913 14:02:03.153"></status>
</kw>
<status status="PASS" starttime="20200913 14:02:03.150" endtime="20200913 14:02:03.153"></status>
</kw>
<msg timestamp="20200913 14:02:03.153" level="INFO">Repeating keyword, round 2/3.</msg>
<kw name="Say Something Funny">
<kw name="Log" library="BuiltIn">
<doc>Logs the given message with the given level.</doc>
<arguments>
<arg>These pretzels are making me thirsty...</arg>
</arguments>
<msg timestamp="20200913 14:02:03.157" level="INFO">These pretzels are making me thirsty...</msg>
<status status="PASS" starttime="20200913 14:02:03.154" endtime="20200913 14:02:03.157"></status>
</kw>
<status status="PASS" starttime="20200913 14:02:03.153" endtime="20200913 14:02:03.158"></status>
</kw>
<msg timestamp="20200913 14:02:03.158" level="INFO">Repeating keyword, round 3/3.</msg>
<kw name="Say Something Funny">
<kw name="Log" library="BuiltIn">
<doc>Logs the given message with the given level.</doc>
<arguments>
<arg>These pretzels are making me thirsty...</arg>
</arguments>
<msg timestamp="20200913 14:02:03.159" level="INFO">These pretzels are making me thirsty...</msg>
<status status="PASS" starttime="20200913 14:02:03.159" endtime="20200913 14:02:03.159"></status>
</kw>
<status status="PASS" starttime="20200913 14:02:03.158" endtime="20200913 14:02:03.160"></status>
</kw>
<status status="PASS" starttime="20200913 14:02:03.150" endtime="20200913 14:02:03.160"></status>
</kw>
<kw name="Log" library="BuiltIn">
<doc>Logs the given message with the given level.</doc>
<arguments>
<arg>${GLOBAL1}</arg>
</arguments>
<msg timestamp="20200913 14:02:03.162" level="INFO">I am global variable</msg>
<status status="PASS" starttime="20200913 14:02:03.161" endtime="20200913 14:02:03.162"></status>
</kw>
<kw name="Log" library="BuiltIn">
<doc>Logs the given message with the given level.</doc>
<arguments>
<arg>${SOME_GLOBAL_DATA}</arg>
</arguments>
<msg timestamp="20200913 14:02:03.163" level="INFO">This is global variable</msg>
<status status="PASS" starttime="20200913 14:02:03.163" endtime="20200913 14:02:03.163"></status>
</kw>
<status status="PASS" starttime="20200913 14:02:03.149" endtime="20200913 14:02:03.163" critical="yes"></status>
</test>
<status status="FAIL" starttime="20200913 14:01:47.417" endtime="20200913 14:02:03.166"></status>
</suite>
<status status="FAIL" starttime="20200913 14:01:47.388" endtime="20200913 14:02:03.168"></status>
</suite>
<statistics>
<total>
<stat pass="3" fail="1">Critical Tests</stat>
<stat pass="3" fail="1">All Tests</stat>
</total>
<tag>
<stat pass="1" fail="1">BuiltIn</stat>
</tag>
<suite>
<stat pass="3" fail="1" id="s1" name="Tests">Tests</stat>
<stat pass="3" fail="1" id="s1-s1" name="Built-In">Tests.Built-In</stat>
</suite>
</statistics>
<errors>
</errors>
</robot>
