<?xml version="1.0" encoding="UTF-8"?>
<robot generator="Robot 3.2.1 (Python 3.8.5 on darwin)" generated="20200916 07:48:15.461" rpa="false">
<suite id="s1" name="Operating System" source="/Users/anrisawada/20projects/robot-scripts/example/Tests/Operating_System.robot">
<test id="s1-t1" name="Create Some Direction">
<kw name="Create the Base directory" library="OS">
<kw name="Create Directory" library="OperatingSystem">
<doc>Creates the specified directory.</doc>
<arguments>
<arg>${output_directory}</arg>
</arguments>
<msg timestamp="20200916 07:48:15.514" level="INFO" html="yes">Directory '&lt;a href="file:///Users/anrisawada/20projects/robot-scripts/example/Outputs"&gt;/Users/anrisawada/20projects/robot-scripts/example/Outputs&lt;/a&gt;' already exists.</msg>
<status status="PASS" starttime="20200916 07:48:15.513" endtime="20200916 07:48:15.514"></status>
</kw>
<kw name="Should Exist" library="OperatingSystem">
<doc>Fails unless the given path (file or directory) exists.</doc>
<arguments>
<arg>${output_directory}</arg>
</arguments>
<msg timestamp="20200916 07:48:15.514" level="INFO" html="yes">Path '&lt;a href="file:///Users/anrisawada/20projects/robot-scripts/example/Outputs"&gt;/Users/anrisawada/20projects/robot-scripts/example/Outputs&lt;/a&gt;' exists.</msg>
<status status="PASS" starttime="20200916 07:48:15.514" endtime="20200916 07:48:15.514"></status>
</kw>
<status status="PASS" starttime="20200916 07:48:15.513" endtime="20200916 07:48:15.514"></status>
</kw>
<kw name="Create Directory 1" library="OS">
<kw name="Join Path" library="OperatingSystem">
<doc>Joins the given path part(s) to the given base path.</doc>
<arguments>
<arg>${output_directory}</arg>
<arg>${directory_1}</arg>
</arguments>
<assign>
<var>${directory_path}</var>
</assign>
<msg timestamp="20200916 07:48:15.515" level="INFO">${directory_path} = Outputs/first directory</msg>
<status status="PASS" starttime="20200916 07:48:15.515" endtime="20200916 07:48:15.515"></status>
</kw>
<kw name="Create Dictionary" library="BuiltIn">
<doc>Creates and returns a dictionary based on the given ``items``.</doc>
<arguments>
<arg>${directory_path}</arg>
</arguments>
<msg timestamp="20200916 07:48:15.516" level="FAIL">Expected even number of keys and values, got 1.</msg>
<status status="FAIL" starttime="20200916 07:48:15.515" endtime="20200916 07:48:15.516"></status>
</kw>
<status status="FAIL" starttime="20200916 07:48:15.515" endtime="20200916 07:48:15.516"></status>
</kw>
<tags>
<tag>OperratingSystem</tag>
</tags>
<status status="FAIL" starttime="20200916 07:48:15.512" endtime="20200916 07:48:15.516" critical="yes">Expected even number of keys and values, got 1.</status>
</test>
<test id="s1-t2" name="Create Some Files">
<kw name="Create the First File" library="OS">
<kw name="Join Path" library="OperatingSystem">
<doc>Joins the given path part(s) to the given base path.</doc>
<arguments>
<arg>${output_directory}</arg>
<arg>${directory_1}</arg>
<arg>${file_1}</arg>
</arguments>
<assign>
<var>${file_path}</var>
</assign>
<msg timestamp="20200916 07:48:15.518" level="INFO">${file_path} = Outputs/first directory/first file.txt</msg>
<status status="PASS" starttime="20200916 07:48:15.518" endtime="20200916 07:48:15.518"></status>
</kw>
<kw name="Create File" library="OperatingSystem">
<doc>Creates a file with the given content and encoding.</doc>
<arguments>
<arg>${file_path}</arg>
<arg>This is some text in file one!</arg>
</arguments>
<msg timestamp="20200916 07:48:15.519" level="INFO" html="yes">Created file '&lt;a href="file:///Users/anrisawada/20projects/robot-scripts/example/Outputs/first directory/first file.txt"&gt;/Users/anrisawada/20projects/robot-scripts/example/Outputs/first directory/first file.txt&lt;/a&gt;'.</msg>
<status status="PASS" starttime="20200916 07:48:15.518" endtime="20200916 07:48:15.519"></status>
</kw>
<status status="PASS" starttime="20200916 07:48:15.517" endtime="20200916 07:48:15.519"></status>
</kw>
<kw name="Create the Second File" library="OS">
<kw name="Join Path" library="OperatingSystem">
<doc>Joins the given path part(s) to the given base path.</doc>
<arguments>
<arg>${output_directory}</arg>
<arg>${directory_2}</arg>
<arg>${file_2}</arg>
</arguments>
<assign>
<var>${file_path}</var>
</assign>
<msg timestamp="20200916 07:48:15.520" level="INFO">${file_path} = Outputs/second directory/second file.txt</msg>
<status status="PASS" starttime="20200916 07:48:15.520" endtime="20200916 07:48:15.520"></status>
</kw>
<kw name="Create File" library="OperatingSystem">
<doc>Creates a file with the given content and encoding.</doc>
<arguments>
<arg>${file_path}</arg>
<arg>This is some text in file two!</arg>
</arguments>
<msg timestamp="20200916 07:48:15.521" level="INFO" html="yes">Created file '&lt;a href="file:///Users/anrisawada/20projects/robot-scripts/example/Outputs/second directory/second file.txt"&gt;/Users/anrisawada/20projects/robot-scripts/example/Outputs/second directory/second file.txt&lt;/a&gt;'.</msg>
<status status="PASS" starttime="20200916 07:48:15.520" endtime="20200916 07:48:15.521"></status>
</kw>
<status status="PASS" starttime="20200916 07:48:15.520" endtime="20200916 07:48:15.521"></status>
</kw>
<kw name="Create the Third File" library="OS">
<kw name="Join Path" library="OperatingSystem">
<doc>Joins the given path part(s) to the given base path.</doc>
<arguments>
<arg>${output_directory}</arg>
<arg>${directory_2}</arg>
<arg>${file_3}</arg>
</arguments>
<assign>
<var>${file_path}</var>
</assign>
<msg timestamp="20200916 07:48:15.523" level="INFO">${file_path} = Outputs/second directory/third file.txt</msg>
<status status="PASS" starttime="20200916 07:48:15.522" endtime="20200916 07:48:15.523"></status>
</kw>
<kw name="Create File" library="OperatingSystem">
<doc>Creates a file with the given content and encoding.</doc>
<arguments>
<arg>${file_path}</arg>
<arg>This is some text in file three!</arg>
</arguments>
<msg timestamp="20200916 07:48:15.525" level="INFO" html="yes">Created file '&lt;a href="file:///Users/anrisawada/20projects/robot-scripts/example/Outputs/second directory/third file.txt"&gt;/Users/anrisawada/20projects/robot-scripts/example/Outputs/second directory/third file.txt&lt;/a&gt;'.</msg>
<status status="PASS" starttime="20200916 07:48:15.524" endtime="20200916 07:48:15.525"></status>
</kw>
<status status="PASS" starttime="20200916 07:48:15.521" endtime="20200916 07:48:15.525"></status>
</kw>
<tags>
<tag>OperatingSystem</tag>
</tags>
<status status="PASS" starttime="20200916 07:48:15.517" endtime="20200916 07:48:15.525" critical="yes"></status>
</test>
<test id="s1-t3" name="Move a File">
<kw name="Move File 3 from Directory 2 to Directory 1" library="OS">
<kw name="Join Path" library="OperatingSystem">
<doc>Joins the given path part(s) to the given base path.</doc>
<arguments>
<arg>${output_directory}</arg>
<arg>${directory_2}</arg>
<arg>${file_3}</arg>
</arguments>
<assign>
<var>${source_path}</var>
</assign>
<msg timestamp="20200916 07:48:15.528" level="INFO">${source_path} = Outputs/second directory/third file.txt</msg>
<status status="PASS" starttime="20200916 07:48:15.527" endtime="20200916 07:48:15.528"></status>
</kw>
<kw name="Join Path" library="OperatingSystem">
<doc>Joins the given path part(s) to the given base path.</doc>
<arguments>
<arg>${output_directory}</arg>
<arg>${directory_1}</arg>
<arg>${file_3}</arg>
</arguments>
<assign>
<var>${target_path}</var>
</assign>
<msg timestamp="20200916 07:48:15.529" level="INFO">${target_path} = Outputs/first directory/third file.txt</msg>
<status status="PASS" starttime="20200916 07:48:15.528" endtime="20200916 07:48:15.529"></status>
</kw>
<kw name="Move File" library="OperatingSystem">
<doc>Moves the source file into the destination.</doc>
<arguments>
<arg>${source_path}</arg>
<arg>${target_path}</arg>
</arguments>
<msg timestamp="20200916 07:48:15.530" level="INFO" html="yes">Moved file from '&lt;a href="file:///Users/anrisawada/20projects/robot-scripts/example/Outputs/second directory/third file.txt"&gt;/Users/anrisawada/20projects/robot-scripts/example/Outputs/second directory/third file.txt&lt;/a&gt;' to '&lt;a href="file:///Users/anrisawada/20projects/robot-scripts/example/Outputs/first directory/third file.txt"&gt;/Users/anrisawada/20projects/robot-scripts/example/Outputs/first directory/third file.txt&lt;/a&gt;'.</msg>
<status status="PASS" starttime="20200916 07:48:15.529" endtime="20200916 07:48:15.531"></status>
</kw>
<kw name="Should Exist" library="OperatingSystem">
<doc>Fails unless the given path (file or directory) exists.</doc>
<arguments>
<arg>${target_path}</arg>
</arguments>
<msg timestamp="20200916 07:48:15.532" level="INFO" html="yes">Path '&lt;a href="file:///Users/anrisawada/20projects/robot-scripts/example/Outputs/first directory/third file.txt"&gt;/Users/anrisawada/20projects/robot-scripts/example/Outputs/first directory/third file.txt&lt;/a&gt;' exists.</msg>
<status status="PASS" starttime="20200916 07:48:15.532" endtime="20200916 07:48:15.533"></status>
</kw>
<kw name="Should Not Exist" library="OperatingSystem">
<doc>Fails if the given path (file or directory) exists.</doc>
<arguments>
<arg>${sourcec_path}</arg>
</arguments>
<msg timestamp="20200916 07:48:15.534" level="FAIL">Variable '${sourcec_path}' not found. Did you mean:
    ${source_path}</msg>
<status status="FAIL" starttime="20200916 07:48:15.533" endtime="20200916 07:48:15.534"></status>
</kw>
<status status="FAIL" starttime="20200916 07:48:15.527" endtime="20200916 07:48:15.534"></status>
</kw>
<tags>
<tag>OperatingSystem</tag>
</tags>
<status status="FAIL" starttime="20200916 07:48:15.526" endtime="20200916 07:48:15.535" critical="yes">Variable '${sourcec_path}' not found. Did you mean:
    ${source_path}</status>
</test>
<test id="s1-t4" name="Copy a File">
<kw name="Copy File 1 from Directory 1 to Directory 2" library="OS">
<kw name="Join Path" library="OperatingSystem">
<doc>Joins the given path part(s) to the given base path.</doc>
<arguments>
<arg>${output_directory}</arg>
<arg>${directory_1}</arg>
<arg>${file_1}</arg>
</arguments>
<assign>
<var>${source_path}</var>
</assign>
<msg timestamp="20200916 07:48:15.537" level="INFO">${source_path} = Outputs/first directory/first file.txt</msg>
<status status="PASS" starttime="20200916 07:48:15.536" endtime="20200916 07:48:15.538"></status>
</kw>
<kw name="Join Path" library="OperatingSystem">
<doc>Joins the given path part(s) to the given base path.</doc>
<arguments>
<arg>${output_directory}</arg>
<arg>${directory_2}</arg>
<arg>${file_1}</arg>
</arguments>
<assign>
<var>${source_path}</var>
</assign>
<msg timestamp="20200916 07:48:15.539" level="INFO">${source_path} = Outputs/second directory/first file.txt</msg>
<status status="PASS" starttime="20200916 07:48:15.538" endtime="20200916 07:48:15.539"></status>
</kw>
<kw name="Copy File" library="OperatingSystem">
<doc>Copies the source file into the destination.</doc>
<arguments>
<arg>${source_path}</arg>
<arg>${target_path}</arg>
</arguments>
<msg timestamp="20200916 07:48:15.540" level="FAIL">Variable '${target_path}' not found.</msg>
<status status="FAIL" starttime="20200916 07:48:15.539" endtime="20200916 07:48:15.540"></status>
</kw>
<status status="FAIL" starttime="20200916 07:48:15.536" endtime="20200916 07:48:15.540"></status>
</kw>
<tags>
<tag>OperatingSystem</tag>
</tags>
<status status="FAIL" starttime="20200916 07:48:15.535" endtime="20200916 07:48:15.541" critical="yes">Variable '${target_path}' not found.</status>
</test>
<doc>These are some file &amp; directory tests</doc>
<status status="FAIL" starttime="20200916 07:48:15.470" endtime="20200916 07:48:15.542"></status>
</suite>
<statistics>
<total>
<stat pass="1" fail="3">Critical Tests</stat>
<stat pass="1" fail="3">All Tests</stat>
</total>
<tag>
<stat pass="1" fail="2">OperatingSystem</stat>
<stat pass="0" fail="1">OperratingSystem</stat>
</tag>
<suite>
<stat pass="1" fail="3" id="s1" name="Operating System">Operating System</stat>
</suite>
</statistics>
<errors>
</errors>
</robot>
