<?xml version="1.0" encoding="UTF-8"?>
<robot generator="Robot 3.2.1 (Python 3.8.5 on darwin)" generated="20200830 14:52:42.579" rpa="false">
<suite id="s1" name="Scope" source="/Users/anrisawada/20projects/robot-scripts/variables/Tests/scope.robot">
<test id="s1-t1" name="Create and log a variable">
<kw name="Log" library="BuiltIn">
<doc>Logs the given message with the given level.</doc>
<arguments>
<arg>${MY_VARIABLE}</arg>
</arguments>
<msg timestamp="20200830 14:52:42.631" level="INFO">From Tests/scope Variables</msg>
<status status="PASS" starttime="20200830 14:52:42.631" endtime="20200830 14:52:42.631"></status>
</kw>
<status status="PASS" starttime="20200830 14:52:42.630" endtime="20200830 14:52:42.631" critical="yes"></status>
</test>
<test id="s1-t2" name="Acceess a variable">
<kw name="Log" library="BuiltIn">
<doc>Logs the given message with the given level.</doc>
<arguments>
<arg>${MY_VARIABLE}</arg>
</arguments>
<msg timestamp="20200830 14:52:42.632" level="INFO">From Tests/scope Variables</msg>
<status status="PASS" starttime="20200830 14:52:42.632" endtime="20200830 14:52:42.632"></status>
</kw>
<status status="PASS" starttime="20200830 14:52:42.632" endtime="20200830 14:52:42.632" critical="yes"></status>
</test>
<status status="PASS" starttime="20200830 14:52:42.601" endtime="20200830 14:52:42.633"></status>
</suite>
<statistics>
<total>
<stat pass="2" fail="0">Critical Tests</stat>
<stat pass="2" fail="0">All Tests</stat>
</total>
<tag>
</tag>
<suite>
<stat pass="2" fail="0" id="s1" name="Scope">Scope</stat>
</suite>
</statistics>
<errors>
</errors>
</robot>
