<?xml version="1.0" encoding="UTF-8"?>
<robot generator="Robot 3.2.1 (Python 3.8.5 on darwin)" generated="20200831 21:10:04.570" rpa="false">
<suite id="s1" name="Passing" source="/Users/anrisawada/20projects/robot-scripts/variables/Tests/passing.robot">
<test id="s1-t1" name="User can search for products">
<kw name="Set Variable" library="BuiltIn">
<doc>Returns the given values which can then be assigned to a variables.</doc>
<arguments>
<arg>http://www.google.com</arg>
<arg>firefox</arg>
</arguments>
<assign>
<var>@{url_and_browser}</var>
</assign>
<msg timestamp="20200831 21:10:04.847" level="INFO">@{url_and_browser} = [ http://www.google.com | firefox ]</msg>
<status status="PASS" starttime="20200831 21:10:04.846" endtime="20200831 21:10:04.847"></status>
</kw>
<kw name="Begin Web Test">
<arguments>
<arg>@{url_and_browser}</arg>
</arguments>
<kw name="Open Browser" library="SeleniumLibrary">
<doc>Opens a new browser instance to the optional ``url``.</doc>
<arguments>
<arg>@{url_and_browser}[0]</arg>
<arg>@{url_and_browser}[1]</arg>
</arguments>
<msg timestamp="20200831 21:10:04.848" level="WARN">Accessing variable items using '@{url_and_browser}[0]' syntax is deprecated. Use '${url_and_browser}[0]' instead.</msg>
<msg timestamp="20200831 21:10:04.849" level="WARN">Accessing variable items using '@{url_and_browser}[1]' syntax is deprecated. Use '${url_and_browser}[1]' instead.</msg>
<msg timestamp="20200831 21:10:04.849" level="INFO">Opening browser 'firefox' to base url 'http://www.google.com'.</msg>
<msg timestamp="20200831 21:10:04.850" level="INFO">Firefox driver log is always forced to to: /Users/anrisawada/20projects/robot-scripts/variables/Results/geckodriver-3.log</msg>
<status status="PASS" starttime="20200831 21:10:04.848" endtime="20200831 21:10:09.634"></status>
</kw>
<kw name="Close Browser" library="SeleniumLibrary">
<doc>Closes the current browser.</doc>
<status status="PASS" starttime="20200831 21:10:09.635" endtime="20200831 21:10:10.314"></status>
</kw>
<status status="PASS" starttime="20200831 21:10:04.848" endtime="20200831 21:10:10.315"></status>
</kw>
<status status="PASS" starttime="20200831 21:10:04.846" endtime="20200831 21:10:10.316" critical="yes"></status>
</test>
<status status="PASS" starttime="20200831 21:10:04.571" endtime="20200831 21:10:10.317"></status>
</suite>
<statistics>
<total>
<stat pass="1" fail="0">Critical Tests</stat>
<stat pass="1" fail="0">All Tests</stat>
</total>
<tag>
</tag>
<suite>
<stat pass="1" fail="0" id="s1" name="Passing">Passing</stat>
</suite>
</statistics>
<errors>
<msg timestamp="20200831 21:10:04.848" level="WARN">Accessing variable items using '@{url_and_browser}[0]' syntax is deprecated. Use '${url_and_browser}[0]' instead.</msg>
<msg timestamp="20200831 21:10:04.849" level="WARN">Accessing variable items using '@{url_and_browser}[1]' syntax is deprecated. Use '${url_and_browser}[1]' instead.</msg>
</errors>
</robot>
