<?xml version="1.0" encoding="UTF-8"?>
<robot generator="Robot 3.2.1 (Python 3.8.5 on darwin)" generated="20200828 07:36:18.886" rpa="false">
<suite id="s1" name="Scalar" source="/Users/anrisawada/20projects/robot-scripts/variables/Tests/Scalar.robot">
<test id="s1-t1" name="Set a variable in the test case">
<kw name="Set Variable" library="BuiltIn">
<doc>Returns the given values which can then be assigned to a variables.</doc>
<arguments>
<arg>Something else</arg>
</arguments>
<assign>
<var>${my_new_variable}</var>
</assign>
<msg timestamp="20200828 07:36:18.919" level="INFO">${my_new_variable} = Something else</msg>
<status status="PASS" starttime="20200828 07:36:18.918" endtime="20200828 07:36:18.919"></status>
</kw>
<kw name="Log" library="BuiltIn">
<doc>Logs the given message with the given level.</doc>
<arguments>
<arg>${my_new_variable}</arg>
</arguments>
<msg timestamp="20200828 07:36:18.919" level="INFO">Something else</msg>
<status status="PASS" starttime="20200828 07:36:18.919" endtime="20200828 07:36:18.919"></status>
</kw>
<tags>
<tag>Current</tag>
</tags>
<status status="PASS" starttime="20200828 07:36:18.918" endtime="20200828 07:36:18.919" critical="yes"></status>
</test>
<test id="s1-t2" name="Variable demonstration2">
<kw name="Log" library="BuiltIn">
<doc>Logs the given message with the given level.</doc>
<arguments>
<arg>${MY_VARIABLE}</arg>
</arguments>
<msg timestamp="20200828 07:36:18.920" level="INFO">This is my input data2</msg>
<status status="PASS" starttime="20200828 07:36:18.920" endtime="20200828 07:36:18.920"></status>
</kw>
<status status="PASS" starttime="20200828 07:36:18.920" endtime="20200828 07:36:18.921" critical="yes"></status>
</test>
<test id="s1-t3" name="Variable demonstration">
<kw name="Log" library="BuiltIn">
<doc>Logs the given message with the given level.</doc>
<arguments>
<arg>${MY_VARIABLE}</arg>
</arguments>
<msg timestamp="20200828 07:36:18.921" level="INFO">This is my input data2</msg>
<status status="PASS" starttime="20200828 07:36:18.921" endtime="20200828 07:36:18.921"></status>
</kw>
<status status="PASS" starttime="20200828 07:36:18.921" endtime="20200828 07:36:18.922" critical="yes"></status>
</test>
<status status="PASS" starttime="20200828 07:36:18.888" endtime="20200828 07:36:18.922"></status>
</suite>
<statistics>
<total>
<stat pass="3" fail="0">Critical Tests</stat>
<stat pass="3" fail="0">All Tests</stat>
</total>
<tag>
<stat pass="1" fail="0">Current</stat>
</tag>
<suite>
<stat pass="3" fail="0" id="s1" name="Scalar">Scalar</stat>
</suite>
</statistics>
<errors>
</errors>
</robot>
