<?xml version="1.0" encoding="UTF-8"?>
<robot generator="Robot 3.2.1 (Python 3.8.5 on darwin)" generated="20201002 07:45:03.969" rpa="false">
<suite id="s1" name="Demo" source="/Users/anrisawada/20projects/robot-scripts/keyword-demo/Tests/demo.robot">
<test id="s1-t1" name="Should be able to login">
<kw name="Begin Web Test" library="Common" type="setup">
<kw name="Open Browser" library="SeleniumLibrary">
<doc>Opens a new browser instance to the optional ``url``.</doc>
<arguments>
<arg>about:blank</arg>
<arg>${BROWSER}</arg>
</arguments>
<msg timestamp="20201002 07:45:04.310" level="INFO">Opening browser 'firefox' to base url 'about:blank'.</msg>
<msg timestamp="20201002 07:45:04.312" level="INFO">Firefox driver log is always forced to to: /Users/anrisawada/20projects/robot-scripts/keyword-demo/Results/geckodriver-13.log</msg>
<status status="PASS" starttime="20201002 07:45:04.310" endtime="20201002 07:45:07.057"></status>
</kw>
<status status="PASS" starttime="20201002 07:45:04.309" endtime="20201002 07:45:07.058"></status>
</kw>
<kw name="Login" library="AmazonApp">
<arguments>
<arg>${LOGIN_EMAIL}</arg>
<arg>${LOGIN_PASSWORD}</arg>
</arguments>
<kw name="Login With Valid Credentials" library="Signin">
<arguments>
<arg>${Username}</arg>
<arg>${Password}</arg>
</arguments>
<kw name="Fill &quot;Email&quot; Field" library="Signin">
<arguments>
<arg>${Username}</arg>
</arguments>
<kw name="Log Filling Email field with">
<arguments>
<arg>${Username}</arg>
</arguments>
<msg timestamp="20201002 07:45:07.072" level="FAIL">No keyword with name 'Log Filling Email field with' found.</msg>
<status status="FAIL" starttime="20201002 07:45:07.072" endtime="20201002 07:45:07.072"></status>
</kw>
<status status="FAIL" starttime="20201002 07:45:07.061" endtime="20201002 07:45:07.073"></status>
</kw>
<status status="FAIL" starttime="20201002 07:45:07.060" endtime="20201002 07:45:07.073"></status>
</kw>
<status status="FAIL" starttime="20201002 07:45:07.059" endtime="20201002 07:45:07.073"></status>
</kw>
<kw name="End Web Test" library="Common" type="teardown">
<kw name="Close Browser" library="SeleniumLibrary">
<doc>Closes the current browser.</doc>
<status status="PASS" starttime="20201002 07:45:07.075" endtime="20201002 07:45:07.591"></status>
</kw>
<status status="PASS" starttime="20201002 07:45:07.074" endtime="20201002 07:45:07.591"></status>
</kw>
<status status="FAIL" starttime="20201002 07:45:04.309" endtime="20201002 07:45:07.592" critical="yes">No keyword with name 'Log Filling Email field with' found.</status>
</test>
<test id="s1-t2" name="Logged out user should be able to search for products">
<kw name="Begin Web Test" library="Common" type="setup">
<kw name="Open Browser" library="SeleniumLibrary">
<doc>Opens a new browser instance to the optional ``url``.</doc>
<arguments>
<arg>about:blank</arg>
<arg>${BROWSER}</arg>
</arguments>
<msg timestamp="20201002 07:45:07.597" level="INFO">Opening browser 'firefox' to base url 'about:blank'.</msg>
<msg timestamp="20201002 07:45:07.598" level="INFO">Firefox driver log is always forced to to: /Users/anrisawada/20projects/robot-scripts/keyword-demo/Results/geckodriver-14.log</msg>
<status status="PASS" starttime="20201002 07:45:07.596" endtime="20201002 07:45:11.413"></status>
</kw>
<status status="PASS" starttime="20201002 07:45:07.594" endtime="20201002 07:45:11.413"></status>
</kw>
<kw name="Search for Products" library="AmazonApp">
<kw name="Load" library="LandingPage">
<kw name="Go To" library="SeleniumLibrary">
<doc>Navigates the current browser window to the provided ``url``.</doc>
<arguments>
<arg>${START_URL}</arg>
</arguments>
<msg timestamp="20201002 07:45:11.415" level="INFO">Opening url 'https://www.amazon.com'</msg>
<status status="PASS" starttime="20201002 07:45:11.415" endtime="20201002 07:45:12.402"></status>
</kw>
<status status="PASS" starttime="20201002 07:45:11.414" endtime="20201002 07:45:12.403"></status>
</kw>
<kw name="Verify Page Loaded" library="LandingPage">
<kw name="Wait Until Page Contains" library="SeleniumLibrary">
<doc>Waits until ``text`` appears on the current page.</doc>
<arguments>
<arg>Hello, Sign in</arg>
</arguments>
<status status="PASS" starttime="20201002 07:45:12.403" endtime="20201002 07:45:12.571"></status>
</kw>
<status status="PASS" starttime="20201002 07:45:12.403" endtime="20201002 07:45:12.571"></status>
</kw>
<kw name="Input Product" library="Product">
<kw name="Input Text" library="SeleniumLibrary">
<doc>Types the given ``text`` into the text field identified by ``locator``.</doc>
<arguments>
<arg>${TOPNAV_SEARCH_BAR}</arg>
<arg>${SEARCH_TERM}</arg>
</arguments>
<msg timestamp="20201002 07:45:12.573" level="INFO">Typing text 'kitsune udon' into text field 'twotabsearchtextbox'.</msg>
<status status="PASS" starttime="20201002 07:45:12.572" endtime="20201002 07:45:12.969"></status>
</kw>
<status status="PASS" starttime="20201002 07:45:12.572" endtime="20201002 07:45:12.969"></status>
</kw>
<kw name="Click The Search Button" library="Product">
<kw name="Click Element" library="SeleniumLibrary">
<doc>Click the element identified by ``locator``.</doc>
<arguments>
<arg>${TOPNAV_SEARCH_BUTTON}</arg>
</arguments>
<msg timestamp="20201002 07:45:12.971" level="INFO">Clicking element 'xpath=//div[@id='nav-search']/form[@role='search']//div[@class='nav-search-submit nav-sprite']'.</msg>
<status status="PASS" starttime="20201002 07:45:12.971" endtime="20201002 07:45:14.809"></status>
</kw>
<kw name="Wait Until Page Contains" library="SeleniumLibrary">
<doc>Waits until ``text`` appears on the current page.</doc>
<arguments>
<arg>results for "${SEARCH_TERM}"</arg>
</arguments>
<status status="PASS" starttime="20201002 07:45:14.809" endtime="20201002 07:45:14.944"></status>
</kw>
<status status="PASS" starttime="20201002 07:45:12.970" endtime="20201002 07:45:14.945"></status>
</kw>
<kw name="Verify Search Completed" library="SearchResults">
<assign>
<var>${ReturnInfo}</var>
</assign>
<kw name="Wait Until Page Contains" library="SeleniumLibrary">
<doc>Waits until ``text`` appears on the current page.</doc>
<arguments>
<arg>results for</arg>
</arguments>
<status status="PASS" starttime="20201002 07:45:14.945" endtime="20201002 07:45:14.994"></status>
</kw>
<msg timestamp="20201002 07:45:14.994" level="INFO">${ReturnInfo} = Found It!</msg>
<status status="PASS" starttime="20201002 07:45:14.945" endtime="20201002 07:45:14.994"></status>
</kw>
<kw name="Log" library="BuiltIn">
<doc>Logs the given message with the given level.</doc>
<arguments>
<arg>${ReturnInfo}</arg>
</arguments>
<msg timestamp="20201002 07:45:14.995" level="INFO">Found It!</msg>
<status status="PASS" starttime="20201002 07:45:14.994" endtime="20201002 07:45:14.995"></status>
</kw>
<status status="PASS" starttime="20201002 07:45:11.414" endtime="20201002 07:45:14.995"></status>
</kw>
<kw name="Do Some Custom Thing" library="AmazonApp">
<kw name="Do Something Special" library="MyCustomLibrary">
<msg timestamp="20201002 07:45:14.995" level="INFO">Doing something Special</msg>
<status status="PASS" starttime="20201002 07:45:14.995" endtime="20201002 07:45:14.996"></status>
</kw>
<status status="PASS" starttime="20201002 07:45:14.995" endtime="20201002 07:45:14.996"></status>
</kw>
<kw name="End Web Test" library="Common" type="teardown">
<kw name="Close Browser" library="SeleniumLibrary">
<doc>Closes the current browser.</doc>
<status status="PASS" starttime="20201002 07:45:14.996" endtime="20201002 07:45:15.938"></status>
</kw>
<status status="PASS" starttime="20201002 07:45:14.996" endtime="20201002 07:45:15.938"></status>
</kw>
<tags>
<tag>Smoke</tag>
</tags>
<status status="PASS" starttime="20201002 07:45:07.593" endtime="20201002 07:45:15.938" critical="yes"></status>
</test>
<test id="s1-t3" name="Logged out user should be able to view a product">
<kw name="Begin Web Test" library="Common" type="setup">
<kw name="Open Browser" library="SeleniumLibrary">
<doc>Opens a new browser instance to the optional ``url``.</doc>
<arguments>
<arg>about:blank</arg>
<arg>${BROWSER}</arg>
</arguments>
<msg timestamp="20201002 07:45:15.941" level="INFO">Opening browser 'firefox' to base url 'about:blank'.</msg>
<msg timestamp="20201002 07:45:15.942" level="INFO">Firefox driver log is always forced to to: /Users/anrisawada/20projects/robot-scripts/keyword-demo/Results/geckodriver-15.log</msg>
<status status="PASS" starttime="20201002 07:45:15.941" endtime="20201002 07:45:19.522"></status>
</kw>
<status status="PASS" starttime="20201002 07:45:15.940" endtime="20201002 07:45:19.522"></status>
</kw>
<kw name="Search for Products" library="AmazonApp">
<kw name="Load" library="LandingPage">
<kw name="Go To" library="SeleniumLibrary">
<doc>Navigates the current browser window to the provided ``url``.</doc>
<arguments>
<arg>${START_URL}</arg>
</arguments>
<msg timestamp="20201002 07:45:19.529" level="INFO">Opening url 'https://www.amazon.com'</msg>
<status status="PASS" starttime="20201002 07:45:19.527" endtime="20201002 07:45:20.789"></status>
</kw>
<status status="PASS" starttime="20201002 07:45:19.525" endtime="20201002 07:45:20.789"></status>
</kw>
<kw name="Verify Page Loaded" library="LandingPage">
<kw name="Wait Until Page Contains" library="SeleniumLibrary">
<doc>Waits until ``text`` appears on the current page.</doc>
<arguments>
<arg>Hello, Sign in</arg>
</arguments>
<status status="PASS" starttime="20201002 07:45:20.791" endtime="20201002 07:45:20.923"></status>
</kw>
<status status="PASS" starttime="20201002 07:45:20.790" endtime="20201002 07:45:20.924"></status>
</kw>
<kw name="Input Product" library="Product">
<kw name="Input Text" library="SeleniumLibrary">
<doc>Types the given ``text`` into the text field identified by ``locator``.</doc>
<arguments>
<arg>${TOPNAV_SEARCH_BAR}</arg>
<arg>${SEARCH_TERM}</arg>
</arguments>
<msg timestamp="20201002 07:45:20.925" level="INFO">Typing text 'kitsune udon' into text field 'twotabsearchtextbox'.</msg>
<status status="PASS" starttime="20201002 07:45:20.925" endtime="20201002 07:45:21.430"></status>
</kw>
<status status="PASS" starttime="20201002 07:45:20.924" endtime="20201002 07:45:21.430"></status>
</kw>
<kw name="Click The Search Button" library="Product">
<kw name="Click Element" library="SeleniumLibrary">
<doc>Click the element identified by ``locator``.</doc>
<arguments>
<arg>${TOPNAV_SEARCH_BUTTON}</arg>
</arguments>
<msg timestamp="20201002 07:45:21.431" level="INFO">Clicking element 'xpath=//div[@id='nav-search']/form[@role='search']//div[@class='nav-search-submit nav-sprite']'.</msg>
<status status="PASS" starttime="20201002 07:45:21.431" endtime="20201002 07:45:23.509"></status>
</kw>
<kw name="Wait Until Page Contains" library="SeleniumLibrary">
<doc>Waits until ``text`` appears on the current page.</doc>
<arguments>
<arg>results for "${SEARCH_TERM}"</arg>
</arguments>
<status status="PASS" starttime="20201002 07:45:23.509" endtime="20201002 07:45:23.625"></status>
</kw>
<status status="PASS" starttime="20201002 07:45:21.431" endtime="20201002 07:45:23.625"></status>
</kw>
<kw name="Verify Search Completed" library="SearchResults">
<assign>
<var>${ReturnInfo}</var>
</assign>
<kw name="Wait Until Page Contains" library="SeleniumLibrary">
<doc>Waits until ``text`` appears on the current page.</doc>
<arguments>
<arg>results for</arg>
</arguments>
<status status="PASS" starttime="20201002 07:45:23.626" endtime="20201002 07:45:23.745"></status>
</kw>
<msg timestamp="20201002 07:45:23.746" level="INFO">${ReturnInfo} = Found It!</msg>
<status status="PASS" starttime="20201002 07:45:23.625" endtime="20201002 07:45:23.746"></status>
</kw>
<kw name="Log" library="BuiltIn">
<doc>Logs the given message with the given level.</doc>
<arguments>
<arg>${ReturnInfo}</arg>
</arguments>
<msg timestamp="20201002 07:45:23.747" level="INFO">Found It!</msg>
<status status="PASS" starttime="20201002 07:45:23.746" endtime="20201002 07:45:23.747"></status>
</kw>
<status status="PASS" starttime="20201002 07:45:19.524" endtime="20201002 07:45:23.747"></status>
</kw>
<kw name="Select Product from Search Results" library="AmazonApp">
<kw name="Select from result page" library="SearchResults">
<kw name="Click Link" library="SeleniumLibrary">
<doc>Clicks a link identified by ``locator``.</doc>
<arguments>
<arg>link=Maruchan Aka Kitsune Udon Cup, 3.39-Ounce Units (Pack of 12)</arg>
</arguments>
<msg timestamp="20201002 07:45:23.749" level="INFO">Clicking link 'link=Maruchan Aka Kitsune Udon Cup, 3.39-Ounce Units (Pack of 12)'.</msg>
<kw name="Capture Page Screenshot" library="SeleniumLibrary">
<doc>Takes a screenshot of the current page and embeds it into a log file.</doc>
<msg timestamp="20201002 07:45:25.940" level="INFO" html="yes">&lt;/td&gt;&lt;/tr&gt;&lt;tr&gt;&lt;td colspan="3"&gt;&lt;a href="selenium-screenshot-12.png"&gt;&lt;img src="selenium-screenshot-12.png" width="800px"&gt;&lt;/a&gt;</msg>
<status status="PASS" starttime="20201002 07:45:25.216" endtime="20201002 07:45:25.940"></status>
</kw>
<msg timestamp="20201002 07:45:25.971" level="FAIL">Link with locator 'link=Maruchan Aka Kitsune Udon Cup, 3.39-Ounce Units (Pack of 12)' not found.</msg>
<status status="FAIL" starttime="20201002 07:45:23.749" endtime="20201002 07:45:25.971"></status>
</kw>
<status status="FAIL" starttime="20201002 07:45:23.748" endtime="20201002 07:45:25.971"></status>
</kw>
<status status="FAIL" starttime="20201002 07:45:23.747" endtime="20201002 07:45:25.972"></status>
</kw>
<kw name="End Web Test" library="Common" type="teardown">
<kw name="Close Browser" library="SeleniumLibrary">
<doc>Closes the current browser.</doc>
<status status="PASS" starttime="20201002 07:45:25.973" endtime="20201002 07:45:26.913"></status>
</kw>
<status status="PASS" starttime="20201002 07:45:25.972" endtime="20201002 07:45:26.913"></status>
</kw>
<tags>
<tag>Smoke</tag>
</tags>
<status status="FAIL" starttime="20201002 07:45:15.939" endtime="20201002 07:45:26.913" critical="yes">Link with locator 'link=Maruchan Aka Kitsune Udon Cup, 3.39-Ounce Units (Pack of 12)' not found.</status>
</test>
<test id="s1-t4" name="Logged out user should be able to add product to a cart">
<kw name="Begin Web Test" library="Common" type="setup">
<kw name="Open Browser" library="SeleniumLibrary">
<doc>Opens a new browser instance to the optional ``url``.</doc>
<arguments>
<arg>about:blank</arg>
<arg>${BROWSER}</arg>
</arguments>
<msg timestamp="20201002 07:45:26.916" level="INFO">Opening browser 'firefox' to base url 'about:blank'.</msg>
<msg timestamp="20201002 07:45:26.917" level="INFO">Firefox driver log is always forced to to: /Users/anrisawada/20projects/robot-scripts/keyword-demo/Results/geckodriver-16.log</msg>
<status status="PASS" starttime="20201002 07:45:26.916" endtime="20201002 07:45:30.632"></status>
</kw>
<status status="PASS" starttime="20201002 07:45:26.915" endtime="20201002 07:45:30.632"></status>
</kw>
<kw name="Search for Products" library="AmazonApp">
<assign>
<var>${ReturnedInfo}</var>
</assign>
<kw name="Load" library="LandingPage">
<kw name="Go To" library="SeleniumLibrary">
<doc>Navigates the current browser window to the provided ``url``.</doc>
<arguments>
<arg>${START_URL}</arg>
</arguments>
<msg timestamp="20201002 07:45:30.637" level="INFO">Opening url 'https://www.amazon.com'</msg>
<status status="PASS" starttime="20201002 07:45:30.637" endtime="20201002 07:45:31.699"></status>
</kw>
<status status="PASS" starttime="20201002 07:45:30.636" endtime="20201002 07:45:31.699"></status>
</kw>
<kw name="Verify Page Loaded" library="LandingPage">
<kw name="Wait Until Page Contains" library="SeleniumLibrary">
<doc>Waits until ``text`` appears on the current page.</doc>
<arguments>
<arg>Hello, Sign in</arg>
</arguments>
<status status="PASS" starttime="20201002 07:45:31.700" endtime="20201002 07:45:31.866"></status>
</kw>
<status status="PASS" starttime="20201002 07:45:31.699" endtime="20201002 07:45:31.867"></status>
</kw>
<kw name="Input Product" library="Product">
<kw name="Input Text" library="SeleniumLibrary">
<doc>Types the given ``text`` into the text field identified by ``locator``.</doc>
<arguments>
<arg>${TOPNAV_SEARCH_BAR}</arg>
<arg>${SEARCH_TERM}</arg>
</arguments>
<msg timestamp="20201002 07:45:31.868" level="INFO">Typing text 'kitsune udon' into text field 'twotabsearchtextbox'.</msg>
<status status="PASS" starttime="20201002 07:45:31.868" endtime="20201002 07:45:32.379"></status>
</kw>
<status status="PASS" starttime="20201002 07:45:31.867" endtime="20201002 07:45:32.380"></status>
</kw>
<kw name="Click The Search Button" library="Product">
<kw name="Click Element" library="SeleniumLibrary">
<doc>Click the element identified by ``locator``.</doc>
<arguments>
<arg>${TOPNAV_SEARCH_BUTTON}</arg>
</arguments>
<msg timestamp="20201002 07:45:32.382" level="INFO">Clicking element 'xpath=//div[@id='nav-search']/form[@role='search']//div[@class='nav-search-submit nav-sprite']'.</msg>
<status status="PASS" starttime="20201002 07:45:32.381" endtime="20201002 07:45:34.077"></status>
</kw>
<kw name="Wait Until Page Contains" library="SeleniumLibrary">
<doc>Waits until ``text`` appears on the current page.</doc>
<arguments>
<arg>results for "${SEARCH_TERM}"</arg>
</arguments>
<status status="PASS" starttime="20201002 07:45:34.077" endtime="20201002 07:45:34.151"></status>
</kw>
<status status="PASS" starttime="20201002 07:45:32.381" endtime="20201002 07:45:34.152"></status>
</kw>
<kw name="Verify Search Completed" library="SearchResults">
<assign>
<var>${ReturnInfo}</var>
</assign>
<kw name="Wait Until Page Contains" library="SeleniumLibrary">
<doc>Waits until ``text`` appears on the current page.</doc>
<arguments>
<arg>results for</arg>
</arguments>
<status status="PASS" starttime="20201002 07:45:34.153" endtime="20201002 07:45:34.409"></status>
</kw>
<msg timestamp="20201002 07:45:34.409" level="INFO">${ReturnInfo} = Found It!</msg>
<status status="PASS" starttime="20201002 07:45:34.152" endtime="20201002 07:45:34.409"></status>
</kw>
<kw name="Log" library="BuiltIn">
<doc>Logs the given message with the given level.</doc>
<arguments>
<arg>${ReturnInfo}</arg>
</arguments>
<msg timestamp="20201002 07:45:34.410" level="INFO">Found It!</msg>
<status status="PASS" starttime="20201002 07:45:34.410" endtime="20201002 07:45:34.410"></status>
</kw>
<msg timestamp="20201002 07:45:34.410" level="INFO">${ReturnedInfo} = None</msg>
<status status="PASS" starttime="20201002 07:45:30.635" endtime="20201002 07:45:34.410"></status>
</kw>
<kw name="Log" library="BuiltIn">
<doc>Logs the given message with the given level.</doc>
<arguments>
<arg>${ReturnedInfo}</arg>
</arguments>
<msg timestamp="20201002 07:45:34.411" level="INFO">None</msg>
<status status="PASS" starttime="20201002 07:45:34.411" endtime="20201002 07:45:34.411"></status>
</kw>
<kw name="Select Product from Search Results" library="AmazonApp">
<kw name="Select from result page" library="SearchResults">
<kw name="Click Link" library="SeleniumLibrary">
<doc>Clicks a link identified by ``locator``.</doc>
<arguments>
<arg>link=Maruchan Aka Kitsune Udon Cup, 3.39-Ounce Units (Pack of 12)</arg>
</arguments>
<msg timestamp="20201002 07:45:34.415" level="INFO">Clicking link 'link=Maruchan Aka Kitsune Udon Cup, 3.39-Ounce Units (Pack of 12)'.</msg>
<kw name="Capture Page Screenshot" library="SeleniumLibrary">
<doc>Takes a screenshot of the current page and embeds it into a log file.</doc>
<msg timestamp="20201002 07:45:36.669" level="INFO" html="yes">&lt;/td&gt;&lt;/tr&gt;&lt;tr&gt;&lt;td colspan="3"&gt;&lt;a href="selenium-screenshot-13.png"&gt;&lt;img src="selenium-screenshot-13.png" width="800px"&gt;&lt;/a&gt;</msg>
<status status="PASS" starttime="20201002 07:45:35.886" endtime="20201002 07:45:36.669"></status>
</kw>
<msg timestamp="20201002 07:45:36.672" level="FAIL">Link with locator 'link=Maruchan Aka Kitsune Udon Cup, 3.39-Ounce Units (Pack of 12)' not found.</msg>
<status status="FAIL" starttime="20201002 07:45:34.415" endtime="20201002 07:45:36.672"></status>
</kw>
<status status="FAIL" starttime="20201002 07:45:34.412" endtime="20201002 07:45:36.673"></status>
</kw>
<status status="FAIL" starttime="20201002 07:45:34.411" endtime="20201002 07:45:36.673"></status>
</kw>
<kw name="End Web Test" library="Common" type="teardown">
<kw name="Close Browser" library="SeleniumLibrary">
<doc>Closes the current browser.</doc>
<status status="PASS" starttime="20201002 07:45:36.680" endtime="20201002 07:45:37.389"></status>
</kw>
<status status="PASS" starttime="20201002 07:45:36.674" endtime="20201002 07:45:37.389"></status>
</kw>
<doc>This is some basic info about the test</doc>
<tags>
<tag>Smoke</tag>
</tags>
<status status="FAIL" starttime="20201002 07:45:26.914" endtime="20201002 07:45:37.389" critical="yes">Link with locator 'link=Maruchan Aka Kitsune Udon Cup, 3.39-Ounce Units (Pack of 12)' not found.</status>
</test>
<doc>This is some basic info about the whole suite</doc>
<status status="FAIL" starttime="20201002 07:45:03.970" endtime="20201002 07:45:37.390"></status>
</suite>
<statistics>
<total>
<stat pass="1" fail="3">Critical Tests</stat>
<stat pass="1" fail="3">All Tests</stat>
</total>
<tag>
<stat pass="1" fail="2">Smoke</stat>
</tag>
<suite>
<stat pass="1" fail="3" id="s1" name="Demo">Demo</stat>
</suite>
</statistics>
<errors>
<msg timestamp="20201002 07:45:04.305" level="WARN">Imported resource file '/Users/anrisawada/20projects/robot-scripts/keyword-demo/Resources/PO/TopNav.robot' is empty.</msg>
</errors>
</robot>
