<?xml version="1.0" encoding="UTF-8"?>
<robot generator="Robot 3.2.2 (Python 3.8.5 on darwin)" generated="20201012 07:41:39.611" rpa="false">
<suite id="s1" name="Demo" source="/Users/anrisawada/20projects/robot-scripts/keyword-demo/Tests/demo.robot">
<test id="s1-t1" name="Should be able to login">
<kw name="Begin Web Test" library="Common" type="setup">
<kw name="Open Browser" library="SeleniumLibrary">
<doc>Opens a new browser instance to the optional ``url``.</doc>
<arguments>
<arg>about:blank</arg>
<arg>${BROWSER}</arg>
</arguments>
<msg timestamp="20201012 07:41:40.007" level="INFO">Opening browser 'firefox' to base url 'about:blank'.</msg>
<msg timestamp="20201012 07:41:40.009" level="INFO">Firefox driver log is always forced to to: /Users/anrisawada/20projects/robot-scripts/keyword-demo/Results/geckodriver-24.log</msg>
<status status="PASS" starttime="20201012 07:41:40.007" endtime="20201012 07:41:45.312"></status>
</kw>
<status status="PASS" starttime="20201012 07:41:40.006" endtime="20201012 07:41:45.313"></status>
</kw>
<kw name="Login" library="AmazonApp">
<arguments>
<arg>${LOGIN_EMAIL}</arg>
<arg>${LOGIN_PASSWORD}</arg>
</arguments>
<kw name="Login With Valid Credentials" library="Signin">
<arguments>
<arg>${Username}</arg>
<arg>${Password}</arg>
</arguments>
<kw name="Fill &quot;Email&quot; Field" library="Signin">
<arguments>
<arg>${Username}</arg>
</arguments>
<kw name="Log Filling Email field with">
<arguments>
<arg>${Username}</arg>
</arguments>
<msg timestamp="20201012 07:41:45.330" level="FAIL">No keyword with name 'Log Filling Email field with' found.</msg>
<status status="FAIL" starttime="20201012 07:41:45.330" endtime="20201012 07:41:45.330"></status>
</kw>
<status status="FAIL" starttime="20201012 07:41:45.315" endtime="20201012 07:41:45.331"></status>
</kw>
<status status="FAIL" starttime="20201012 07:41:45.315" endtime="20201012 07:41:45.331"></status>
</kw>
<status status="FAIL" starttime="20201012 07:41:45.314" endtime="20201012 07:41:45.332"></status>
</kw>
<kw name="End Web Test" library="Common" type="teardown">
<kw name="Close Browser" library="SeleniumLibrary">
<doc>Closes the current browser.</doc>
<status status="PASS" starttime="20201012 07:41:45.333" endtime="20201012 07:41:46.060"></status>
</kw>
<status status="PASS" starttime="20201012 07:41:45.332" endtime="20201012 07:41:46.060"></status>
</kw>
<status status="FAIL" starttime="20201012 07:41:40.005" endtime="20201012 07:41:46.060" critical="yes">No keyword with name 'Log Filling Email field with' found.</status>
</test>
<test id="s1-t2" name="Logged out user should be able to search for products">
<kw name="Begin Web Test" library="Common" type="setup">
<kw name="Open Browser" library="SeleniumLibrary">
<doc>Opens a new browser instance to the optional ``url``.</doc>
<arguments>
<arg>about:blank</arg>
<arg>${BROWSER}</arg>
</arguments>
<msg timestamp="20201012 07:41:46.063" level="INFO">Opening browser 'firefox' to base url 'about:blank'.</msg>
<msg timestamp="20201012 07:41:46.063" level="INFO">Firefox driver log is always forced to to: /Users/anrisawada/20projects/robot-scripts/keyword-demo/Results/geckodriver-25.log</msg>
<status status="PASS" starttime="20201012 07:41:46.062" endtime="20201012 07:41:49.911"></status>
</kw>
<status status="PASS" starttime="20201012 07:41:46.062" endtime="20201012 07:41:49.911"></status>
</kw>
<kw name="Search for Products" library="AmazonApp">
<kw name="Load" library="LandingPage">
<kw name="Go To" library="SeleniumLibrary">
<doc>Navigates the current browser window to the provided ``url``.</doc>
<arguments>
<arg>${START_URL}</arg>
</arguments>
<msg timestamp="20201012 07:41:49.914" level="INFO">Opening url 'https://www.amazon.com'</msg>
<status status="PASS" starttime="20201012 07:41:49.914" endtime="20201012 07:41:51.013"></status>
</kw>
<status status="PASS" starttime="20201012 07:41:49.913" endtime="20201012 07:41:51.014"></status>
</kw>
<kw name="Verify Page Loaded" library="LandingPage">
<kw name="Wait Until Page Contains" library="SeleniumLibrary">
<doc>Waits until ``text`` appears on the current page.</doc>
<arguments>
<arg>Hello, Sign in</arg>
</arguments>
<status status="PASS" starttime="20201012 07:41:51.014" endtime="20201012 07:41:51.326"></status>
</kw>
<status status="PASS" starttime="20201012 07:41:51.014" endtime="20201012 07:41:51.327"></status>
</kw>
<kw name="Input Product" library="Product">
<kw name="Input Text" library="SeleniumLibrary">
<doc>Types the given ``text`` into the text field identified by ``locator``.</doc>
<arguments>
<arg>${TOPNAV_SEARCH_BAR}</arg>
<arg>${SEARCH_TERM}</arg>
</arguments>
<msg timestamp="20201012 07:41:51.329" level="INFO">Typing text 'kitsune udon' into text field 'twotabsearchtextbox'.</msg>
<status status="PASS" starttime="20201012 07:41:51.328" endtime="20201012 07:41:52.008"></status>
</kw>
<status status="PASS" starttime="20201012 07:41:51.327" endtime="20201012 07:41:52.008"></status>
</kw>
<kw name="Click The Search Button" library="Product">
<kw name="Click Element" library="SeleniumLibrary">
<doc>Click the element identified by ``locator``.</doc>
<arguments>
<arg>${TOPNAV_SEARCH_BUTTON}</arg>
</arguments>
<msg timestamp="20201012 07:41:52.009" level="INFO">Clicking element 'xpath=//div[@id='nav-search']/form[@role='search']//div[@class='nav-search-submit nav-sprite']'.</msg>
<status status="PASS" starttime="20201012 07:41:52.009" endtime="20201012 07:41:54.814"></status>
</kw>
<kw name="Wait Until Page Contains" library="SeleniumLibrary">
<doc>Waits until ``text`` appears on the current page.</doc>
<arguments>
<arg>results for "${SEARCH_TERM}"</arg>
</arguments>
<status status="PASS" starttime="20201012 07:41:54.814" endtime="20201012 07:41:54.868"></status>
</kw>
<status status="PASS" starttime="20201012 07:41:52.008" endtime="20201012 07:41:54.868"></status>
</kw>
<kw name="Verify Search Completed" library="SearchResults">
<assign>
<var>${ReturnInfo}</var>
</assign>
<kw name="Wait Until Page Contains" library="SeleniumLibrary">
<doc>Waits until ``text`` appears on the current page.</doc>
<arguments>
<arg>results for</arg>
</arguments>
<status status="PASS" starttime="20201012 07:41:54.869" endtime="20201012 07:41:54.949"></status>
</kw>
<msg timestamp="20201012 07:41:54.949" level="INFO">${ReturnInfo} = Found It!</msg>
<status status="PASS" starttime="20201012 07:41:54.868" endtime="20201012 07:41:54.949"></status>
</kw>
<kw name="Log" library="BuiltIn">
<doc>Logs the given message with the given level.</doc>
<arguments>
<arg>${ReturnInfo}</arg>
</arguments>
<msg timestamp="20201012 07:41:54.950" level="INFO">Found It!</msg>
<status status="PASS" starttime="20201012 07:41:54.950" endtime="20201012 07:41:54.950"></status>
</kw>
<status status="PASS" starttime="20201012 07:41:49.912" endtime="20201012 07:41:54.950"></status>
</kw>
<kw name="Do Some Custom Thing" library="AmazonApp">
<kw name="Do Something Special" library="MyCustomLibrary">
<msg timestamp="20201012 07:41:54.951" level="INFO">Doing something Special</msg>
<status status="PASS" starttime="20201012 07:41:54.951" endtime="20201012 07:41:54.951"></status>
</kw>
<status status="PASS" starttime="20201012 07:41:54.950" endtime="20201012 07:41:54.951"></status>
</kw>
<kw name="End Web Test" library="Common" type="teardown">
<kw name="Close Browser" library="SeleniumLibrary">
<doc>Closes the current browser.</doc>
<status status="PASS" starttime="20201012 07:41:54.954" endtime="20201012 07:41:55.669"></status>
</kw>
<status status="PASS" starttime="20201012 07:41:54.952" endtime="20201012 07:41:55.669"></status>
</kw>
<tags>
<tag>Smoke</tag>
</tags>
<status status="PASS" starttime="20201012 07:41:46.061" endtime="20201012 07:41:55.669" critical="yes"></status>
</test>
<test id="s1-t3" name="Logged out user should be able to view a product">
<kw name="Begin Web Test" library="Common" type="setup">
<kw name="Open Browser" library="SeleniumLibrary">
<doc>Opens a new browser instance to the optional ``url``.</doc>
<arguments>
<arg>about:blank</arg>
<arg>${BROWSER}</arg>
</arguments>
<msg timestamp="20201012 07:41:55.672" level="INFO">Opening browser 'firefox' to base url 'about:blank'.</msg>
<msg timestamp="20201012 07:41:55.673" level="INFO">Firefox driver log is always forced to to: /Users/anrisawada/20projects/robot-scripts/keyword-demo/Results/geckodriver-26.log</msg>
<status status="PASS" starttime="20201012 07:41:55.672" endtime="20201012 07:41:59.248"></status>
</kw>
<status status="PASS" starttime="20201012 07:41:55.671" endtime="20201012 07:41:59.249"></status>
</kw>
<kw name="Search for Products" library="AmazonApp">
<kw name="Load" library="LandingPage">
<kw name="Go To" library="SeleniumLibrary">
<doc>Navigates the current browser window to the provided ``url``.</doc>
<arguments>
<arg>${START_URL}</arg>
</arguments>
<msg timestamp="20201012 07:41:59.252" level="INFO">Opening url 'https://www.amazon.com'</msg>
<status status="PASS" starttime="20201012 07:41:59.251" endtime="20201012 07:42:00.245"></status>
</kw>
<status status="PASS" starttime="20201012 07:41:59.251" endtime="20201012 07:42:00.245"></status>
</kw>
<kw name="Verify Page Loaded" library="LandingPage">
<kw name="Wait Until Page Contains" library="SeleniumLibrary">
<doc>Waits until ``text`` appears on the current page.</doc>
<arguments>
<arg>Hello, Sign in</arg>
</arguments>
<status status="PASS" starttime="20201012 07:42:00.246" endtime="20201012 07:42:00.396"></status>
</kw>
<status status="PASS" starttime="20201012 07:42:00.245" endtime="20201012 07:42:00.396"></status>
</kw>
<kw name="Input Product" library="Product">
<kw name="Input Text" library="SeleniumLibrary">
<doc>Types the given ``text`` into the text field identified by ``locator``.</doc>
<arguments>
<arg>${TOPNAV_SEARCH_BAR}</arg>
<arg>${SEARCH_TERM}</arg>
</arguments>
<msg timestamp="20201012 07:42:00.397" level="INFO">Typing text 'kitsune udon' into text field 'twotabsearchtextbox'.</msg>
<status status="PASS" starttime="20201012 07:42:00.397" endtime="20201012 07:42:00.831"></status>
</kw>
<status status="PASS" starttime="20201012 07:42:00.397" endtime="20201012 07:42:00.832"></status>
</kw>
<kw name="Click The Search Button" library="Product">
<kw name="Click Element" library="SeleniumLibrary">
<doc>Click the element identified by ``locator``.</doc>
<arguments>
<arg>${TOPNAV_SEARCH_BUTTON}</arg>
</arguments>
<msg timestamp="20201012 07:42:00.833" level="INFO">Clicking element 'xpath=//div[@id='nav-search']/form[@role='search']//div[@class='nav-search-submit nav-sprite']'.</msg>
<status status="PASS" starttime="20201012 07:42:00.833" endtime="20201012 07:42:02.808"></status>
</kw>
<kw name="Wait Until Page Contains" library="SeleniumLibrary">
<doc>Waits until ``text`` appears on the current page.</doc>
<arguments>
<arg>results for "${SEARCH_TERM}"</arg>
</arguments>
<status status="PASS" starttime="20201012 07:42:02.808" endtime="20201012 07:42:02.896"></status>
</kw>
<status status="PASS" starttime="20201012 07:42:00.832" endtime="20201012 07:42:02.896"></status>
</kw>
<kw name="Verify Search Completed" library="SearchResults">
<assign>
<var>${ReturnInfo}</var>
</assign>
<kw name="Wait Until Page Contains" library="SeleniumLibrary">
<doc>Waits until ``text`` appears on the current page.</doc>
<arguments>
<arg>results for</arg>
</arguments>
<status status="PASS" starttime="20201012 07:42:02.898" endtime="20201012 07:42:02.969"></status>
</kw>
<msg timestamp="20201012 07:42:02.969" level="INFO">${ReturnInfo} = Found It!</msg>
<status status="PASS" starttime="20201012 07:42:02.897" endtime="20201012 07:42:02.970"></status>
</kw>
<kw name="Log" library="BuiltIn">
<doc>Logs the given message with the given level.</doc>
<arguments>
<arg>${ReturnInfo}</arg>
</arguments>
<msg timestamp="20201012 07:42:02.970" level="INFO">Found It!</msg>
<status status="PASS" starttime="20201012 07:42:02.970" endtime="20201012 07:42:02.970"></status>
</kw>
<status status="PASS" starttime="20201012 07:41:59.250" endtime="20201012 07:42:02.971"></status>
</kw>
<kw name="Select Product from Search Results" library="AmazonApp">
<kw name="Select from result page" library="SearchResults">
<kw name="Click Link" library="SeleniumLibrary">
<doc>Clicks a link identified by ``locator``.</doc>
<arguments>
<arg>link=Maruchan Aka Kitsune Udon Cup, 3.39-Ounce Units (Pack of 12)</arg>
</arguments>
<msg timestamp="20201012 07:42:02.972" level="INFO">Clicking link 'link=Maruchan Aka Kitsune Udon Cup, 3.39-Ounce Units (Pack of 12)'.</msg>
<kw name="Capture Page Screenshot" library="SeleniumLibrary">
<doc>Takes a screenshot of the current page and embeds it into a log file.</doc>
<msg timestamp="20201012 07:42:05.161" level="INFO" html="yes">&lt;/td&gt;&lt;/tr&gt;&lt;tr&gt;&lt;td colspan="3"&gt;&lt;a href="selenium-screenshot-12.png"&gt;&lt;img src="selenium-screenshot-12.png" width="800px"&gt;&lt;/a&gt;</msg>
<status status="PASS" starttime="20201012 07:42:04.483" endtime="20201012 07:42:05.161"></status>
</kw>
<msg timestamp="20201012 07:42:05.190" level="FAIL">Link with locator 'link=Maruchan Aka Kitsune Udon Cup, 3.39-Ounce Units (Pack of 12)' not found.</msg>
<status status="FAIL" starttime="20201012 07:42:02.971" endtime="20201012 07:42:05.190"></status>
</kw>
<status status="FAIL" starttime="20201012 07:42:02.971" endtime="20201012 07:42:05.190"></status>
</kw>
<status status="FAIL" starttime="20201012 07:42:02.971" endtime="20201012 07:42:05.191"></status>
</kw>
<kw name="End Web Test" library="Common" type="teardown">
<kw name="Close Browser" library="SeleniumLibrary">
<doc>Closes the current browser.</doc>
<status status="PASS" starttime="20201012 07:42:05.192" endtime="20201012 07:42:06.004"></status>
</kw>
<status status="PASS" starttime="20201012 07:42:05.191" endtime="20201012 07:42:06.005"></status>
</kw>
<tags>
<tag>Smoke</tag>
</tags>
<status status="FAIL" starttime="20201012 07:41:55.671" endtime="20201012 07:42:06.005" critical="yes">Link with locator 'link=Maruchan Aka Kitsune Udon Cup, 3.39-Ounce Units (Pack of 12)' not found.</status>
</test>
<test id="s1-t4" name="Logged out user should be able to add product to a cart">
<kw name="Begin Web Test" library="Common" type="setup">
<kw name="Open Browser" library="SeleniumLibrary">
<doc>Opens a new browser instance to the optional ``url``.</doc>
<arguments>
<arg>about:blank</arg>
<arg>${BROWSER}</arg>
</arguments>
<msg timestamp="20201012 07:42:06.008" level="INFO">Opening browser 'firefox' to base url 'about:blank'.</msg>
<msg timestamp="20201012 07:42:06.010" level="INFO">Firefox driver log is always forced to to: /Users/anrisawada/20projects/robot-scripts/keyword-demo/Results/geckodriver-27.log</msg>
<status status="PASS" starttime="20201012 07:42:06.007" endtime="20201012 07:42:09.648"></status>
</kw>
<status status="PASS" starttime="20201012 07:42:06.006" endtime="20201012 07:42:09.649"></status>
</kw>
<kw name="Search for Products" library="AmazonApp">
<assign>
<var>${ReturnedInfo}</var>
</assign>
<kw name="Load" library="LandingPage">
<kw name="Go To" library="SeleniumLibrary">
<doc>Navigates the current browser window to the provided ``url``.</doc>
<arguments>
<arg>${START_URL}</arg>
</arguments>
<msg timestamp="20201012 07:42:09.651" level="INFO">Opening url 'https://www.amazon.com'</msg>
<status status="PASS" starttime="20201012 07:42:09.650" endtime="20201012 07:42:10.667"></status>
</kw>
<status status="PASS" starttime="20201012 07:42:09.650" endtime="20201012 07:42:10.667"></status>
</kw>
<kw name="Verify Page Loaded" library="LandingPage">
<kw name="Wait Until Page Contains" library="SeleniumLibrary">
<doc>Waits until ``text`` appears on the current page.</doc>
<arguments>
<arg>Hello, Sign in</arg>
</arguments>
<status status="PASS" starttime="20201012 07:42:10.668" endtime="20201012 07:42:10.844"></status>
</kw>
<status status="PASS" starttime="20201012 07:42:10.667" endtime="20201012 07:42:10.844"></status>
</kw>
<kw name="Input Product" library="Product">
<kw name="Input Text" library="SeleniumLibrary">
<doc>Types the given ``text`` into the text field identified by ``locator``.</doc>
<arguments>
<arg>${TOPNAV_SEARCH_BAR}</arg>
<arg>${SEARCH_TERM}</arg>
</arguments>
<msg timestamp="20201012 07:42:10.845" level="INFO">Typing text 'kitsune udon' into text field 'twotabsearchtextbox'.</msg>
<status status="PASS" starttime="20201012 07:42:10.845" endtime="20201012 07:42:11.324"></status>
</kw>
<status status="PASS" starttime="20201012 07:42:10.844" endtime="20201012 07:42:11.325"></status>
</kw>
<kw name="Click The Search Button" library="Product">
<kw name="Click Element" library="SeleniumLibrary">
<doc>Click the element identified by ``locator``.</doc>
<arguments>
<arg>${TOPNAV_SEARCH_BUTTON}</arg>
</arguments>
<msg timestamp="20201012 07:42:11.326" level="INFO">Clicking element 'xpath=//div[@id='nav-search']/form[@role='search']//div[@class='nav-search-submit nav-sprite']'.</msg>
<status status="PASS" starttime="20201012 07:42:11.326" endtime="20201012 07:42:13.265"></status>
</kw>
<kw name="Wait Until Page Contains" library="SeleniumLibrary">
<doc>Waits until ``text`` appears on the current page.</doc>
<arguments>
<arg>results for "${SEARCH_TERM}"</arg>
</arguments>
<status status="PASS" starttime="20201012 07:42:13.265" endtime="20201012 07:42:13.344"></status>
</kw>
<status status="PASS" starttime="20201012 07:42:11.325" endtime="20201012 07:42:13.345"></status>
</kw>
<kw name="Verify Search Completed" library="SearchResults">
<assign>
<var>${ReturnInfo}</var>
</assign>
<kw name="Wait Until Page Contains" library="SeleniumLibrary">
<doc>Waits until ``text`` appears on the current page.</doc>
<arguments>
<arg>results for</arg>
</arguments>
<status status="PASS" starttime="20201012 07:42:13.346" endtime="20201012 07:42:13.455"></status>
</kw>
<msg timestamp="20201012 07:42:13.455" level="INFO">${ReturnInfo} = Found It!</msg>
<status status="PASS" starttime="20201012 07:42:13.345" endtime="20201012 07:42:13.455"></status>
</kw>
<kw name="Log" library="BuiltIn">
<doc>Logs the given message with the given level.</doc>
<arguments>
<arg>${ReturnInfo}</arg>
</arguments>
<msg timestamp="20201012 07:42:13.456" level="INFO">Found It!</msg>
<status status="PASS" starttime="20201012 07:42:13.456" endtime="20201012 07:42:13.456"></status>
</kw>
<msg timestamp="20201012 07:42:13.457" level="INFO">${ReturnedInfo} = None</msg>
<status status="PASS" starttime="20201012 07:42:09.649" endtime="20201012 07:42:13.457"></status>
</kw>
<kw name="Log" library="BuiltIn">
<doc>Logs the given message with the given level.</doc>
<arguments>
<arg>${ReturnedInfo}</arg>
</arguments>
<msg timestamp="20201012 07:42:13.457" level="INFO">None</msg>
<status status="PASS" starttime="20201012 07:42:13.457" endtime="20201012 07:42:13.458"></status>
</kw>
<kw name="Select Product from Search Results" library="AmazonApp">
<kw name="Select from result page" library="SearchResults">
<kw name="Click Link" library="SeleniumLibrary">
<doc>Clicks a link identified by ``locator``.</doc>
<arguments>
<arg>link=Maruchan Aka Kitsune Udon Cup, 3.39-Ounce Units (Pack of 12)</arg>
</arguments>
<msg timestamp="20201012 07:42:13.459" level="INFO">Clicking link 'link=Maruchan Aka Kitsune Udon Cup, 3.39-Ounce Units (Pack of 12)'.</msg>
<kw name="Capture Page Screenshot" library="SeleniumLibrary">
<doc>Takes a screenshot of the current page and embeds it into a log file.</doc>
<msg timestamp="20201012 07:42:16.080" level="INFO" html="yes">&lt;/td&gt;&lt;/tr&gt;&lt;tr&gt;&lt;td colspan="3"&gt;&lt;a href="selenium-screenshot-13.png"&gt;&lt;img src="selenium-screenshot-13.png" width="800px"&gt;&lt;/a&gt;</msg>
<status status="PASS" starttime="20201012 07:42:15.182" endtime="20201012 07:42:16.080"></status>
</kw>
<msg timestamp="20201012 07:42:16.081" level="FAIL">Link with locator 'link=Maruchan Aka Kitsune Udon Cup, 3.39-Ounce Units (Pack of 12)' not found.</msg>
<status status="FAIL" starttime="20201012 07:42:13.459" endtime="20201012 07:42:16.081"></status>
</kw>
<status status="FAIL" starttime="20201012 07:42:13.458" endtime="20201012 07:42:16.081"></status>
</kw>
<status status="FAIL" starttime="20201012 07:42:13.458" endtime="20201012 07:42:16.081"></status>
</kw>
<kw name="End Web Test" library="Common" type="teardown">
<kw name="Close Browser" library="SeleniumLibrary">
<doc>Closes the current browser.</doc>
<status status="PASS" starttime="20201012 07:42:16.082" endtime="20201012 07:42:16.996"></status>
</kw>
<status status="PASS" starttime="20201012 07:42:16.082" endtime="20201012 07:42:16.996"></status>
</kw>
<doc>This is some basic info about the test</doc>
<tags>
<tag>Smoke</tag>
</tags>
<status status="FAIL" starttime="20201012 07:42:06.005" endtime="20201012 07:42:16.996" critical="yes">Link with locator 'link=Maruchan Aka Kitsune Udon Cup, 3.39-Ounce Units (Pack of 12)' not found.</status>
</test>
<test id="s1-t5" name="Should be able to do something">
<kw name="Begin Web Test" library="Common" type="setup">
<kw name="Open Browser" library="SeleniumLibrary">
<doc>Opens a new browser instance to the optional ``url``.</doc>
<arguments>
<arg>about:blank</arg>
<arg>${BROWSER}</arg>
</arguments>
<msg timestamp="20201012 07:42:16.998" level="INFO">Opening browser 'firefox' to base url 'about:blank'.</msg>
<msg timestamp="20201012 07:42:16.999" level="INFO">Firefox driver log is always forced to to: /Users/anrisawada/20projects/robot-scripts/keyword-demo/Results/geckodriver-28.log</msg>
<status status="PASS" starttime="20201012 07:42:16.998" endtime="20201012 07:42:20.657"></status>
</kw>
<status status="PASS" starttime="20201012 07:42:16.997" endtime="20201012 07:42:20.658"></status>
</kw>
<kw name="Open Browser" library="SeleniumLibrary">
<doc>Opens a new browser instance to the optional ``url``.</doc>
<arguments>
<arg>${START_URL}</arg>
<arg>${BROWSER}</arg>
</arguments>
<msg timestamp="20201012 07:42:20.659" level="INFO">Opening browser 'firefox' to base url 'https://www.amazon.com'.</msg>
<msg timestamp="20201012 07:42:20.659" level="INFO">Firefox driver log is always forced to to: /Users/anrisawada/20projects/robot-scripts/keyword-demo/Results/geckodriver-29.log</msg>
<status status="PASS" starttime="20201012 07:42:20.658" endtime="20201012 07:42:25.540"></status>
</kw>
<kw name="Click Image" library="SeleniumLibrary">
<doc>Clicks an image identified by ``locator``.</doc>
<arguments>
<arg>Rubie's Women's Marvel Classic Black Panther Costume, Medium</arg>
</arguments>
<msg timestamp="20201012 07:42:25.541" level="INFO">Clicking image 'Rubie's Women's Marvel Classic Black Panther Costume, Medium'.</msg>
<kw name="Capture Page Screenshot" library="SeleniumLibrary">
<doc>Takes a screenshot of the current page and embeds it into a log file.</doc>
<msg timestamp="20201012 07:42:26.621" level="INFO" html="yes">&lt;/td&gt;&lt;/tr&gt;&lt;tr&gt;&lt;td colspan="3"&gt;&lt;a href="selenium-screenshot-14.png"&gt;&lt;img src="selenium-screenshot-14.png" width="800px"&gt;&lt;/a&gt;</msg>
<status status="PASS" starttime="20201012 07:42:25.780" endtime="20201012 07:42:26.621"></status>
</kw>
<msg timestamp="20201012 07:42:26.622" level="FAIL">Input with locator 'Rubie's Women's Marvel Classic Black Panther Costume, Medium' not found.</msg>
<status status="FAIL" starttime="20201012 07:42:25.541" endtime="20201012 07:42:26.622"></status>
</kw>
<kw name="End Web Test" library="Common" type="teardown">
<kw name="Close Browser" library="SeleniumLibrary">
<doc>Closes the current browser.</doc>
<status status="PASS" starttime="20201012 07:42:26.623" endtime="20201012 07:42:27.742"></status>
</kw>
<status status="PASS" starttime="20201012 07:42:26.622" endtime="20201012 07:42:27.742"></status>
</kw>
<status status="FAIL" starttime="20201012 07:42:16.997" endtime="20201012 07:42:27.742" critical="yes">Input with locator 'Rubie's Women's Marvel Classic Black Panther Costume, Medium' not found.</status>
</test>
<doc>This is some basic info about the whole suite</doc>
<status status="FAIL" starttime="20201012 07:41:39.612" endtime="20201012 07:42:27.744"></status>
</suite>
<statistics>
<total>
<stat pass="1" fail="4">Critical Tests</stat>
<stat pass="1" fail="4">All Tests</stat>
</total>
<tag>
<stat pass="1" fail="2">Smoke</stat>
</tag>
<suite>
<stat pass="1" fail="4" id="s1" name="Demo">Demo</stat>
</suite>
</statistics>
<errors>
<msg timestamp="20201012 07:41:40.001" level="WARN">Imported resource file '/Users/anrisawada/20projects/robot-scripts/keyword-demo/Resources/PO/TopNav.robot' is empty.</msg>
</errors>
</robot>
