<?xml version="1.0" encoding="UTF-8"?>
<robot generator="Robot 3.2.1 (Python 3.8.5 on darwin)" generated="20200823 12:13:20.770" rpa="false">
<suite id="s1" name="Demo" source="/Users/anrisawada/20projects/robot-scripts/keyword-demo/Tests/demo.robot">
<kw name="Insert Testing Data" type="setup">
<msg timestamp="20200823 12:13:20.932" level="FAIL">No keyword with name 'Insert Testing Data' found.</msg>
<status status="FAIL" starttime="20200823 12:13:20.932" endtime="20200823 12:13:20.932"></status>
</kw>
<test id="s1-t1" name="User ccan search for products">
<doc>This is some basic info about the test</doc>
<tags>
<tag>Smoke</tag>
</tags>
<status status="FAIL" starttime="20200823 12:13:20.933" endtime="20200823 12:13:20.933" critical="yes">Parent suite setup failed:
No keyword with name 'Insert Testing Data' found.</status>
</test>
<test id="s1-t2" name="User must sign in to check out">
<doc>This is some basic info about the test</doc>
<tags>
<tag>Smoke</tag>
</tags>
<status status="FAIL" starttime="20200823 12:13:20.934" endtime="20200823 12:13:20.934" critical="yes">Parent suite setup failed:
No keyword with name 'Insert Testing Data' found.</status>
</test>
<kw name="Cleanup Testing Data" type="teardown">
<msg timestamp="20200823 12:13:20.938" level="FAIL">No keyword with name 'Cleanup Testing Data' found.</msg>
<status status="FAIL" starttime="20200823 12:13:20.938" endtime="20200823 12:13:20.938">No keyword with name 'Cleanup Testing Data' found.</status>
</kw>
<doc>This is some basic info about the whole suite</doc>
<status status="FAIL" starttime="20200823 12:13:20.774" endtime="20200823 12:13:20.938">Suite setup failed:
No keyword with name 'Insert Testing Data' found.

Also suite teardown failed:
No keyword with name 'Cleanup Testing Data' found.</status>
</suite>
<statistics>
<total>
<stat pass="0" fail="2">Critical Tests</stat>
<stat pass="0" fail="2">All Tests</stat>
</total>
<tag>
<stat pass="0" fail="2">Smoke</stat>
</tag>
<suite>
<stat pass="0" fail="2" id="s1" name="Demo">Demo</stat>
</suite>
</statistics>
<errors>
</errors>
</robot>
