<?xml version="1.0" encoding="UTF-8"?>
<robot generator="Robot 3.2.2 (Python 3.8.5 on darwin)" generated="20201005 07:43:30.903" rpa="false">
<suite id="s1" name="Demo" source="/Users/anrisawada/20projects/robot-scripts/keyword-demo/Tests/demo.robot">
<test id="s1-t1" name="Should be able to login">
<kw name="Begin Web Test" library="Common" type="setup">
<kw name="Open Browser" library="SeleniumLibrary">
<doc>Opens a new browser instance to the optional ``url``.</doc>
<arguments>
<arg>about:blank</arg>
<arg>${BROWSER}</arg>
</arguments>
<msg timestamp="20201005 07:43:31.487" level="INFO">Opening browser 'firefox' to base url 'about:blank'.</msg>
<msg timestamp="20201005 07:43:31.490" level="INFO">Firefox driver log is always forced to to: /Users/anrisawada/20projects/robot-scripts/keyword-demo/Results/geckodriver-1.log</msg>
<status status="PASS" starttime="20201005 07:43:31.487" endtime="20201005 07:43:36.606"></status>
</kw>
<status status="PASS" starttime="20201005 07:43:31.486" endtime="20201005 07:43:36.607"></status>
</kw>
<kw name="Login" library="AmazonApp">
<arguments>
<arg>${LOGIN_EMAIL}</arg>
<arg>${LOGIN_PASSWORD}</arg>
</arguments>
<kw name="Login With Valid Credentials" library="Signin">
<arguments>
<arg>${Username}</arg>
<arg>${Password}</arg>
</arguments>
<kw name="Fill &quot;Email&quot; Field" library="Signin">
<arguments>
<arg>${Username}</arg>
</arguments>
<kw name="Log Filling Email field with">
<arguments>
<arg>${Username}</arg>
</arguments>
<msg timestamp="20201005 07:43:36.626" level="FAIL">No keyword with name 'Log Filling Email field with' found.</msg>
<status status="FAIL" starttime="20201005 07:43:36.626" endtime="20201005 07:43:36.626"></status>
</kw>
<status status="FAIL" starttime="20201005 07:43:36.609" endtime="20201005 07:43:36.626"></status>
</kw>
<status status="FAIL" starttime="20201005 07:43:36.608" endtime="20201005 07:43:36.627"></status>
</kw>
<status status="FAIL" starttime="20201005 07:43:36.608" endtime="20201005 07:43:36.627"></status>
</kw>
<kw name="End Web Test" library="Common" type="teardown">
<kw name="Close Browser" library="SeleniumLibrary">
<doc>Closes the current browser.</doc>
<status status="PASS" starttime="20201005 07:43:36.628" endtime="20201005 07:43:37.143"></status>
</kw>
<status status="PASS" starttime="20201005 07:43:36.627" endtime="20201005 07:43:37.143"></status>
</kw>
<status status="FAIL" starttime="20201005 07:43:31.483" endtime="20201005 07:43:37.143" critical="yes">No keyword with name 'Log Filling Email field with' found.</status>
</test>
<test id="s1-t2" name="Logged out user should be able to search for products">
<kw name="Begin Web Test" library="Common" type="setup">
<kw name="Open Browser" library="SeleniumLibrary">
<doc>Opens a new browser instance to the optional ``url``.</doc>
<arguments>
<arg>about:blank</arg>
<arg>${BROWSER}</arg>
</arguments>
<msg timestamp="20201005 07:43:37.146" level="INFO">Opening browser 'firefox' to base url 'about:blank'.</msg>
<msg timestamp="20201005 07:43:37.147" level="INFO">Firefox driver log is always forced to to: /Users/anrisawada/20projects/robot-scripts/keyword-demo/Results/geckodriver-2.log</msg>
<status status="PASS" starttime="20201005 07:43:37.146" endtime="20201005 07:43:40.510"></status>
</kw>
<status status="PASS" starttime="20201005 07:43:37.145" endtime="20201005 07:43:40.510"></status>
</kw>
<kw name="Search for Products" library="AmazonApp">
<kw name="Load" library="LandingPage">
<kw name="Go To" library="SeleniumLibrary">
<doc>Navigates the current browser window to the provided ``url``.</doc>
<arguments>
<arg>${START_URL}</arg>
</arguments>
<msg timestamp="20201005 07:43:40.513" level="INFO">Opening url 'https://www.amazon.com'</msg>
<status status="PASS" starttime="20201005 07:43:40.513" endtime="20201005 07:43:41.668"></status>
</kw>
<status status="PASS" starttime="20201005 07:43:40.512" endtime="20201005 07:43:41.670"></status>
</kw>
<kw name="Verify Page Loaded" library="LandingPage">
<kw name="Wait Until Page Contains" library="SeleniumLibrary">
<doc>Waits until ``text`` appears on the current page.</doc>
<arguments>
<arg>Hello, Sign in</arg>
</arguments>
<status status="PASS" starttime="20201005 07:43:41.682" endtime="20201005 07:43:42.127"></status>
</kw>
<status status="PASS" starttime="20201005 07:43:41.674" endtime="20201005 07:43:42.127"></status>
</kw>
<kw name="Input Product" library="Product">
<kw name="Input Text" library="SeleniumLibrary">
<doc>Types the given ``text`` into the text field identified by ``locator``.</doc>
<arguments>
<arg>${TOPNAV_SEARCH_BAR}</arg>
<arg>${SEARCH_TERM}</arg>
</arguments>
<msg timestamp="20201005 07:43:42.128" level="INFO">Typing text 'kitsune udon' into text field 'twotabsearchtextbox'.</msg>
<status status="PASS" starttime="20201005 07:43:42.128" endtime="20201005 07:43:43.154"></status>
</kw>
<status status="PASS" starttime="20201005 07:43:42.127" endtime="20201005 07:43:43.155"></status>
</kw>
<kw name="Click The Search Button" library="Product">
<kw name="Click Element" library="SeleniumLibrary">
<doc>Click the element identified by ``locator``.</doc>
<arguments>
<arg>${TOPNAV_SEARCH_BUTTON}</arg>
</arguments>
<msg timestamp="20201005 07:43:43.156" level="INFO">Clicking element 'xpath=//div[@id='nav-search']/form[@role='search']//div[@class='nav-search-submit nav-sprite']'.</msg>
<status status="PASS" starttime="20201005 07:43:43.155" endtime="20201005 07:43:45.061"></status>
</kw>
<kw name="Wait Until Page Contains" library="SeleniumLibrary">
<doc>Waits until ``text`` appears on the current page.</doc>
<arguments>
<arg>results for "${SEARCH_TERM}"</arg>
</arguments>
<status status="PASS" starttime="20201005 07:43:45.061" endtime="20201005 07:43:45.154"></status>
</kw>
<status status="PASS" starttime="20201005 07:43:43.155" endtime="20201005 07:43:45.154"></status>
</kw>
<kw name="Verify Search Completed" library="SearchResults">
<assign>
<var>${ReturnInfo}</var>
</assign>
<kw name="Wait Until Page Contains" library="SeleniumLibrary">
<doc>Waits until ``text`` appears on the current page.</doc>
<arguments>
<arg>results for</arg>
</arguments>
<status status="PASS" starttime="20201005 07:43:45.155" endtime="20201005 07:43:45.410"></status>
</kw>
<msg timestamp="20201005 07:43:45.410" level="INFO">${ReturnInfo} = Found It!</msg>
<status status="PASS" starttime="20201005 07:43:45.155" endtime="20201005 07:43:45.410"></status>
</kw>
<kw name="Log" library="BuiltIn">
<doc>Logs the given message with the given level.</doc>
<arguments>
<arg>${ReturnInfo}</arg>
</arguments>
<msg timestamp="20201005 07:43:45.411" level="INFO">Found It!</msg>
<status status="PASS" starttime="20201005 07:43:45.410" endtime="20201005 07:43:45.411"></status>
</kw>
<status status="PASS" starttime="20201005 07:43:40.511" endtime="20201005 07:43:45.412"></status>
</kw>
<kw name="Do Some Custom Thing" library="AmazonApp">
<kw name="Do Something Special" library="MyCustomLibrary">
<msg timestamp="20201005 07:43:45.413" level="INFO">Doing something Special</msg>
<status status="PASS" starttime="20201005 07:43:45.413" endtime="20201005 07:43:45.413"></status>
</kw>
<status status="PASS" starttime="20201005 07:43:45.412" endtime="20201005 07:43:45.413"></status>
</kw>
<kw name="End Web Test" library="Common" type="teardown">
<kw name="Close Browser" library="SeleniumLibrary">
<doc>Closes the current browser.</doc>
<status status="PASS" starttime="20201005 07:43:45.414" endtime="20201005 07:43:46.376"></status>
</kw>
<status status="PASS" starttime="20201005 07:43:45.413" endtime="20201005 07:43:46.376"></status>
</kw>
<tags>
<tag>Smoke</tag>
</tags>
<status status="PASS" starttime="20201005 07:43:37.145" endtime="20201005 07:43:46.376" critical="yes"></status>
</test>
<test id="s1-t3" name="Logged out user should be able to view a product">
<kw name="Begin Web Test" library="Common" type="setup">
<kw name="Open Browser" library="SeleniumLibrary">
<doc>Opens a new browser instance to the optional ``url``.</doc>
<arguments>
<arg>about:blank</arg>
<arg>${BROWSER}</arg>
</arguments>
<msg timestamp="20201005 07:43:46.378" level="INFO">Opening browser 'firefox' to base url 'about:blank'.</msg>
<msg timestamp="20201005 07:43:46.379" level="INFO">Firefox driver log is always forced to to: /Users/anrisawada/20projects/robot-scripts/keyword-demo/Results/geckodriver-3.log</msg>
<status status="PASS" starttime="20201005 07:43:46.378" endtime="20201005 07:43:49.798"></status>
</kw>
<status status="PASS" starttime="20201005 07:43:46.377" endtime="20201005 07:43:49.799"></status>
</kw>
<kw name="Search for Products" library="AmazonApp">
<kw name="Load" library="LandingPage">
<kw name="Go To" library="SeleniumLibrary">
<doc>Navigates the current browser window to the provided ``url``.</doc>
<arguments>
<arg>${START_URL}</arg>
</arguments>
<msg timestamp="20201005 07:43:49.805" level="INFO">Opening url 'https://www.amazon.com'</msg>
<status status="PASS" starttime="20201005 07:43:49.805" endtime="20201005 07:43:50.905"></status>
</kw>
<status status="PASS" starttime="20201005 07:43:49.803" endtime="20201005 07:43:50.905"></status>
</kw>
<kw name="Verify Page Loaded" library="LandingPage">
<kw name="Wait Until Page Contains" library="SeleniumLibrary">
<doc>Waits until ``text`` appears on the current page.</doc>
<arguments>
<arg>Hello, Sign in</arg>
</arguments>
<status status="PASS" starttime="20201005 07:43:50.906" endtime="20201005 07:43:51.087"></status>
</kw>
<status status="PASS" starttime="20201005 07:43:50.905" endtime="20201005 07:43:51.088"></status>
</kw>
<kw name="Input Product" library="Product">
<kw name="Input Text" library="SeleniumLibrary">
<doc>Types the given ``text`` into the text field identified by ``locator``.</doc>
<arguments>
<arg>${TOPNAV_SEARCH_BAR}</arg>
<arg>${SEARCH_TERM}</arg>
</arguments>
<msg timestamp="20201005 07:43:51.089" level="INFO">Typing text 'kitsune udon' into text field 'twotabsearchtextbox'.</msg>
<status status="PASS" starttime="20201005 07:43:51.089" endtime="20201005 07:43:51.554"></status>
</kw>
<status status="PASS" starttime="20201005 07:43:51.088" endtime="20201005 07:43:51.555"></status>
</kw>
<kw name="Click The Search Button" library="Product">
<kw name="Click Element" library="SeleniumLibrary">
<doc>Click the element identified by ``locator``.</doc>
<arguments>
<arg>${TOPNAV_SEARCH_BUTTON}</arg>
</arguments>
<msg timestamp="20201005 07:43:51.556" level="INFO">Clicking element 'xpath=//div[@id='nav-search']/form[@role='search']//div[@class='nav-search-submit nav-sprite']'.</msg>
<status status="PASS" starttime="20201005 07:43:51.556" endtime="20201005 07:43:53.391"></status>
</kw>
<kw name="Wait Until Page Contains" library="SeleniumLibrary">
<doc>Waits until ``text`` appears on the current page.</doc>
<arguments>
<arg>results for "${SEARCH_TERM}"</arg>
</arguments>
<status status="PASS" starttime="20201005 07:43:53.399" endtime="20201005 07:43:53.477"></status>
</kw>
<status status="PASS" starttime="20201005 07:43:51.555" endtime="20201005 07:43:53.478"></status>
</kw>
<kw name="Verify Search Completed" library="SearchResults">
<assign>
<var>${ReturnInfo}</var>
</assign>
<kw name="Wait Until Page Contains" library="SeleniumLibrary">
<doc>Waits until ``text`` appears on the current page.</doc>
<arguments>
<arg>results for</arg>
</arguments>
<status status="PASS" starttime="20201005 07:43:53.478" endtime="20201005 07:43:53.747"></status>
</kw>
<msg timestamp="20201005 07:43:53.748" level="INFO">${ReturnInfo} = Found It!</msg>
<status status="PASS" starttime="20201005 07:43:53.478" endtime="20201005 07:43:53.748"></status>
</kw>
<kw name="Log" library="BuiltIn">
<doc>Logs the given message with the given level.</doc>
<arguments>
<arg>${ReturnInfo}</arg>
</arguments>
<msg timestamp="20201005 07:43:53.749" level="INFO">Found It!</msg>
<status status="PASS" starttime="20201005 07:43:53.748" endtime="20201005 07:43:53.749"></status>
</kw>
<status status="PASS" starttime="20201005 07:43:49.802" endtime="20201005 07:43:53.749"></status>
</kw>
<kw name="Select Product from Search Results" library="AmazonApp">
<kw name="Select from result page" library="SearchResults">
<kw name="Click Link" library="SeleniumLibrary">
<doc>Clicks a link identified by ``locator``.</doc>
<arguments>
<arg>link=Maruchan Aka Kitsune Udon Cup, 3.39-Ounce Units (Pack of 12)</arg>
</arguments>
<msg timestamp="20201005 07:43:53.752" level="INFO">Clicking link 'link=Maruchan Aka Kitsune Udon Cup, 3.39-Ounce Units (Pack of 12)'.</msg>
<kw name="Capture Page Screenshot" library="SeleniumLibrary">
<doc>Takes a screenshot of the current page and embeds it into a log file.</doc>
<msg timestamp="20201005 07:43:55.866" level="INFO" html="yes">&lt;/td&gt;&lt;/tr&gt;&lt;tr&gt;&lt;td colspan="3"&gt;&lt;a href="selenium-screenshot-1.png"&gt;&lt;img src="selenium-screenshot-1.png" width="800px"&gt;&lt;/a&gt;</msg>
<status status="PASS" starttime="20201005 07:43:55.171" endtime="20201005 07:43:55.866"></status>
</kw>
<msg timestamp="20201005 07:43:55.887" level="FAIL">Link with locator 'link=Maruchan Aka Kitsune Udon Cup, 3.39-Ounce Units (Pack of 12)' not found.</msg>
<status status="FAIL" starttime="20201005 07:43:53.751" endtime="20201005 07:43:55.888"></status>
</kw>
<status status="FAIL" starttime="20201005 07:43:53.751" endtime="20201005 07:43:55.888"></status>
</kw>
<status status="FAIL" starttime="20201005 07:43:53.750" endtime="20201005 07:43:55.889"></status>
</kw>
<kw name="End Web Test" library="Common" type="teardown">
<kw name="Close Browser" library="SeleniumLibrary">
<doc>Closes the current browser.</doc>
<status status="PASS" starttime="20201005 07:43:55.894" endtime="20201005 07:43:56.659"></status>
</kw>
<status status="PASS" starttime="20201005 07:43:55.889" endtime="20201005 07:43:56.659"></status>
</kw>
<tags>
<tag>Smoke</tag>
</tags>
<status status="FAIL" starttime="20201005 07:43:46.377" endtime="20201005 07:43:56.659" critical="yes">Link with locator 'link=Maruchan Aka Kitsune Udon Cup, 3.39-Ounce Units (Pack of 12)' not found.</status>
</test>
<test id="s1-t4" name="Logged out user should be able to add product to a cart">
<kw name="Begin Web Test" library="Common" type="setup">
<kw name="Open Browser" library="SeleniumLibrary">
<doc>Opens a new browser instance to the optional ``url``.</doc>
<arguments>
<arg>about:blank</arg>
<arg>${BROWSER}</arg>
</arguments>
<msg timestamp="20201005 07:43:56.662" level="INFO">Opening browser 'firefox' to base url 'about:blank'.</msg>
<msg timestamp="20201005 07:43:56.662" level="INFO">Firefox driver log is always forced to to: /Users/anrisawada/20projects/robot-scripts/keyword-demo/Results/geckodriver-4.log</msg>
<status status="PASS" starttime="20201005 07:43:56.661" endtime="20201005 07:44:00.325"></status>
</kw>
<status status="PASS" starttime="20201005 07:43:56.661" endtime="20201005 07:44:00.325"></status>
</kw>
<kw name="Search for Products" library="AmazonApp">
<assign>
<var>${ReturnedInfo}</var>
</assign>
<kw name="Load" library="LandingPage">
<kw name="Go To" library="SeleniumLibrary">
<doc>Navigates the current browser window to the provided ``url``.</doc>
<arguments>
<arg>${START_URL}</arg>
</arguments>
<msg timestamp="20201005 07:44:00.328" level="INFO">Opening url 'https://www.amazon.com'</msg>
<status status="PASS" starttime="20201005 07:44:00.327" endtime="20201005 07:44:01.242"></status>
</kw>
<status status="PASS" starttime="20201005 07:44:00.327" endtime="20201005 07:44:01.242"></status>
</kw>
<kw name="Verify Page Loaded" library="LandingPage">
<kw name="Wait Until Page Contains" library="SeleniumLibrary">
<doc>Waits until ``text`` appears on the current page.</doc>
<arguments>
<arg>Hello, Sign in</arg>
</arguments>
<status status="PASS" starttime="20201005 07:44:01.243" endtime="20201005 07:44:01.440"></status>
</kw>
<status status="PASS" starttime="20201005 07:44:01.242" endtime="20201005 07:44:01.441"></status>
</kw>
<kw name="Input Product" library="Product">
<kw name="Input Text" library="SeleniumLibrary">
<doc>Types the given ``text`` into the text field identified by ``locator``.</doc>
<arguments>
<arg>${TOPNAV_SEARCH_BAR}</arg>
<arg>${SEARCH_TERM}</arg>
</arguments>
<msg timestamp="20201005 07:44:01.442" level="INFO">Typing text 'kitsune udon' into text field 'twotabsearchtextbox'.</msg>
<status status="PASS" starttime="20201005 07:44:01.442" endtime="20201005 07:44:01.978"></status>
</kw>
<status status="PASS" starttime="20201005 07:44:01.441" endtime="20201005 07:44:01.979"></status>
</kw>
<kw name="Click The Search Button" library="Product">
<kw name="Click Element" library="SeleniumLibrary">
<doc>Click the element identified by ``locator``.</doc>
<arguments>
<arg>${TOPNAV_SEARCH_BUTTON}</arg>
</arguments>
<msg timestamp="20201005 07:44:01.982" level="INFO">Clicking element 'xpath=//div[@id='nav-search']/form[@role='search']//div[@class='nav-search-submit nav-sprite']'.</msg>
<status status="PASS" starttime="20201005 07:44:01.981" endtime="20201005 07:44:03.375"></status>
</kw>
<kw name="Wait Until Page Contains" library="SeleniumLibrary">
<doc>Waits until ``text`` appears on the current page.</doc>
<arguments>
<arg>results for "${SEARCH_TERM}"</arg>
</arguments>
<status status="PASS" starttime="20201005 07:44:03.376" endtime="20201005 07:44:03.409"></status>
</kw>
<status status="PASS" starttime="20201005 07:44:01.979" endtime="20201005 07:44:03.409"></status>
</kw>
<kw name="Verify Search Completed" library="SearchResults">
<assign>
<var>${ReturnInfo}</var>
</assign>
<kw name="Wait Until Page Contains" library="SeleniumLibrary">
<doc>Waits until ``text`` appears on the current page.</doc>
<arguments>
<arg>results for</arg>
</arguments>
<status status="PASS" starttime="20201005 07:44:03.411" endtime="20201005 07:44:03.460"></status>
</kw>
<msg timestamp="20201005 07:44:03.461" level="INFO">${ReturnInfo} = Found It!</msg>
<status status="PASS" starttime="20201005 07:44:03.410" endtime="20201005 07:44:03.461"></status>
</kw>
<kw name="Log" library="BuiltIn">
<doc>Logs the given message with the given level.</doc>
<arguments>
<arg>${ReturnInfo}</arg>
</arguments>
<msg timestamp="20201005 07:44:03.462" level="INFO">Found It!</msg>
<status status="PASS" starttime="20201005 07:44:03.461" endtime="20201005 07:44:03.462"></status>
</kw>
<msg timestamp="20201005 07:44:03.462" level="INFO">${ReturnedInfo} = None</msg>
<status status="PASS" starttime="20201005 07:44:00.326" endtime="20201005 07:44:03.462"></status>
</kw>
<kw name="Log" library="BuiltIn">
<doc>Logs the given message with the given level.</doc>
<arguments>
<arg>${ReturnedInfo}</arg>
</arguments>
<msg timestamp="20201005 07:44:03.463" level="INFO">None</msg>
<status status="PASS" starttime="20201005 07:44:03.463" endtime="20201005 07:44:03.463"></status>
</kw>
<kw name="Select Product from Search Results" library="AmazonApp">
<kw name="Select from result page" library="SearchResults">
<kw name="Click Link" library="SeleniumLibrary">
<doc>Clicks a link identified by ``locator``.</doc>
<arguments>
<arg>link=Maruchan Aka Kitsune Udon Cup, 3.39-Ounce Units (Pack of 12)</arg>
</arguments>
<msg timestamp="20201005 07:44:03.465" level="INFO">Clicking link 'link=Maruchan Aka Kitsune Udon Cup, 3.39-Ounce Units (Pack of 12)'.</msg>
<kw name="Capture Page Screenshot" library="SeleniumLibrary">
<doc>Takes a screenshot of the current page and embeds it into a log file.</doc>
<msg timestamp="20201005 07:44:05.673" level="INFO" html="yes">&lt;/td&gt;&lt;/tr&gt;&lt;tr&gt;&lt;td colspan="3"&gt;&lt;a href="selenium-screenshot-2.png"&gt;&lt;img src="selenium-screenshot-2.png" width="800px"&gt;&lt;/a&gt;</msg>
<status status="PASS" starttime="20201005 07:44:04.847" endtime="20201005 07:44:05.673"></status>
</kw>
<msg timestamp="20201005 07:44:05.674" level="FAIL">Link with locator 'link=Maruchan Aka Kitsune Udon Cup, 3.39-Ounce Units (Pack of 12)' not found.</msg>
<status status="FAIL" starttime="20201005 07:44:03.465" endtime="20201005 07:44:05.674"></status>
</kw>
<status status="FAIL" starttime="20201005 07:44:03.464" endtime="20201005 07:44:05.674"></status>
</kw>
<status status="FAIL" starttime="20201005 07:44:03.463" endtime="20201005 07:44:05.675"></status>
</kw>
<kw name="End Web Test" library="Common" type="teardown">
<kw name="Close Browser" library="SeleniumLibrary">
<doc>Closes the current browser.</doc>
<status status="PASS" starttime="20201005 07:44:05.676" endtime="20201005 07:44:06.416"></status>
</kw>
<status status="PASS" starttime="20201005 07:44:05.675" endtime="20201005 07:44:06.417"></status>
</kw>
<doc>This is some basic info about the test</doc>
<tags>
<tag>Smoke</tag>
</tags>
<status status="FAIL" starttime="20201005 07:43:56.660" endtime="20201005 07:44:06.417" critical="yes">Link with locator 'link=Maruchan Aka Kitsune Udon Cup, 3.39-Ounce Units (Pack of 12)' not found.</status>
</test>
<doc>This is some basic info about the whole suite</doc>
<status status="FAIL" starttime="20201005 07:43:30.910" endtime="20201005 07:44:06.418"></status>
</suite>
<statistics>
<total>
<stat pass="1" fail="3">Critical Tests</stat>
<stat pass="1" fail="3">All Tests</stat>
</total>
<tag>
<stat pass="1" fail="2">Smoke</stat>
</tag>
<suite>
<stat pass="1" fail="3" id="s1" name="Demo">Demo</stat>
</suite>
</statistics>
<errors>
<msg timestamp="20201005 07:43:31.474" level="WARN">Imported resource file '/Users/anrisawada/20projects/robot-scripts/keyword-demo/Resources/PO/TopNav.robot' is empty.</msg>
</errors>
</robot>
