<?xml version="1.0" encoding="UTF-8"?>
<robot generator="Robot 3.2.1 (Python 3.8.5 on darwin)" generated="20200903 07:49:17.527" rpa="false">
<suite id="s1" name="Demo" source="/Users/anrisawada/20projects/robot-scripts/keyword-demo/Tests/demo.robot">
<test id="s1-t1" name="Logged out user should be able to search for products">
<kw name="Begin Web Test" library="Common" type="setup">
<kw name="Open Browser" library="SeleniumLibrary">
<doc>Opens a new browser instance to the optional ``url``.</doc>
<arguments>
<arg>about:blank</arg>
<arg>${BROWSER}</arg>
</arguments>
<msg timestamp="20200903 07:49:17.954" level="INFO">Opening browser 'firefox' to base url 'about:blank'.</msg>
<msg timestamp="20200903 07:49:17.956" level="INFO">Firefox driver log is always forced to to: /Users/anrisawada/20projects/robot-scripts/keyword-demo/Results/geckodriver-4.log</msg>
<status status="PASS" starttime="20200903 07:49:17.954" endtime="20200903 07:49:22.503"></status>
</kw>
<status status="PASS" starttime="20200903 07:49:17.954" endtime="20200903 07:49:22.504"></status>
</kw>
<kw name="Search for Products" library="Amazon">
<kw name="Load" library="LandingPage">
<kw name="Go To" library="SeleniumLibrary">
<doc>Navigates the current browser window to the provided ``url``.</doc>
<arguments>
<arg>${START_URL}</arg>
</arguments>
<msg timestamp="20200903 07:49:22.507" level="INFO">Opening url 'https://www.amazon.com'</msg>
<status status="PASS" starttime="20200903 07:49:22.506" endtime="20200903 07:49:23.849"></status>
</kw>
<status status="PASS" starttime="20200903 07:49:22.505" endtime="20200903 07:49:23.850"></status>
</kw>
<kw name="Verify Page Loaded" library="LandingPage">
<kw name="Wait Until Page Contains" library="SeleniumLibrary">
<doc>Waits until ``text`` appears on the current page.</doc>
<arguments>
<arg>Hello, Sign in</arg>
</arguments>
<status status="PASS" starttime="20200903 07:49:23.851" endtime="20200903 07:49:24.338"></status>
</kw>
<status status="PASS" starttime="20200903 07:49:23.850" endtime="20200903 07:49:24.338"></status>
</kw>
<kw name="Input Product" library="Product">
<kw name="Input Text" library="SeleniumLibrary">
<doc>Types the given ``text`` into the text field identified by ``locator``.</doc>
<arguments>
<arg>twotabsearchtextbox</arg>
<arg>${SEARCH_TERM}</arg>
</arguments>
<msg timestamp="20200903 07:49:24.340" level="INFO">Typing text 'kitsune udon' into text field 'twotabsearchtextbox'.</msg>
<status status="PASS" starttime="20200903 07:49:24.340" endtime="20200903 07:49:24.917"></status>
</kw>
<status status="PASS" starttime="20200903 07:49:24.339" endtime="20200903 07:49:24.917"></status>
</kw>
<kw name="Click The Search Button" library="Product">
<kw name="Click Element" library="SeleniumLibrary">
<doc>Click the element identified by ``locator``.</doc>
<arguments>
<arg>xpath=//div[@id='nav-search']/form[@role='search']//div[@class='nav-search-submit nav-sprite']</arg>
</arguments>
<msg timestamp="20200903 07:49:24.919" level="INFO">Clicking element 'xpath=//div[@id='nav-search']/form[@role='search']//div[@class='nav-search-submit nav-sprite']'.</msg>
<status status="PASS" starttime="20200903 07:49:24.918" endtime="20200903 07:49:26.836"></status>
</kw>
<kw name="Wait Until Page Contains" library="SeleniumLibrary">
<doc>Waits until ``text`` appears on the current page.</doc>
<arguments>
<arg>results for "${SEARCH_TERM}"</arg>
</arguments>
<status status="PASS" starttime="20200903 07:49:26.836" endtime="20200903 07:49:26.959"></status>
</kw>
<status status="PASS" starttime="20200903 07:49:24.918" endtime="20200903 07:49:26.959"></status>
</kw>
<status status="PASS" starttime="20200903 07:49:22.505" endtime="20200903 07:49:26.959"></status>
</kw>
<kw name="End Web Test" library="Common" type="teardown">
<kw name="Close Browser" library="SeleniumLibrary">
<doc>Closes the current browser.</doc>
<status status="PASS" starttime="20200903 07:49:26.960" endtime="20200903 07:49:27.865"></status>
</kw>
<status status="PASS" starttime="20200903 07:49:26.959" endtime="20200903 07:49:27.865"></status>
</kw>
<tags>
<tag>Smoke</tag>
</tags>
<status status="PASS" starttime="20200903 07:49:17.953" endtime="20200903 07:49:27.865" critical="yes"></status>
</test>
<test id="s1-t2" name="Logged out user should be able to view a product">
<kw name="Begin Web Test" library="Common" type="setup">
<kw name="Open Browser" library="SeleniumLibrary">
<doc>Opens a new browser instance to the optional ``url``.</doc>
<arguments>
<arg>about:blank</arg>
<arg>${BROWSER}</arg>
</arguments>
<msg timestamp="20200903 07:49:27.869" level="INFO">Opening browser 'firefox' to base url 'about:blank'.</msg>
<msg timestamp="20200903 07:49:27.870" level="INFO">Firefox driver log is always forced to to: /Users/anrisawada/20projects/robot-scripts/keyword-demo/Results/geckodriver-5.log</msg>
<status status="PASS" starttime="20200903 07:49:27.869" endtime="20200903 07:49:31.518"></status>
</kw>
<status status="PASS" starttime="20200903 07:49:27.868" endtime="20200903 07:49:31.518"></status>
</kw>
<kw name="Search for Products" library="Amazon">
<kw name="Load" library="LandingPage">
<kw name="Go To" library="SeleniumLibrary">
<doc>Navigates the current browser window to the provided ``url``.</doc>
<arguments>
<arg>${START_URL}</arg>
</arguments>
<msg timestamp="20200903 07:49:31.521" level="INFO">Opening url 'https://www.amazon.com'</msg>
<status status="PASS" starttime="20200903 07:49:31.520" endtime="20200903 07:49:32.812"></status>
</kw>
<status status="PASS" starttime="20200903 07:49:31.520" endtime="20200903 07:49:32.812"></status>
</kw>
<kw name="Verify Page Loaded" library="LandingPage">
<kw name="Wait Until Page Contains" library="SeleniumLibrary">
<doc>Waits until ``text`` appears on the current page.</doc>
<arguments>
<arg>Hello, Sign in</arg>
</arguments>
<status status="PASS" starttime="20200903 07:49:32.813" endtime="20200903 07:49:32.918"></status>
</kw>
<status status="PASS" starttime="20200903 07:49:32.813" endtime="20200903 07:49:32.918"></status>
</kw>
<kw name="Input Product" library="Product">
<kw name="Input Text" library="SeleniumLibrary">
<doc>Types the given ``text`` into the text field identified by ``locator``.</doc>
<arguments>
<arg>twotabsearchtextbox</arg>
<arg>${SEARCH_TERM}</arg>
</arguments>
<msg timestamp="20200903 07:49:32.919" level="INFO">Typing text 'kitsune udon' into text field 'twotabsearchtextbox'.</msg>
<status status="PASS" starttime="20200903 07:49:32.919" endtime="20200903 07:49:33.260"></status>
</kw>
<status status="PASS" starttime="20200903 07:49:32.919" endtime="20200903 07:49:33.260"></status>
</kw>
<kw name="Click The Search Button" library="Product">
<kw name="Click Element" library="SeleniumLibrary">
<doc>Click the element identified by ``locator``.</doc>
<arguments>
<arg>xpath=//div[@id='nav-search']/form[@role='search']//div[@class='nav-search-submit nav-sprite']</arg>
</arguments>
<msg timestamp="20200903 07:49:33.261" level="INFO">Clicking element 'xpath=//div[@id='nav-search']/form[@role='search']//div[@class='nav-search-submit nav-sprite']'.</msg>
<status status="PASS" starttime="20200903 07:49:33.261" endtime="20200903 07:49:35.015"></status>
</kw>
<kw name="Wait Until Page Contains" library="SeleniumLibrary">
<doc>Waits until ``text`` appears on the current page.</doc>
<arguments>
<arg>results for "${SEARCH_TERM}"</arg>
</arguments>
<status status="PASS" starttime="20200903 07:49:35.016" endtime="20200903 07:49:35.176"></status>
</kw>
<status status="PASS" starttime="20200903 07:49:33.260" endtime="20200903 07:49:35.177"></status>
</kw>
<status status="PASS" starttime="20200903 07:49:31.519" endtime="20200903 07:49:35.177"></status>
</kw>
<kw name="Select Product from Search Results" library="Amazon">
<kw name="Select from result page" library="SearchResults">
<kw name="Click Link" library="SeleniumLibrary">
<doc>Clicks a link identified by ``locator``.</doc>
<arguments>
<arg>link=Maruchan Aka Kitsune Udon Cup, 3.39-Ounce Units (Pack of 12)</arg>
</arguments>
<msg timestamp="20200903 07:49:35.178" level="INFO">Clicking link 'link=Maruchan Aka Kitsune Udon Cup, 3.39-Ounce Units (Pack of 12)'.</msg>
<kw name="Capture Page Screenshot" library="SeleniumLibrary">
<doc>Takes a screenshot of the current page and embeds it into a log file.</doc>
<msg timestamp="20200903 07:49:38.029" level="INFO" html="yes">&lt;/td&gt;&lt;/tr&gt;&lt;tr&gt;&lt;td colspan="3"&gt;&lt;a href="selenium-screenshot-1.png"&gt;&lt;img src="selenium-screenshot-1.png" width="800px"&gt;&lt;/a&gt;</msg>
<status status="PASS" starttime="20200903 07:49:36.967" endtime="20200903 07:49:38.029"></status>
</kw>
<msg timestamp="20200903 07:49:38.040" level="FAIL">Link with locator 'link=Maruchan Aka Kitsune Udon Cup, 3.39-Ounce Units (Pack of 12)' not found.</msg>
<status status="FAIL" starttime="20200903 07:49:35.178" endtime="20200903 07:49:38.040"></status>
</kw>
<status status="FAIL" starttime="20200903 07:49:35.177" endtime="20200903 07:49:38.040"></status>
</kw>
<status status="FAIL" starttime="20200903 07:49:35.177" endtime="20200903 07:49:38.040"></status>
</kw>
<kw name="End Web Test" library="Common" type="teardown">
<kw name="Close Browser" library="SeleniumLibrary">
<doc>Closes the current browser.</doc>
<status status="PASS" starttime="20200903 07:49:38.042" endtime="20200903 07:49:38.905"></status>
</kw>
<status status="PASS" starttime="20200903 07:49:38.041" endtime="20200903 07:49:38.905"></status>
</kw>
<tags>
<tag>Smoke</tag>
</tags>
<status status="FAIL" starttime="20200903 07:49:27.867" endtime="20200903 07:49:38.905" critical="yes">Link with locator 'link=Maruchan Aka Kitsune Udon Cup, 3.39-Ounce Units (Pack of 12)' not found.</status>
</test>
<test id="s1-t3" name="Logged out user should be able to add product to a cart">
<kw name="Begin Web Test" library="Common" type="setup">
<kw name="Open Browser" library="SeleniumLibrary">
<doc>Opens a new browser instance to the optional ``url``.</doc>
<arguments>
<arg>about:blank</arg>
<arg>${BROWSER}</arg>
</arguments>
<msg timestamp="20200903 07:49:38.908" level="INFO">Opening browser 'firefox' to base url 'about:blank'.</msg>
<msg timestamp="20200903 07:49:38.908" level="INFO">Firefox driver log is always forced to to: /Users/anrisawada/20projects/robot-scripts/keyword-demo/Results/geckodriver-6.log</msg>
<status status="PASS" starttime="20200903 07:49:38.907" endtime="20200903 07:49:42.467"></status>
</kw>
<status status="PASS" starttime="20200903 07:49:38.907" endtime="20200903 07:49:42.468"></status>
</kw>
<kw name="Search for Products" library="Amazon">
<kw name="Load" library="LandingPage">
<kw name="Go To" library="SeleniumLibrary">
<doc>Navigates the current browser window to the provided ``url``.</doc>
<arguments>
<arg>${START_URL}</arg>
</arguments>
<msg timestamp="20200903 07:49:42.471" level="INFO">Opening url 'https://www.amazon.com'</msg>
<status status="PASS" starttime="20200903 07:49:42.470" endtime="20200903 07:49:43.829"></status>
</kw>
<status status="PASS" starttime="20200903 07:49:42.469" endtime="20200903 07:49:43.830"></status>
</kw>
<kw name="Verify Page Loaded" library="LandingPage">
<kw name="Wait Until Page Contains" library="SeleniumLibrary">
<doc>Waits until ``text`` appears on the current page.</doc>
<arguments>
<arg>Hello, Sign in</arg>
</arguments>
<status status="PASS" starttime="20200903 07:49:43.831" endtime="20200903 07:49:43.986"></status>
</kw>
<status status="PASS" starttime="20200903 07:49:43.830" endtime="20200903 07:49:43.986"></status>
</kw>
<kw name="Input Product" library="Product">
<kw name="Input Text" library="SeleniumLibrary">
<doc>Types the given ``text`` into the text field identified by ``locator``.</doc>
<arguments>
<arg>twotabsearchtextbox</arg>
<arg>${SEARCH_TERM}</arg>
</arguments>
<msg timestamp="20200903 07:49:43.988" level="INFO">Typing text 'kitsune udon' into text field 'twotabsearchtextbox'.</msg>
<status status="PASS" starttime="20200903 07:49:43.987" endtime="20200903 07:49:44.359"></status>
</kw>
<status status="PASS" starttime="20200903 07:49:43.986" endtime="20200903 07:49:44.360"></status>
</kw>
<kw name="Click The Search Button" library="Product">
<kw name="Click Element" library="SeleniumLibrary">
<doc>Click the element identified by ``locator``.</doc>
<arguments>
<arg>xpath=//div[@id='nav-search']/form[@role='search']//div[@class='nav-search-submit nav-sprite']</arg>
</arguments>
<msg timestamp="20200903 07:49:44.361" level="INFO">Clicking element 'xpath=//div[@id='nav-search']/form[@role='search']//div[@class='nav-search-submit nav-sprite']'.</msg>
<status status="PASS" starttime="20200903 07:49:44.361" endtime="20200903 07:49:46.235"></status>
</kw>
<kw name="Wait Until Page Contains" library="SeleniumLibrary">
<doc>Waits until ``text`` appears on the current page.</doc>
<arguments>
<arg>results for "${SEARCH_TERM}"</arg>
</arguments>
<status status="PASS" starttime="20200903 07:49:46.235" endtime="20200903 07:49:46.325"></status>
</kw>
<status status="PASS" starttime="20200903 07:49:44.360" endtime="20200903 07:49:46.325"></status>
</kw>
<status status="PASS" starttime="20200903 07:49:42.468" endtime="20200903 07:49:46.325"></status>
</kw>
<kw name="Select Product from Search Results" library="Amazon">
<kw name="Select from result page" library="SearchResults">
<kw name="Click Link" library="SeleniumLibrary">
<doc>Clicks a link identified by ``locator``.</doc>
<arguments>
<arg>link=Maruchan Aka Kitsune Udon Cup, 3.39-Ounce Units (Pack of 12)</arg>
</arguments>
<msg timestamp="20200903 07:49:46.326" level="INFO">Clicking link 'link=Maruchan Aka Kitsune Udon Cup, 3.39-Ounce Units (Pack of 12)'.</msg>
<status status="PASS" starttime="20200903 07:49:46.326" endtime="20200903 07:49:52.006"></status>
</kw>
<status status="PASS" starttime="20200903 07:49:46.326" endtime="20200903 07:49:52.006"></status>
</kw>
<status status="PASS" starttime="20200903 07:49:46.325" endtime="20200903 07:49:52.006"></status>
</kw>
<kw name="Add Product to Cart" library="Amazon">
<kw name="Add to List" library="Cart">
<kw name="Click Link" library="SeleniumLibrary">
<doc>Clicks a link identified by ``locator``.</doc>
<arguments>
<arg>id=wishListMainButton-announce</arg>
</arguments>
<msg timestamp="20200903 07:49:52.009" level="INFO">Clicking link 'id=wishListMainButton-announce'.</msg>
<status status="PASS" starttime="20200903 07:49:52.009" endtime="20200903 07:49:53.343"></status>
</kw>
<status status="PASS" starttime="20200903 07:49:52.008" endtime="20200903 07:49:53.343"></status>
</kw>
<status status="PASS" starttime="20200903 07:49:52.007" endtime="20200903 07:49:53.344"></status>
</kw>
<kw name="Begin Checkout" library="Amazon">
<kw name="Wait Sign-In title" library="Signin">
<kw name="Wait Until Page Contains" library="SeleniumLibrary">
<doc>Waits until ``text`` appears on the current page.</doc>
<arguments>
<arg>${SIGNIN_MAIN_HEADING}</arg>
</arguments>
<kw name="Capture Page Screenshot" library="SeleniumLibrary">
<doc>Takes a screenshot of the current page and embeds it into a log file.</doc>
<msg timestamp="20200903 07:49:58.567" level="INFO" html="yes">&lt;/td&gt;&lt;/tr&gt;&lt;tr&gt;&lt;td colspan="3"&gt;&lt;a href="selenium-screenshot-2.png"&gt;&lt;img src="selenium-screenshot-2.png" width="800px"&gt;&lt;/a&gt;</msg>
<status status="PASS" starttime="20200903 07:49:58.440" endtime="20200903 07:49:58.568"></status>
</kw>
<msg timestamp="20200903 07:49:58.570" level="FAIL">Text 'xpath=//h2' did not appear in 5 seconds.</msg>
<status status="FAIL" starttime="20200903 07:49:53.346" endtime="20200903 07:49:58.571"></status>
</kw>
<status status="FAIL" starttime="20200903 07:49:53.346" endtime="20200903 07:49:58.571"></status>
</kw>
<status status="FAIL" starttime="20200903 07:49:53.344" endtime="20200903 07:49:58.571"></status>
</kw>
<kw name="End Web Test" library="Common" type="teardown">
<kw name="Close Browser" library="SeleniumLibrary">
<doc>Closes the current browser.</doc>
<status status="PASS" starttime="20200903 07:49:58.572" endtime="20200903 07:49:59.175"></status>
</kw>
<status status="PASS" starttime="20200903 07:49:58.571" endtime="20200903 07:49:59.175"></status>
</kw>
<doc>This is some basic info about the test</doc>
<tags>
<tag>Smoke</tag>
</tags>
<status status="FAIL" starttime="20200903 07:49:38.906" endtime="20200903 07:49:59.175" critical="yes">Text 'xpath=//h2' did not appear in 5 seconds.</status>
</test>
<doc>This is some basic info about the whole suite</doc>
<status status="FAIL" starttime="20200903 07:49:17.529" endtime="20200903 07:49:59.178"></status>
</suite>
<statistics>
<total>
<stat pass="1" fail="2">Critical Tests</stat>
<stat pass="1" fail="2">All Tests</stat>
</total>
<tag>
<stat pass="1" fail="2">Smoke</stat>
</tag>
<suite>
<stat pass="1" fail="2" id="s1" name="Demo">Demo</stat>
</suite>
</statistics>
<errors>
<msg timestamp="20200903 07:49:17.947" level="WARN">Imported resource file '/Users/anrisawada/20projects/robot-scripts/keyword-demo/Resources/PO/TopNav.robot' is empty.</msg>
</errors>
</robot>
