<?xml version="1.0" encoding="UTF-8"?>
<robot generator="Robot 3.2.1 (Python 3.8.5 on darwin)" generated="20200907 13:40:21.631" rpa="false">
<suite id="s1" name="Demo" source="/Users/anrisawada/20projects/robot-scripts/keyword-demo/Tests/demo.robot">
<test id="s1-t1" name="Should be able to login">
<kw name="Begin Web Test" library="Common" type="setup">
<kw name="Open Browser" library="SeleniumLibrary">
<doc>Opens a new browser instance to the optional ``url``.</doc>
<arguments>
<arg>about:blank</arg>
<arg>${BROWSER}</arg>
</arguments>
<msg timestamp="20200907 13:40:21.960" level="INFO">Opening browser 'firefox' to base url 'about:blank'.</msg>
<msg timestamp="20200907 13:40:21.961" level="INFO">Firefox driver log is always forced to to: /Users/anrisawada/20projects/robot-scripts/keyword-demo/Results/geckodriver-11.log</msg>
<status status="PASS" starttime="20200907 13:40:21.959" endtime="20200907 13:40:24.957"></status>
</kw>
<status status="PASS" starttime="20200907 13:40:21.959" endtime="20200907 13:40:24.957"></status>
</kw>
<kw name="Login" library="AmazonApp">
<arguments>
<arg>${LOGIN_EMAIL}</arg>
<arg>${LOGIN_PASSWORD}</arg>
</arguments>
<kw name="Login With Valid Credentials" library="Signin">
<arguments>
<arg>${Username}</arg>
<arg>${Password}</arg>
</arguments>
<kw name="Fill &quot;Email&quot; Field" library="Signin">
<arguments>
<arg>${Username}</arg>
</arguments>
<kw name="Log Filling Email field with">
<arguments>
<arg>${Username}</arg>
</arguments>
<msg timestamp="20200907 13:40:24.969" level="FAIL">No keyword with name 'Log Filling Email field with' found.</msg>
<status status="FAIL" starttime="20200907 13:40:24.969" endtime="20200907 13:40:24.969"></status>
</kw>
<status status="FAIL" starttime="20200907 13:40:24.959" endtime="20200907 13:40:24.969"></status>
</kw>
<status status="FAIL" starttime="20200907 13:40:24.958" endtime="20200907 13:40:24.969"></status>
</kw>
<status status="FAIL" starttime="20200907 13:40:24.958" endtime="20200907 13:40:24.969"></status>
</kw>
<kw name="End Web Test" library="Common" type="teardown">
<kw name="Close Browser" library="SeleniumLibrary">
<doc>Closes the current browser.</doc>
<status status="PASS" starttime="20200907 13:40:24.970" endtime="20200907 13:40:25.538"></status>
</kw>
<status status="PASS" starttime="20200907 13:40:24.970" endtime="20200907 13:40:25.538"></status>
</kw>
<status status="FAIL" starttime="20200907 13:40:21.958" endtime="20200907 13:40:25.538" critical="yes">No keyword with name 'Log Filling Email field with' found.</status>
</test>
<test id="s1-t2" name="Logged out user should be able to search for products">
<kw name="Begin Web Test" library="Common" type="setup">
<kw name="Open Browser" library="SeleniumLibrary">
<doc>Opens a new browser instance to the optional ``url``.</doc>
<arguments>
<arg>about:blank</arg>
<arg>${BROWSER}</arg>
</arguments>
<msg timestamp="20200907 13:40:25.540" level="INFO">Opening browser 'firefox' to base url 'about:blank'.</msg>
<msg timestamp="20200907 13:40:25.541" level="INFO">Firefox driver log is always forced to to: /Users/anrisawada/20projects/robot-scripts/keyword-demo/Results/geckodriver-12.log</msg>
<status status="PASS" starttime="20200907 13:40:25.540" endtime="20200907 13:40:29.360"></status>
</kw>
<status status="PASS" starttime="20200907 13:40:25.540" endtime="20200907 13:40:29.360"></status>
</kw>
<kw name="Search for Products" library="AmazonApp">
<kw name="Load" library="LandingPage">
<kw name="Go To" library="SeleniumLibrary">
<doc>Navigates the current browser window to the provided ``url``.</doc>
<arguments>
<arg>${START_URL}</arg>
</arguments>
<msg timestamp="20200907 13:40:29.362" level="INFO">Opening url 'https://www.amazon.com'</msg>
<status status="PASS" starttime="20200907 13:40:29.362" endtime="20200907 13:40:30.923"></status>
</kw>
<status status="PASS" starttime="20200907 13:40:29.361" endtime="20200907 13:40:30.924"></status>
</kw>
<kw name="Verify Page Loaded" library="LandingPage">
<kw name="Wait Until Page Contains" library="SeleniumLibrary">
<doc>Waits until ``text`` appears on the current page.</doc>
<arguments>
<arg>Hello, Sign in</arg>
</arguments>
<status status="PASS" starttime="20200907 13:40:30.924" endtime="20200907 13:40:31.284"></status>
</kw>
<status status="PASS" starttime="20200907 13:40:30.924" endtime="20200907 13:40:31.285"></status>
</kw>
<kw name="Input Product" library="Product">
<kw name="Input Text" library="SeleniumLibrary">
<doc>Types the given ``text`` into the text field identified by ``locator``.</doc>
<arguments>
<arg>${TOPNAV_SEARCH_BAR}</arg>
<arg>${SEARCH_TERM}</arg>
</arguments>
<msg timestamp="20200907 13:40:31.286" level="INFO">Typing text 'kitsune udon' into text field 'twotabsearchtextbox'.</msg>
<status status="PASS" starttime="20200907 13:40:31.285" endtime="20200907 13:40:31.433"></status>
</kw>
<status status="PASS" starttime="20200907 13:40:31.285" endtime="20200907 13:40:31.433"></status>
</kw>
<kw name="Click The Search Button" library="Product">
<kw name="Click Element" library="SeleniumLibrary">
<doc>Click the element identified by ``locator``.</doc>
<arguments>
<arg>${TOPNAV_SEARCH_BUTTON}</arg>
</arguments>
<msg timestamp="20200907 13:40:31.434" level="INFO">Clicking element 'xpath=//div[@id='nav-search']/form[@role='search']//div[@class='nav-search-submit nav-sprite']'.</msg>
<status status="PASS" starttime="20200907 13:40:31.434" endtime="20200907 13:40:33.857"></status>
</kw>
<kw name="Wait Until Page Contains" library="SeleniumLibrary">
<doc>Waits until ``text`` appears on the current page.</doc>
<arguments>
<arg>results for "${SEARCH_TERM}"</arg>
</arguments>
<status status="PASS" starttime="20200907 13:40:33.857" endtime="20200907 13:40:33.978"></status>
</kw>
<status status="PASS" starttime="20200907 13:40:31.433" endtime="20200907 13:40:33.978"></status>
</kw>
<status status="PASS" starttime="20200907 13:40:29.361" endtime="20200907 13:40:33.978"></status>
</kw>
<kw name="End Web Test" library="Common" type="teardown">
<kw name="Close Browser" library="SeleniumLibrary">
<doc>Closes the current browser.</doc>
<status status="PASS" starttime="20200907 13:40:33.981" endtime="20200907 13:40:34.716"></status>
</kw>
<status status="PASS" starttime="20200907 13:40:33.979" endtime="20200907 13:40:34.717"></status>
</kw>
<tags>
<tag>Smoke</tag>
</tags>
<status status="PASS" starttime="20200907 13:40:25.539" endtime="20200907 13:40:34.717" critical="yes"></status>
</test>
<test id="s1-t3" name="Logged out user should be able to view a product">
<kw name="Begin Web Test" library="Common" type="setup">
<kw name="Open Browser" library="SeleniumLibrary">
<doc>Opens a new browser instance to the optional ``url``.</doc>
<arguments>
<arg>about:blank</arg>
<arg>${BROWSER}</arg>
</arguments>
<msg timestamp="20200907 13:40:34.719" level="INFO">Opening browser 'firefox' to base url 'about:blank'.</msg>
<msg timestamp="20200907 13:40:34.719" level="INFO">Firefox driver log is always forced to to: /Users/anrisawada/20projects/robot-scripts/keyword-demo/Results/geckodriver-13.log</msg>
<status status="PASS" starttime="20200907 13:40:34.718" endtime="20200907 13:40:38.338"></status>
</kw>
<status status="PASS" starttime="20200907 13:40:34.718" endtime="20200907 13:40:38.340"></status>
</kw>
<kw name="Search for Products" library="AmazonApp">
<kw name="Load" library="LandingPage">
<kw name="Go To" library="SeleniumLibrary">
<doc>Navigates the current browser window to the provided ``url``.</doc>
<arguments>
<arg>${START_URL}</arg>
</arguments>
<msg timestamp="20200907 13:40:38.348" level="INFO">Opening url 'https://www.amazon.com'</msg>
<status status="PASS" starttime="20200907 13:40:38.348" endtime="20200907 13:40:42.709"></status>
</kw>
<status status="PASS" starttime="20200907 13:40:38.346" endtime="20200907 13:40:42.709"></status>
</kw>
<kw name="Verify Page Loaded" library="LandingPage">
<kw name="Wait Until Page Contains" library="SeleniumLibrary">
<doc>Waits until ``text`` appears on the current page.</doc>
<arguments>
<arg>Hello, Sign in</arg>
</arguments>
<status status="PASS" starttime="20200907 13:40:42.710" endtime="20200907 13:40:42.878"></status>
</kw>
<status status="PASS" starttime="20200907 13:40:42.709" endtime="20200907 13:40:42.878"></status>
</kw>
<kw name="Input Product" library="Product">
<kw name="Input Text" library="SeleniumLibrary">
<doc>Types the given ``text`` into the text field identified by ``locator``.</doc>
<arguments>
<arg>${TOPNAV_SEARCH_BAR}</arg>
<arg>${SEARCH_TERM}</arg>
</arguments>
<msg timestamp="20200907 13:40:42.880" level="INFO">Typing text 'kitsune udon' into text field 'twotabsearchtextbox'.</msg>
<status status="PASS" starttime="20200907 13:40:42.879" endtime="20200907 13:40:43.370"></status>
</kw>
<status status="PASS" starttime="20200907 13:40:42.879" endtime="20200907 13:40:43.371"></status>
</kw>
<kw name="Click The Search Button" library="Product">
<kw name="Click Element" library="SeleniumLibrary">
<doc>Click the element identified by ``locator``.</doc>
<arguments>
<arg>${TOPNAV_SEARCH_BUTTON}</arg>
</arguments>
<msg timestamp="20200907 13:40:43.373" level="INFO">Clicking element 'xpath=//div[@id='nav-search']/form[@role='search']//div[@class='nav-search-submit nav-sprite']'.</msg>
<status status="PASS" starttime="20200907 13:40:43.372" endtime="20200907 13:40:45.389"></status>
</kw>
<kw name="Wait Until Page Contains" library="SeleniumLibrary">
<doc>Waits until ``text`` appears on the current page.</doc>
<arguments>
<arg>results for "${SEARCH_TERM}"</arg>
</arguments>
<status status="PASS" starttime="20200907 13:40:45.389" endtime="20200907 13:40:45.544"></status>
</kw>
<status status="PASS" starttime="20200907 13:40:43.371" endtime="20200907 13:40:45.545"></status>
</kw>
<status status="PASS" starttime="20200907 13:40:38.344" endtime="20200907 13:40:45.545"></status>
</kw>
<kw name="Select Product from Search Results" library="AmazonApp">
<kw name="Select from result page" library="SearchResults">
<kw name="Click Link" library="SeleniumLibrary">
<doc>Clicks a link identified by ``locator``.</doc>
<arguments>
<arg>link=Maruchan Aka Kitsune Udon Cup, 3.39-Ounce Units (Pack of 12)</arg>
</arguments>
<msg timestamp="20200907 13:40:45.547" level="INFO">Clicking link 'link=Maruchan Aka Kitsune Udon Cup, 3.39-Ounce Units (Pack of 12)'.</msg>
<status status="PASS" starttime="20200907 13:40:45.546" endtime="20200907 13:40:50.363"></status>
</kw>
<status status="PASS" starttime="20200907 13:40:45.546" endtime="20200907 13:40:50.363"></status>
</kw>
<status status="PASS" starttime="20200907 13:40:45.545" endtime="20200907 13:40:50.364"></status>
</kw>
<kw name="End Web Test" library="Common" type="teardown">
<kw name="Close Browser" library="SeleniumLibrary">
<doc>Closes the current browser.</doc>
<status status="PASS" starttime="20200907 13:40:50.365" endtime="20200907 13:40:51.246"></status>
</kw>
<status status="PASS" starttime="20200907 13:40:50.364" endtime="20200907 13:40:51.246"></status>
</kw>
<tags>
<tag>Smoke</tag>
</tags>
<status status="PASS" starttime="20200907 13:40:34.717" endtime="20200907 13:40:51.246" critical="yes"></status>
</test>
<test id="s1-t4" name="Logged out user should be able to add product to a cart">
<kw name="Begin Web Test" library="Common" type="setup">
<kw name="Open Browser" library="SeleniumLibrary">
<doc>Opens a new browser instance to the optional ``url``.</doc>
<arguments>
<arg>about:blank</arg>
<arg>${BROWSER}</arg>
</arguments>
<msg timestamp="20200907 13:40:51.250" level="INFO">Opening browser 'firefox' to base url 'about:blank'.</msg>
<msg timestamp="20200907 13:40:51.250" level="INFO">Firefox driver log is always forced to to: /Users/anrisawada/20projects/robot-scripts/keyword-demo/Results/geckodriver-14.log</msg>
<status status="PASS" starttime="20200907 13:40:51.249" endtime="20200907 13:40:55.372"></status>
</kw>
<status status="PASS" starttime="20200907 13:40:51.249" endtime="20200907 13:40:55.372"></status>
</kw>
<kw name="Search for Products" library="AmazonApp">
<kw name="Load" library="LandingPage">
<kw name="Go To" library="SeleniumLibrary">
<doc>Navigates the current browser window to the provided ``url``.</doc>
<arguments>
<arg>${START_URL}</arg>
</arguments>
<msg timestamp="20200907 13:40:55.375" level="INFO">Opening url 'https://www.amazon.com'</msg>
<status status="PASS" starttime="20200907 13:40:55.374" endtime="20200907 13:40:56.469"></status>
</kw>
<status status="PASS" starttime="20200907 13:40:55.374" endtime="20200907 13:40:56.469"></status>
</kw>
<kw name="Verify Page Loaded" library="LandingPage">
<kw name="Wait Until Page Contains" library="SeleniumLibrary">
<doc>Waits until ``text`` appears on the current page.</doc>
<arguments>
<arg>Hello, Sign in</arg>
</arguments>
<status status="PASS" starttime="20200907 13:40:56.470" endtime="20200907 13:40:56.741"></status>
</kw>
<status status="PASS" starttime="20200907 13:40:56.469" endtime="20200907 13:40:56.741"></status>
</kw>
<kw name="Input Product" library="Product">
<kw name="Input Text" library="SeleniumLibrary">
<doc>Types the given ``text`` into the text field identified by ``locator``.</doc>
<arguments>
<arg>${TOPNAV_SEARCH_BAR}</arg>
<arg>${SEARCH_TERM}</arg>
</arguments>
<msg timestamp="20200907 13:40:56.742" level="INFO">Typing text 'kitsune udon' into text field 'twotabsearchtextbox'.</msg>
<status status="PASS" starttime="20200907 13:40:56.742" endtime="20200907 13:40:57.201"></status>
</kw>
<status status="PASS" starttime="20200907 13:40:56.741" endtime="20200907 13:40:57.201"></status>
</kw>
<kw name="Click The Search Button" library="Product">
<kw name="Click Element" library="SeleniumLibrary">
<doc>Click the element identified by ``locator``.</doc>
<arguments>
<arg>${TOPNAV_SEARCH_BUTTON}</arg>
</arguments>
<msg timestamp="20200907 13:40:57.202" level="INFO">Clicking element 'xpath=//div[@id='nav-search']/form[@role='search']//div[@class='nav-search-submit nav-sprite']'.</msg>
<status status="PASS" starttime="20200907 13:40:57.202" endtime="20200907 13:40:59.882"></status>
</kw>
<kw name="Wait Until Page Contains" library="SeleniumLibrary">
<doc>Waits until ``text`` appears on the current page.</doc>
<arguments>
<arg>results for "${SEARCH_TERM}"</arg>
</arguments>
<status status="PASS" starttime="20200907 13:40:59.882" endtime="20200907 13:41:00.044"></status>
</kw>
<status status="PASS" starttime="20200907 13:40:57.201" endtime="20200907 13:41:00.044"></status>
</kw>
<status status="PASS" starttime="20200907 13:40:55.373" endtime="20200907 13:41:00.044"></status>
</kw>
<kw name="Select Product from Search Results" library="AmazonApp">
<kw name="Select from result page" library="SearchResults">
<kw name="Click Link" library="SeleniumLibrary">
<doc>Clicks a link identified by ``locator``.</doc>
<arguments>
<arg>link=Maruchan Aka Kitsune Udon Cup, 3.39-Ounce Units (Pack of 12)</arg>
</arguments>
<msg timestamp="20200907 13:41:00.046" level="INFO">Clicking link 'link=Maruchan Aka Kitsune Udon Cup, 3.39-Ounce Units (Pack of 12)'.</msg>
<status status="PASS" starttime="20200907 13:41:00.045" endtime="20200907 13:41:05.144"></status>
</kw>
<status status="PASS" starttime="20200907 13:41:00.045" endtime="20200907 13:41:05.144"></status>
</kw>
<status status="PASS" starttime="20200907 13:41:00.045" endtime="20200907 13:41:05.144"></status>
</kw>
<kw name="Add Product to Cart" library="AmazonApp">
<kw name="Add to List" library="Cart">
<kw name="Click Link" library="SeleniumLibrary">
<doc>Clicks a link identified by ``locator``.</doc>
<arguments>
<arg>id=wishListMainButton-announce</arg>
</arguments>
<msg timestamp="20200907 13:41:05.146" level="INFO">Clicking link 'id=wishListMainButton-announce'.</msg>
<status status="PASS" starttime="20200907 13:41:05.146" endtime="20200907 13:41:06.840"></status>
</kw>
<status status="PASS" starttime="20200907 13:41:05.145" endtime="20200907 13:41:06.841"></status>
</kw>
<status status="PASS" starttime="20200907 13:41:05.144" endtime="20200907 13:41:06.841"></status>
</kw>
<kw name="Begin Checkout" library="AmazonApp">
<kw name="Wait Sign-In title" library="Signin">
<kw name="Wait Until Page Contains" library="SeleniumLibrary">
<doc>Waits until ``text`` appears on the current page.</doc>
<arguments>
<arg>${SIGNIN_MAIN_HEADING}</arg>
</arguments>
<kw name="Capture Page Screenshot" library="SeleniumLibrary">
<doc>Takes a screenshot of the current page and embeds it into a log file.</doc>
<msg timestamp="20200907 13:41:12.048" level="INFO" html="yes">&lt;/td&gt;&lt;/tr&gt;&lt;tr&gt;&lt;td colspan="3"&gt;&lt;a href="selenium-screenshot-4.png"&gt;&lt;img src="selenium-screenshot-4.png" width="800px"&gt;&lt;/a&gt;</msg>
<status status="PASS" starttime="20200907 13:41:11.916" endtime="20200907 13:41:12.048"></status>
</kw>
<msg timestamp="20200907 13:41:12.053" level="FAIL">Text 'xpath=//h1' did not appear in 5 seconds.</msg>
<status status="FAIL" starttime="20200907 13:41:06.845" endtime="20200907 13:41:12.053"></status>
</kw>
<status status="FAIL" starttime="20200907 13:41:06.845" endtime="20200907 13:41:12.054"></status>
</kw>
<status status="FAIL" starttime="20200907 13:41:06.844" endtime="20200907 13:41:12.054"></status>
</kw>
<kw name="End Web Test" library="Common" type="teardown">
<kw name="Close Browser" library="SeleniumLibrary">
<doc>Closes the current browser.</doc>
<status status="PASS" starttime="20200907 13:41:12.055" endtime="20200907 13:41:12.679"></status>
</kw>
<status status="PASS" starttime="20200907 13:41:12.054" endtime="20200907 13:41:12.679"></status>
</kw>
<doc>This is some basic info about the test</doc>
<tags>
<tag>Smoke</tag>
</tags>
<status status="FAIL" starttime="20200907 13:40:51.247" endtime="20200907 13:41:12.679" critical="yes">Text 'xpath=//h1' did not appear in 5 seconds.</status>
</test>
<doc>This is some basic info about the whole suite</doc>
<status status="FAIL" starttime="20200907 13:40:21.639" endtime="20200907 13:41:12.681"></status>
</suite>
<statistics>
<total>
<stat pass="2" fail="2">Critical Tests</stat>
<stat pass="2" fail="2">All Tests</stat>
</total>
<tag>
<stat pass="2" fail="1">Smoke</stat>
</tag>
<suite>
<stat pass="2" fail="2" id="s1" name="Demo">Demo</stat>
</suite>
</statistics>
<errors>
<msg timestamp="20200907 13:40:21.953" level="WARN">Imported resource file '/Users/anrisawada/20projects/robot-scripts/keyword-demo/Resources/PO/TopNav.robot' is empty.</msg>
</errors>
</robot>
