<?xml version="1.0" encoding="UTF-8"?>
<robot generator="Robot 3.2.1 (Python 3.8.5 on darwin)" generated="20200822 14:14:07.928" rpa="false">
<suite id="s1" name="Demo" source="/Users/anrisawada/20projects/robot-scripts/keyword-demo/Tests/demo.robot">
<test id="s1-t1" name="User must sign in to check out">
<kw name="Begin Web Test" library="Common">
<kw name="Open Browser" library="SeleniumLibrary">
<doc>Opens a new browser instance to the optional ``url``.</doc>
<arguments>
<arg>about:blank</arg>
<arg>firefox</arg>
</arguments>
<msg timestamp="20200822 14:14:08.227" level="INFO">Opening browser 'firefox' to base url 'about:blank'.</msg>
<msg timestamp="20200822 14:14:08.228" level="INFO">Firefox driver log is always forced to to: /Users/anrisawada/20projects/robot-scripts/keyword-demo/Results/geckodriver-3.log</msg>
<status status="PASS" starttime="20200822 14:14:08.227" endtime="20200822 14:14:13.824"></status>
</kw>
<status status="PASS" starttime="20200822 14:14:08.226" endtime="20200822 14:14:13.825"></status>
</kw>
<kw name="Search for Products" library="Amazon">
<kw name="Go To" library="SeleniumLibrary">
<doc>Navigates the current browser window to the provided ``url``.</doc>
<arguments>
<arg>https://www.amazon.com</arg>
</arguments>
<msg timestamp="20200822 14:14:13.827" level="INFO">Opening url 'https://www.amazon.com'</msg>
<status status="PASS" starttime="20200822 14:14:13.827" endtime="20200822 14:14:14.988"></status>
</kw>
<kw name="Wait Until Page Contains" library="SeleniumLibrary">
<doc>Waits until ``text`` appears on the current page.</doc>
<arguments>
<arg>Your Amazon.com</arg>
</arguments>
<kw name="Capture Page Screenshot" library="SeleniumLibrary">
<doc>Takes a screenshot of the current page and embeds it into a log file.</doc>
<msg timestamp="20200822 14:14:20.518" level="INFO" html="yes">&lt;/td&gt;&lt;/tr&gt;&lt;tr&gt;&lt;td colspan="3"&gt;&lt;a href="selenium-screenshot-2.png"&gt;&lt;img src="selenium-screenshot-2.png" width="800px"&gt;&lt;/a&gt;</msg>
<status status="PASS" starttime="20200822 14:14:20.075" endtime="20200822 14:14:20.518"></status>
</kw>
<msg timestamp="20200822 14:14:20.534" level="FAIL">Text 'Your Amazon.com' did not appear in 5 seconds.</msg>
<status status="FAIL" starttime="20200822 14:14:14.988" endtime="20200822 14:14:20.535"></status>
</kw>
<status status="FAIL" starttime="20200822 14:14:13.826" endtime="20200822 14:14:20.535"></status>
</kw>
<doc>This is some basic info about the test</doc>
<tags>
<tag>Smoke</tag>
</tags>
<status status="FAIL" starttime="20200822 14:14:08.226" endtime="20200822 14:14:20.536" critical="yes">Text 'Your Amazon.com' did not appear in 5 seconds.</status>
</test>
<doc>This is some basic info about the whole suite</doc>
<status status="FAIL" starttime="20200822 14:14:07.932" endtime="20200822 14:14:20.538"></status>
</suite>
<statistics>
<total>
<stat pass="0" fail="1">Critical Tests</stat>
<stat pass="0" fail="1">All Tests</stat>
</total>
<tag>
<stat pass="0" fail="1">Smoke</stat>
</tag>
<suite>
<stat pass="0" fail="1" id="s1" name="Demo">Demo</stat>
</suite>
</statistics>
<errors>
</errors>
</robot>
