<?xml version="1.0" encoding="UTF-8"?>
<robot generator="Robot 3.2.1 (Python 3.8.5 on darwin)" generated="20200817 23:25:21.417" rpa="false">
<suite id="s1" name="Locators" source="/Users/anrisawada/20projects/robot-scripts/amazon/Tests/Locators.robot">
<test id="s1-t1" name="Should be able to search for product">
<kw name="Open Browser" library="SeleniumLibrary">
<doc>Opens a new browser instance to the optional ``url``.</doc>
<arguments>
<arg>http://www.azmazon.com</arg>
<arg>firefox</arg>
</arguments>
<msg timestamp="20200817 23:25:21.573" level="INFO">Opening browser 'firefox' to base url 'http://www.azmazon.com'.</msg>
<msg timestamp="20200817 23:25:21.574" level="INFO">Firefox driver log is always forced to to: /Users/anrisawada/20projects/robot-scripts/amazon/Results/geckodriver-9.log</msg>
<status status="PASS" starttime="20200817 23:25:21.573" endtime="20200817 23:25:25.277"></status>
</kw>
<kw name="Sleep" library="BuiltIn">
<doc>Pauses the test executed for the given time.</doc>
<arguments>
<arg>2s</arg>
</arguments>
<msg timestamp="20200817 23:25:27.279" level="INFO">Slept 2 seconds</msg>
<status status="PASS" starttime="20200817 23:25:25.278" endtime="20200817 23:25:27.279"></status>
</kw>
<kw name="Input Text" library="SeleniumLibrary">
<doc>Types the given ``text`` into the text field identified by ``locator``.</doc>
<arguments>
<arg>id=twotabsearchtextbox</arg>
<arg>iPhone</arg>
</arguments>
<msg timestamp="20200817 23:25:27.280" level="INFO">Typing text 'iPhone' into text field 'id=twotabsearchtextbox'.</msg>
<status status="PASS" starttime="20200817 23:25:27.280" endtime="20200817 23:25:27.408"></status>
</kw>
<kw name="Sleep" library="BuiltIn">
<doc>Pauses the test executed for the given time.</doc>
<arguments>
<arg>3s</arg>
</arguments>
<msg timestamp="20200817 23:25:30.409" level="INFO">Slept 3 seconds</msg>
<status status="PASS" starttime="20200817 23:25:27.408" endtime="20200817 23:25:30.409"></status>
</kw>
<kw name="Press Keys" library="SeleniumLibrary">
<doc>Simulates the user pressing key(s) to an element or on the active browser.</doc>
<arguments>
<arg>\ ENTER</arg>
</arguments>
<kw name="Capture Page Screenshot" library="SeleniumLibrary">
<doc>Takes a screenshot of the current page and embeds it into a log file.</doc>
<msg timestamp="20200817 23:25:30.998" level="INFO" html="yes">&lt;/td&gt;&lt;/tr&gt;&lt;tr&gt;&lt;td colspan="3"&gt;&lt;a href="selenium-screenshot-9.png"&gt;&lt;img src="selenium-screenshot-9.png" width="800px"&gt;&lt;/a&gt;</msg>
<status status="PASS" starttime="20200817 23:25:30.410" endtime="20200817 23:25:30.998"></status>
</kw>
<msg timestamp="20200817 23:25:31.003" level="FAIL">"keys" argument can not be empty.</msg>
<status status="FAIL" starttime="20200817 23:25:30.410" endtime="20200817 23:25:31.003"></status>
</kw>
<status status="FAIL" starttime="20200817 23:25:21.572" endtime="20200817 23:25:31.004" critical="yes">"keys" argument can not be empty.</status>
</test>
<status status="FAIL" starttime="20200817 23:25:21.419" endtime="20200817 23:25:31.008"></status>
</suite>
<statistics>
<total>
<stat pass="0" fail="1">Critical Tests</stat>
<stat pass="0" fail="1">All Tests</stat>
</total>
<tag>
</tag>
<suite>
<stat pass="0" fail="1" id="s1" name="Locators">Locators</stat>
</suite>
</statistics>
<errors>
</errors>
</robot>
