<?xml version="1.0" encoding="UTF-8"?>
<robot generator="Robot 3.2.1 (Python 3.8.5 on darwin)" generated="20200814 07:39:45.475" rpa="false">
<suite id="s1" name="Amazon" source="/Users/anrisawada/20projects/robot-scripts/amazon/Tests/Amazon.robot">
<test id="s1-t1" name="User must sign in to check out">
<kw name="Open Browser" library="SeleniumLibrary">
<doc>Opens a new browser instance to the optional ``url``.</doc>
<arguments>
<arg>http://www.amazon.com</arg>
<arg>firefox</arg>
</arguments>
<msg timestamp="20200814 07:39:45.864" level="INFO">Opening browser 'firefox' to base url 'http://www.amazon.com'.</msg>
<msg timestamp="20200814 07:39:45.865" level="INFO">Firefox driver log is always forced to to: /Users/anrisawada/20projects/robot-scripts/amazon/Results/geckodriver-1.log</msg>
<status status="PASS" starttime="20200814 07:39:45.864" endtime="20200814 07:39:51.841"></status>
</kw>
<kw name="Wait Until Page Contains" library="SeleniumLibrary">
<doc>Waits until ``text`` appears on the current page.</doc>
<arguments>
<arg>Your Amazon.com</arg>
</arguments>
<kw name="Capture Page Screenshot" library="SeleniumLibrary">
<doc>Takes a screenshot of the current page and embeds it into a log file.</doc>
<msg timestamp="20200814 07:39:57.759" level="INFO" html="yes">&lt;/td&gt;&lt;/tr&gt;&lt;tr&gt;&lt;td colspan="3"&gt;&lt;a href="selenium-screenshot-1.png"&gt;&lt;img src="selenium-screenshot-1.png" width="800px"&gt;&lt;/a&gt;</msg>
<status status="PASS" starttime="20200814 07:39:56.867" endtime="20200814 07:39:57.759"></status>
</kw>
<msg timestamp="20200814 07:39:57.771" level="FAIL">Text 'Your Amazon.com' did not appear in 5 seconds.</msg>
<status status="FAIL" starttime="20200814 07:39:51.843" endtime="20200814 07:39:57.771"></status>
</kw>
<doc>This is same basic info about the test</doc>
<tags>
<tag>Smoke</tag>
</tags>
<status status="FAIL" starttime="20200814 07:39:45.863" endtime="20200814 07:39:57.771" critical="yes">Text 'Your Amazon.com' did not appear in 5 seconds.</status>
</test>
<doc>This is some basic info about the whole suite</doc>
<status status="FAIL" starttime="20200814 07:39:45.477" endtime="20200814 07:39:57.775"></status>
</suite>
<statistics>
<total>
<stat pass="0" fail="1">Critical Tests</stat>
<stat pass="0" fail="1">All Tests</stat>
</total>
<tag>
<stat pass="0" fail="1">Smoke</stat>
</tag>
<suite>
<stat pass="0" fail="1" id="s1" name="Amazon">Amazon</stat>
</suite>
</statistics>
<errors>
</errors>
</robot>
