<?xml version="1.0" encoding="UTF-8"?>
<robot generator="Robot 3.2.2 (Python 3.8.5 on darwin)" generated="20201111 10:03:56.907" rpa="false">
<suite id="s1" name="Cars" source="/Users/anrisawada/20projects/robot-scripts/data-driven-builtin/Tests/Cars.robot">
<test id="s1-t1" name="Invalid Login senarios should display correct error message">
<kw name="Test Multiple Login Scenarios">
<arguments>
<arg>${UNREGISTERED_USER}</arg>
</arguments>
<msg timestamp="20201111 10:03:56.985" level="FAIL">No keyword with name 'Test Multiple Login Scenarios' found.</msg>
<status status="FAIL" starttime="20201111 10:03:56.985" endtime="20201111 10:03:56.985"></status>
</kw>
<kw name="Test Multiple Login Scenarios">
<arguments>
<arg>${INVALID_PASSWORD_USER}</arg>
</arguments>
<msg timestamp="20201111 10:03:56.993" level="FAIL">No keyword with name 'Test Multiple Login Scenarios' found.</msg>
<status status="FAIL" starttime="20201111 10:03:56.993" endtime="20201111 10:03:56.993"></status>
</kw>
<kw name="Test Multiple Login Scenarios">
<arguments>
<arg>${BLANK_CREDENTIALS_USER}</arg>
</arguments>
<msg timestamp="20201111 10:03:56.995" level="FAIL">No keyword with name 'Test Multiple Login Scenarios' found.</msg>
<status status="FAIL" starttime="20201111 10:03:56.994" endtime="20201111 10:03:56.995"></status>
</kw>
<status status="FAIL" starttime="20201111 10:03:56.982" endtime="20201111 10:03:56.995" critical="yes">Several failures occurred:

1) No keyword with name 'Test Multiple Login Scenarios' found.

2) No keyword with name 'Test Multiple Login Scenarios' found.

3) No keyword with name 'Test Multiple Login Scenarios' found.</status>
</test>
<status status="FAIL" starttime="20201111 10:03:56.927" endtime="20201111 10:03:56.999"></status>
</suite>
<statistics>
<total>
<stat pass="0" fail="1">Critical Tests</stat>
<stat pass="0" fail="1">All Tests</stat>
</total>
<tag>
</tag>
<suite>
<stat pass="0" fail="1" id="s1" name="Cars">Cars</stat>
</suite>
</statistics>
<errors>
<msg timestamp="20201111 10:03:56.927" level="ERROR">Error in test case file '/Users/anrisawada/20projects/robot-scripts/data-driven-builtin/Tests/Cars.robot': Creating keyword 'Resource' failed: Keyword with same name defined multiple times.</msg>
<msg timestamp="20201111 10:03:56.928" level="ERROR">Error in test case file '/Users/anrisawada/20projects/robot-scripts/data-driven-builtin/Tests/Cars.robot': Creating keyword 'Resource' failed: Keyword with same name defined multiple times.</msg>
</errors>
</robot>
