<?xml version="1.0" encoding="UTF-8"?>
<robot generator="Robot 3.2.2 (Python 3.8.5 on darwin)" generated="20201110 07:49:37.854" rpa="false">
<suite id="s1" name="Cars" source="/Users/anrisawada/20projects/robot-scripts/data-driven-builtin/Tests/Cars.robot">
<test id="s1-t1" name="Invalid Login senarios should display correct error message">
<kw name="CarApps.Test Multiple Login Scenarios">
<arguments>
<arg>${UNREGISTERED_USER}</arg>
</arguments>
<msg timestamp="20201110 07:49:37.897" level="FAIL">No keyword with name 'CarApps.Test Multiple Login Scenarios' found.</msg>
<status status="FAIL" starttime="20201110 07:49:37.897" endtime="20201110 07:49:37.897"></status>
</kw>
<kw name="CarApps.Test Multiple Login Scenarios">
<arguments>
<arg>${INVALID_PASSWORD_USER}</arg>
</arguments>
<msg timestamp="20201110 07:49:37.899" level="FAIL">No keyword with name 'CarApps.Test Multiple Login Scenarios' found.</msg>
<status status="FAIL" starttime="20201110 07:49:37.899" endtime="20201110 07:49:37.899"></status>
</kw>
<kw name="CarApps.Test Multiple Login Scenarios">
<arguments>
<arg>${BLANK_CREDENTIALS_USER}</arg>
</arguments>
<msg timestamp="20201110 07:49:37.901" level="FAIL">No keyword with name 'CarApps.Test Multiple Login Scenarios' found.</msg>
<status status="FAIL" starttime="20201110 07:49:37.901" endtime="20201110 07:49:37.901"></status>
</kw>
<status status="FAIL" starttime="20201110 07:49:37.894" endtime="20201110 07:49:37.901" critical="yes">Several failures occurred:

1) No keyword with name 'CarApps.Test Multiple Login Scenarios' found.

2) No keyword with name 'CarApps.Test Multiple Login Scenarios' found.

3) No keyword with name 'CarApps.Test Multiple Login Scenarios' found.</status>
</test>
<status status="FAIL" starttime="20201110 07:49:37.862" endtime="20201110 07:49:37.901"></status>
</suite>
<statistics>
<total>
<stat pass="0" fail="1">Critical Tests</stat>
<stat pass="0" fail="1">All Tests</stat>
</total>
<tag>
</tag>
<suite>
<stat pass="0" fail="1" id="s1" name="Cars">Cars</stat>
</suite>
</statistics>
<errors>
<msg timestamp="20201110 07:49:37.862" level="ERROR">Error in test case file '/Users/anrisawada/20projects/robot-scripts/data-driven-builtin/Tests/Cars.robot': Creating keyword 'Resource' failed: Keyword with same name defined multiple times.</msg>
<msg timestamp="20201110 07:49:37.863" level="ERROR">Error in test case file '/Users/anrisawada/20projects/robot-scripts/data-driven-builtin/Tests/Cars.robot': Creating keyword 'Resource' failed: Keyword with same name defined multiple times.</msg>
</errors>
</robot>
